# JRE version: OpenJDK Runtime Environment (11.0.8+10) (build 11.0.8+10-b944.6842174)
# Java VM: OpenJDK 64-Bit Server VM (11.0.8+10-b944.6842174, mixed mode, tiered, compressed oops, g1 gc, windows-amd64)
Heap:
 garbage-first heap   total 157696K, used 80759K [0x0000000080000000, 0x0000000100000000)
  region size 1024K, 7 young (7168K), 6 survivors (6144K)
 Metaspace       used 72230K, capacity 73930K, committed 73984K, reserved 1114112K
  class space    used 9373K, capacity 9975K, committed 9984K, reserved 1048576K
GC Heap History (20 events):
Event: 6.284 GC heap before
{Heap before GC invocations=6 (full 0):
 garbage-first heap   total 131072K, used 39991K [0x0000000080000000, 0x0000000100000000)
  region size 1024K, 15 young (15360K), 7 survivors (7168K)
 Metaspace       used 35016K, capacity 35803K, committed 35840K, reserved 1081344K
  class space    used 4549K, capacity 4830K, committed 4864K, reserved 1048576K
}
Event: 6.308 GC heap after
{Heap after GC invocations=7 (full 0):
 garbage-first heap   total 131072K, used 34829K [0x0000000080000000, 0x0000000100000000)
  region size 1024K, 2 young (2048K), 2 survivors (2048K)
 Metaspace       used 35016K, capacity 35803K, committed 35840K, reserved 1081344K
  class space    used 4549K, capacity 4830K, committed 4864K, reserved 1048576K
}
Event: 6.987 GC heap before
{Heap before GC invocations=8 (full 0):
 garbage-first heap   total 131072K, used 74765K [0x0000000080000000, 0x0000000100000000)
  region size 1024K, 39 young (39936K), 2 survivors (2048K)
 Metaspace       used 39723K, capacity 40593K, committed 40832K, reserved 1085440K
  class space    used 5099K, capacity 5429K, committed 5504K, reserved 1048576K
}
Event: 6.992 GC heap after
{Heap after GC invocations=9 (full 0):
 garbage-first heap   total 131072K, used 36205K [0x0000000080000000, 0x0000000100000000)
  region size 1024K, 4 young (4096K), 4 survivors (4096K)
 Metaspace       used 39723K, capacity 40593K, committed 40832K, reserved 1085440K
  class space    used 5099K, capacity 5429K, committed 5504K, reserved 1048576K
}
Event: 7.550 GC heap before
{Heap before GC invocations=9 (full 0):
 garbage-first heap   total 131072K, used 83309K [0x0000000080000000, 0x0000000100000000)
  region size 1024K, 43 young (44032K), 4 survivors (4096K)
 Metaspace       used 42850K, capacity 44032K, committed 44288K, reserved 1087488K
  class space    used 5449K, capacity 5840K, committed 5888K, reserved 1048576K
}
Event: 7.556 GC heap after
{Heap after GC invocations=10 (full 0):
 garbage-first heap   total 131072K, used 48173K [0x0000000080000000, 0x0000000100000000)
  region size 1024K, 6 young (6144K), 6 survivors (6144K)
 Metaspace       used 42850K, capacity 44032K, committed 44288K, reserved 1087488K
  class space    used 5449K, capacity 5840K, committed 5888K, reserved 1048576K
}
Event: 7.930 GC heap before
{Heap before GC invocations=10 (full 0):
 garbage-first heap   total 131072K, used 86061K [0x0000000080000000, 0x0000000100000000)
  region size 1024K, 43 young (44032K), 6 survivors (6144K)
 Metaspace       used 44990K, capacity 46334K, committed 46464K, reserved 1089536K
  class space    used 5799K, capacity 6202K, committed 6272K, reserved 1048576K
}
Event: 7.937 GC heap after
{Heap after GC invocations=11 (full 0):
 garbage-first heap   total 131072K, used 51258K [0x0000000080000000, 0x0000000100000000)
  region size 1024K, 3 young (3072K), 3 survivors (3072K)
 Metaspace       used 44990K, capacity 46334K, committed 46464K, reserved 1089536K
  class space    used 5799K, capacity 6202K, committed 6272K, reserved 1048576K
}
Event: 8.591 GC heap before
{Heap before GC invocations=11 (full 0):
 garbage-first heap   total 131072K, used 90170K [0x0000000080000000, 0x0000000100000000)
  region size 1024K, 41 young (41984K), 3 survivors (3072K)
 Metaspace       used 46938K, capacity 48236K, committed 48512K, reserved 1091584K
  class space    used 6029K, capacity 6445K, committed 6528K, reserved 1048576K
}
Event: 8.597 GC heap after
{Heap after GC invocations=12 (full 0):
 garbage-first heap   total 131072K, used 52893K [0x0000000080000000, 0x0000000100000000)
  region size 1024K, 5 young (5120K), 5 survivors (5120K)
 Metaspace       used 46938K, capacity 48236K, committed 48512K, reserved 1091584K
  class space    used 6029K, capacity 6445K, committed 6528K, reserved 1048576K
}
Event: 9.100 GC heap before
{Heap before GC invocations=12 (full 0):
 garbage-first heap   total 131072K, used 98973K [0x0000000080000000, 0x0000000100000000)
  region size 1024K, 44 young (45056K), 5 survivors (5120K)
 Metaspace       used 50967K, capacity 52413K, committed 52608K, reserved 1095680K
  class space    used 6506K, capacity 6940K, committed 7040K, reserved 1048576K
}
Event: 9.116 GC heap after
{Heap after GC invocations=13 (full 0):
 garbage-first heap   total 131072K, used 67144K [0x0000000080000000, 0x0000000100000000)
  region size 1024K, 6 young (6144K), 6 survivors (6144K)
 Metaspace       used 50967K, capacity 52413K, committed 52608K, reserved 1095680K
  class space    used 6506K, capacity 6940K, committed 7040K, reserved 1048576K
}
Event: 9.641 GC heap before
{Heap before GC invocations=13 (full 0):
 garbage-first heap   total 131072K, used 99912K [0x0000000080000000, 0x0000000100000000)
  region size 1024K, 38 young (38912K), 6 survivors (6144K)
 Metaspace       used 55201K, capacity 56745K, committed 56960K, reserved 1099776K
  class space    used 7053K, capacity 7529K, committed 7552K, reserved 1048576K
}
Event: 9.650 GC heap after
{Heap after GC invocations=14 (full 0):
 garbage-first heap   total 157696K, used 68626K [0x0000000080000000, 0x0000000100000000)
  region size 1024K, 2 young (2048K), 2 survivors (2048K)
 Metaspace       used 55201K, capacity 56745K, committed 56960K, reserved 1099776K
  class space    used 7053K, capacity 7529K, committed 7552K, reserved 1048576K
}
Event: 10.247 GC heap before
{Heap before GC invocations=15 (full 0):
 garbage-first heap   total 157696K, used 110610K [0x0000000080000000, 0x0000000100000000)
  region size 1024K, 43 young (44032K), 2 survivors (2048K)
 Metaspace       used 59942K, capacity 61614K, committed 61696K, reserved 1103872K
  class space    used 7651K, capacity 8185K, committed 8192K, reserved 1048576K
}
Event: 10.253 GC heap after
{Heap after GC invocations=16 (full 0):
 garbage-first heap   total 157696K, used 72207K [0x0000000080000000, 0x0000000100000000)
  region size 1024K, 5 young (5120K), 5 survivors (5120K)
 Metaspace       used 59942K, capacity 61614K, committed 61696K, reserved 1103872K
  class space    used 7651K, capacity 8185K, committed 8192K, reserved 1048576K
}
Event: 10.951 GC heap before
{Heap before GC invocations=16 (full 0):
 garbage-first heap   total 157696K, used 116239K [0x0000000080000000, 0x0000000100000000)
  region size 1024K, 47 young (48128K), 5 survivors (5120K)
 Metaspace       used 63396K, capacity 65042K, committed 65280K, reserved 1105920K
  class space    used 8078K, capacity 8638K, committed 8704K, reserved 1048576K
}
Event: 10.959 GC heap after
{Heap after GC invocations=17 (full 0):
 garbage-first heap   total 157696K, used 75153K [0x0000000080000000, 0x0000000100000000)
  region size 1024K, 4 young (4096K), 4 survivors (4096K)
 Metaspace       used 63396K, capacity 65042K, committed 65280K, reserved 1105920K
  class space    used 8078K, capacity 8638K, committed 8704K, reserved 1048576K
}
Event: 11.518 GC heap before
{Heap before GC invocations=17 (full 0):
 garbage-first heap   total 157696K, used 117137K [0x0000000080000000, 0x0000000100000000)
  region size 1024K, 45 young (46080K), 4 survivors (4096K)
 Metaspace       used 67402K, capacity 69197K, committed 69248K, reserved 1110016K
  class space    used 8734K, capacity 9321K, committed 9344K, reserved 1048576K
}
Event: 11.528 GC heap after
{Heap after GC invocations=18 (full 0):
 garbage-first heap   total 157696K, used 77954K [0x0000000080000000, 0x0000000100000000)
  region size 1024K, 6 young (6144K), 6 survivors (6144K)
 Metaspace       used 67402K, capacity 69197K, committed 69248K, reserved 1110016K
  class space    used 8734K, capacity 9321K, committed 9344K, reserved 1048576K
}

