# JRE version: OpenJDK Runtime Environment (11.0.8+10) (build 11.0.8+10-b944.6842174)
# Java VM: OpenJDK 64-Bit Server VM (11.0.8+10-b944.6842174, mixed mode, tiered, compressed oops, g1 gc, windows-amd64)
Heap:
 garbage-first heap   total 157696K, used 72704K [0x0000000080000000, 0x0000000100000000)
  region size 1024K, 5 young (5120K), 5 survivors (5120K)
 Metaspace       used 43146K, capacity 44049K, committed 44156K, reserved 1087488K
  class space    used 5450K, capacity 5810K, committed 5888K, reserved 1048576K
GC Heap History (17 events):
Event: 0.822 GC heap before
{Heap before GC invocations=0 (full 0):
 garbage-first heap   total 131072K, used 29696K [0x0000000080000000, 0x0000000100000000)
  region size 1024K, 24 young (24576K), 0 survivors (0K)
 Metaspace       used 10455K, capacity 10645K, committed 11008K, reserved 1058816K
  class space    used 1094K, capacity 1163K, committed 1280K, reserved 1048576K
}
Event: 0.826 GC heap after
{Heap after GC invocations=1 (full 0):
 garbage-first heap   total 131072K, used 9075K [0x0000000080000000, 0x0000000100000000)
  region size 1024K, 3 young (3072K), 3 survivors (3072K)
 Metaspace       used 10455K, capacity 10645K, committed 11008K, reserved 1058816K
  class space    used 1094K, capacity 1163K, committed 1280K, reserved 1048576K
}
Event: 2.212 GC heap before
{Heap before GC invocations=1 (full 0):
 garbage-first heap   total 131072K, used 82803K [0x0000000080000000, 0x0000000100000000)
  region size 1024K, 76 young (77824K), 3 survivors (3072K)
 Metaspace       used 18915K, capacity 19280K, committed 19328K, reserved 1067008K
  class space    used 2277K, capacity 2405K, committed 2432K, reserved 1048576K
}
Event: 2.219 GC heap after
{Heap after GC invocations=2 (full 0):
 garbage-first heap   total 131072K, used 15798K [0x0000000080000000, 0x0000000100000000)
  region size 1024K, 10 young (10240K), 10 survivors (10240K)
 Metaspace       used 18915K, capacity 19280K, committed 19328K, reserved 1067008K
  class space    used 2277K, capacity 2405K, committed 2432K, reserved 1048576K
}
Event: 2.326 GC heap before
{Heap before GC invocations=2 (full 0):
 garbage-first heap   total 131072K, used 28086K [0x0000000080000000, 0x0000000100000000)
  region size 1024K, 23 young (23552K), 10 survivors (10240K)
 Metaspace       used 20580K, capacity 21139K, committed 21296K, reserved 1069056K
  class space    used 2514K, capacity 2688K, committed 2688K, reserved 1048576K
}
Event: 2.331 GC heap after
{Heap after GC invocations=3 (full 0):
 garbage-first heap   total 131072K, used 16057K [0x0000000080000000, 0x0000000100000000)
  region size 1024K, 1 young (1024K), 1 survivors (1024K)
 Metaspace       used 20580K, capacity 21139K, committed 21296K, reserved 1069056K
  class space    used 2514K, capacity 2688K, committed 2688K, reserved 1048576K
}
Event: 2.783 GC heap before
{Heap before GC invocations=4 (full 0):
 garbage-first heap   total 131072K, used 77497K [0x0000000080000000, 0x0000000100000000)
  region size 1024K, 53 young (54272K), 1 survivors (1024K)
 Metaspace       used 26190K, capacity 26881K, committed 27184K, reserved 1073152K
  class space    used 3414K, capacity 3653K, committed 3712K, reserved 1048576K
}
Event: 2.786 GC heap after
{Heap after GC invocations=5 (full 0):
 garbage-first heap   total 131072K, used 28886K [0x0000000080000000, 0x0000000100000000)
  region size 1024K, 5 young (5120K), 5 survivors (5120K)
 Metaspace       used 26190K, capacity 26881K, committed 27184K, reserved 1073152K
  class space    used 3414K, capacity 3653K, committed 3712K, reserved 1048576K
}
Event: 3.298 GC heap before
{Heap before GC invocations=5 (full 0):
 garbage-first heap   total 131072K, used 79062K [0x0000000080000000, 0x0000000100000000)
  region size 1024K, 55 young (56320K), 5 survivors (5120K)
 Metaspace       used 34811K, capacity 35574K, committed 35708K, reserved 1081344K
  class space    used 4524K, capacity 4798K, committed 4864K, reserved 1048576K
}
Event: 3.306 GC heap after
{Heap after GC invocations=6 (full 0):
 garbage-first heap   total 131072K, used 32676K [0x0000000080000000, 0x0000000100000000)
  region size 1024K, 8 young (8192K), 8 survivors (8192K)
 Metaspace       used 34811K, capacity 35574K, committed 35708K, reserved 1081344K
  class space    used 4524K, capacity 4798K, committed 4864K, reserved 1048576K
}
Event: 3.901 GC heap before
{Heap before GC invocations=7 (full 0):
 garbage-first heap   total 131072K, used 94116K [0x0000000080000000, 0x0000000100000000)
  region size 1024K, 62 young (63488K), 8 survivors (8192K)
 Metaspace       used 41806K, capacity 42747K, committed 43004K, reserved 1087488K
  class space    used 5318K, capacity 5699K, committed 5760K, reserved 1048576K
}
Event: 3.907 GC heap after
{Heap after GC invocations=8 (full 0):
 garbage-first heap   total 131072K, used 40771K [0x0000000080000000, 0x0000000100000000)
  region size 1024K, 8 young (8192K), 8 survivors (8192K)
 Metaspace       used 41806K, capacity 42747K, committed 43004K, reserved 1087488K
  class space    used 5318K, capacity 5699K, committed 5760K, reserved 1048576K
}
Event: 4.195 GC heap before
{Heap before GC invocations=8 (full 0):
 garbage-first heap   total 131072K, used 97091K [0x0000000080000000, 0x0000000100000000)
  region size 1024K, 60 young (61440K), 8 survivors (8192K)
 Metaspace       used 43142K, capacity 44049K, committed 44156K, reserved 1087488K
  class space    used 5449K, capacity 5810K, committed 5888K, reserved 1048576K
}
Event: 4.204 GC heap after
{Heap after GC invocations=9 (full 0):
 garbage-first heap   total 131072K, used 58806K [0x0000000080000000, 0x0000000100000000)
  region size 1024K, 8 young (8192K), 8 survivors (8192K)
 Metaspace       used 43142K, capacity 44049K, committed 44156K, reserved 1087488K
  class space    used 5449K, capacity 5810K, committed 5888K, reserved 1048576K
}
Event: 4.309 GC heap before
{Heap before GC invocations=9 (full 0):
 garbage-first heap   total 131072K, used 95670K [0x0000000080000000, 0x0000000100000000)
  region size 1024K, 44 young (45056K), 8 survivors (8192K)
 Metaspace       used 43144K, capacity 44049K, committed 44156K, reserved 1087488K
  class space    used 5449K, capacity 5810K, committed 5888K, reserved 1048576K
}
Event: 4.315 GC heap after
{Heap after GC invocations=10 (full 0):
 garbage-first heap   total 131072K, used 69560K [0x0000000080000000, 0x0000000100000000)
  region size 1024K, 6 young (6144K), 6 survivors (6144K)
 Metaspace       used 43144K, capacity 44049K, committed 44156K, reserved 1087488K
  class space    used 5449K, capacity 5810K, committed 5888K, reserved 1048576K
}
Event: 4.390 GC heap before
{Heap before GC invocations=10 (full 0):
 garbage-first heap   total 131072K, used 99256K [0x0000000080000000, 0x0000000100000000)
  region size 1024K, 35 young (35840K), 6 survivors (6144K)
 Metaspace       used 43146K, capacity 44049K, committed 44156K, reserved 1087488K
  class space    used 5450K, capacity 5810K, committed 5888K, reserved 1048576K
}

