# JRE version: OpenJDK Runtime Environment (11.0.8+10) (build 11.0.8+10-b944.6842174)
# Java VM: OpenJDK 64-Bit Server VM (11.0.8+10-b944.6842174, mixed mode, tiered, compressed oops, g1 gc, windows-amd64)
Heap:
 garbage-first heap   total 157696K, used 103054K [0x0000000080000000, 0x0000000100000000)
  region size 1024K, 6 young (6144K), 3 survivors (3072K)
 Metaspace       used 95334K, capacity 97816K, committed 98048K, reserved 1134592K
  class space    used 12077K, capacity 12931K, committed 13056K, reserved 1048576K
GC Heap History (20 events):
Event: 12.868 GC heap before
{Heap before GC invocations=13 (full 0):
 garbage-first heap   total 157696K, used 107667K [0x0000000080000000, 0x0000000100000000)
  region size 1024K, 62 young (63488K), 6 survivors (6144K)
 Metaspace       used 62571K, capacity 64034K, committed 64256K, reserved 1105920K
  class space    used 7922K, capacity 8435K, committed 8448K, reserved 1048576K
}
Event: 12.876 GC heap after
{Heap after GC invocations=14 (full 0):
 garbage-first heap   total 157696K, used 53807K [0x0000000080000000, 0x0000000100000000)
  region size 1024K, 5 young (5120K), 5 survivors (5120K)
 Metaspace       used 62571K, capacity 64034K, committed 64256K, reserved 1105920K
  class space    used 7922K, capacity 8435K, committed 8448K, reserved 1048576K
}
Event: 14.056 GC heap before
{Heap before GC invocations=14 (full 0):
 garbage-first heap   total 157696K, used 112175K [0x0000000080000000, 0x0000000100000000)
  region size 1024K, 62 young (63488K), 5 survivors (5120K)
 Metaspace       used 69119K, capacity 70684K, committed 70784K, reserved 1110016K
  class space    used 9001K, capacity 9577K, committed 9600K, reserved 1048576K
}
Event: 14.066 GC heap after
{Heap after GC invocations=15 (full 0):
 garbage-first heap   total 157696K, used 57243K [0x0000000080000000, 0x0000000100000000)
  region size 1024K, 4 young (4096K), 4 survivors (4096K)
 Metaspace       used 69119K, capacity 70684K, committed 70784K, reserved 1110016K
  class space    used 9001K, capacity 9577K, committed 9600K, reserved 1048576K
}
Event: 14.876 GC heap before
{Heap before GC invocations=15 (full 0):
 garbage-first heap   total 157696K, used 115611K [0x0000000080000000, 0x0000000100000000)
  region size 1024K, 61 young (62464K), 4 survivors (4096K)
 Metaspace       used 74777K, capacity 76371K, committed 76416K, reserved 1116160K
  class space    used 9790K, capacity 10364K, committed 10368K, reserved 1048576K
}
Event: 14.884 GC heap after
{Heap after GC invocations=16 (full 0):
 garbage-first heap   total 157696K, used 60751K [0x0000000080000000, 0x0000000100000000)
  region size 1024K, 7 young (7168K), 7 survivors (7168K)
 Metaspace       used 74777K, capacity 76371K, committed 76416K, reserved 1116160K
  class space    used 9790K, capacity 10364K, committed 10368K, reserved 1048576K
}
Event: 15.684 GC heap before
{Heap before GC invocations=16 (full 0):
 garbage-first heap   total 157696K, used 118095K [0x0000000080000000, 0x0000000100000000)
  region size 1024K, 64 young (65536K), 7 survivors (7168K)
 Metaspace       used 78245K, capacity 80141K, committed 80384K, reserved 1118208K
  class space    used 10230K, capacity 10915K, committed 11008K, reserved 1048576K
}
Event: 15.698 GC heap after
{Heap after GC invocations=17 (full 0):
 garbage-first heap   total 157696K, used 64996K [0x0000000080000000, 0x0000000100000000)
  region size 1024K, 8 young (8192K), 8 survivors (8192K)
 Metaspace       used 78245K, capacity 80141K, committed 80384K, reserved 1118208K
  class space    used 10230K, capacity 10915K, committed 11008K, reserved 1048576K
}
Event: 16.408 GC heap before
{Heap before GC invocations=17 (full 0):
 garbage-first heap   total 157696K, used 122340K [0x0000000080000000, 0x0000000100000000)
  region size 1024K, 64 young (65536K), 8 survivors (8192K)
 Metaspace       used 79448K, capacity 81340K, committed 81536K, reserved 1120256K
  class space    used 10339K, capacity 11034K, committed 11136K, reserved 1048576K
}
Event: 16.419 GC heap after
{Heap after GC invocations=18 (full 0):
 garbage-first heap   total 157696K, used 68544K [0x0000000080000000, 0x0000000100000000)
  region size 1024K, 8 young (8192K), 8 survivors (8192K)
 Metaspace       used 79448K, capacity 81340K, committed 81536K, reserved 1120256K
  class space    used 10339K, capacity 11034K, committed 11136K, reserved 1048576K
}
Event: 17.266 GC heap before
{Heap before GC invocations=18 (full 0):
 garbage-first heap   total 157696K, used 123840K [0x0000000080000000, 0x0000000100000000)
  region size 1024K, 63 young (64512K), 8 survivors (8192K)
 Metaspace       used 84349K, capacity 86265K, committed 86528K, reserved 1124352K
  class space    used 10969K, capacity 11649K, committed 11776K, reserved 1048576K
}
Event: 17.286 GC heap after
{Heap after GC invocations=19 (full 0):
 garbage-first heap   total 157696K, used 72564K [0x0000000080000000, 0x0000000100000000)
  region size 1024K, 8 young (8192K), 8 survivors (8192K)
 Metaspace       used 84349K, capacity 86265K, committed 86528K, reserved 1124352K
  class space    used 10969K, capacity 11649K, committed 11776K, reserved 1048576K
}
Event: 109.108 GC heap before
{Heap before GC invocations=19 (full 0):
 garbage-first heap   total 157696K, used 117620K [0x0000000080000000, 0x0000000100000000)
  region size 1024K, 49 young (50176K), 8 survivors (8192K)
 Metaspace       used 89684K, capacity 91865K, committed 92032K, reserved 1128448K
  class space    used 11549K, capacity 12291K, committed 12416K, reserved 1048576K
}
Event: 109.121 GC heap after
{Heap after GC invocations=20 (full 0):
 garbage-first heap   total 157696K, used 80297K [0x0000000080000000, 0x0000000100000000)
  region size 1024K, 7 young (7168K), 7 survivors (7168K)
 Metaspace       used 89684K, capacity 91865K, committed 92032K, reserved 1128448K
  class space    used 11549K, capacity 12291K, committed 12416K, reserved 1048576K
}
Event: 109.693 GC heap before
{Heap before GC invocations=21 (full 0):
 garbage-first heap   total 157696K, used 105897K [0x0000000080000000, 0x0000000100000000)
  region size 1024K, 30 young (30720K), 7 survivors (7168K)
 Metaspace       used 92888K, capacity 95069K, committed 95488K, reserved 1132544K
  class space    used 11864K, capacity 12653K, committed 12800K, reserved 1048576K
}
Event: 109.707 GC heap after
{Heap after GC invocations=22 (full 0):
 garbage-first heap   total 157696K, used 86829K [0x0000000080000000, 0x0000000100000000)
  region size 1024K, 6 young (6144K), 6 survivors (6144K)
 Metaspace       used 92888K, capacity 95069K, committed 95488K, reserved 1132544K
  class space    used 11864K, capacity 12653K, committed 12800K, reserved 1048576K
}
Event: 109.993 GC heap before
{Heap before GC invocations=23 (full 0):
 garbage-first heap   total 157696K, used 99117K [0x0000000080000000, 0x0000000100000000)
  region size 1024K, 15 young (15360K), 6 survivors (6144K)
 Metaspace       used 93316K, capacity 95495K, committed 95744K, reserved 1132544K
  class space    used 11897K, capacity 12706K, committed 12800K, reserved 1048576K
}
Event: 110.003 GC heap after
{Heap after GC invocations=24 (full 0):
 garbage-first heap   total 157696K, used 92747K [0x0000000080000000, 0x0000000100000000)
  region size 1024K, 5 young (5120K), 5 survivors (5120K)
 Metaspace       used 93316K, capacity 95495K, committed 95744K, reserved 1132544K
  class space    used 11897K, capacity 12706K, committed 12800K, reserved 1048576K
}
Event: 110.613 GC heap before
{Heap before GC invocations=25 (full 0):
 garbage-first heap   total 157696K, used 130635K [0x0000000080000000, 0x0000000100000000)
  region size 1024K, 39 young (39936K), 5 survivors (5120K)
 Metaspace       used 94693K, capacity 97144K, committed 97408K, reserved 1134592K
  class space    used 12042K, capacity 12882K, committed 12928K, reserved 1048576K
}
Event: 110.621 GC heap after
{Heap after GC invocations=26 (full 0):
 garbage-first heap   total 157696K, used 99160K [0x0000000080000000, 0x0000000100000000)
  region size 1024K, 5 young (5120K), 5 survivors (5120K)
 Metaspace       used 94693K, capacity 97144K, committed 97408K, reserved 1134592K
  class space    used 12042K, capacity 12882K, committed 12928K, reserved 1048576K
}

