# JRE version: OpenJDK Runtime Environment (11.0.8+10) (build 11.0.8+10-b944.6842174)
# Java VM: OpenJDK 64-Bit Server VM (11.0.8+10-b944.6842174, mixed mode, tiered, compressed oops, g1 gc, windows-amd64)
Heap:
 garbage-first heap   total 349184K, used 163485K [0x0000000080000000, 0x0000000100000000)
  region size 1024K, 4 young (4096K), 4 survivors (4096K)
 Metaspace       used 100282K, capacity 102683K, committed 103040K, reserved 1138688K
  class space    used 12905K, capacity 13774K, committed 13952K, reserved 1048576K
GC Heap History (20 events):
Event: 13.391 GC heap after
{Heap after GC invocations=18 (full 0):
 garbage-first heap   total 189440K, used 76800K [0x0000000080000000, 0x0000000100000000)
  region size 1024K, 11 young (11264K), 11 survivors (11264K)
 Metaspace       used 88011K, capacity 90104K, committed 90368K, reserved 1128448K
  class space    used 11487K, capacity 12262K, committed 12288K, reserved 1048576K
}
Event: 14.438 GC heap before
{Heap before GC invocations=18 (full 0):
 garbage-first heap   total 189440K, used 147456K [0x0000000080000000, 0x0000000100000000)
  region size 1024K, 80 young (81920K), 11 survivors (11264K)
 Metaspace       used 92513K, capacity 94705K, committed 94848K, reserved 1130496K
  class space    used 12070K, capacity 12908K, committed 12928K, reserved 1048576K
}
Event: 14.447 GC heap after
{Heap after GC invocations=19 (full 0):
 garbage-first heap   total 189440K, used 77885K [0x0000000080000000, 0x0000000100000000)
  region size 1024K, 2 young (2048K), 2 survivors (2048K)
 Metaspace       used 92513K, capacity 94705K, committed 94848K, reserved 1130496K
  class space    used 12070K, capacity 12908K, committed 12928K, reserved 1048576K
}
Event: 14.930 GC heap before
{Heap before GC invocations=19 (full 0):
 garbage-first heap   total 189440K, used 149565K [0x0000000080000000, 0x0000000100000000)
  region size 1024K, 72 young (73728K), 2 survivors (2048K)
 Metaspace       used 93818K, capacity 96046K, committed 96256K, reserved 1132544K
  class space    used 12189K, capacity 13012K, committed 13056K, reserved 1048576K
}
Event: 14.938 GC heap after
{Heap after GC invocations=20 (full 0):
 garbage-first heap   total 189440K, used 81226K [0x0000000080000000, 0x0000000100000000)
  region size 1024K, 6 young (6144K), 6 survivors (6144K)
 Metaspace       used 93818K, capacity 96046K, committed 96256K, reserved 1132544K
  class space    used 12189K, capacity 13012K, committed 13056K, reserved 1048576K
}
Event: 15.299 GC heap before
{Heap before GC invocations=20 (full 0):
 garbage-first heap   total 189440K, used 149834K [0x0000000080000000, 0x0000000100000000)
  region size 1024K, 74 young (75776K), 6 survivors (6144K)
 Metaspace       used 94144K, capacity 96368K, committed 96512K, reserved 1132544K
  class space    used 12209K, capacity 13054K, committed 13056K, reserved 1048576K
}
Event: 15.305 GC heap after
{Heap after GC invocations=21 (full 0):
 garbage-first heap   total 189440K, used 80515K [0x0000000080000000, 0x0000000100000000)
  region size 1024K, 5 young (5120K), 5 survivors (5120K)
 Metaspace       used 94144K, capacity 96368K, committed 96512K, reserved 1132544K
  class space    used 12209K, capacity 13054K, committed 13056K, reserved 1048576K
}
Event: 15.771 GC heap before
{Heap before GC invocations=21 (full 0):
 garbage-first heap   total 189440K, used 153219K [0x0000000080000000, 0x0000000100000000)
  region size 1024K, 76 young (77824K), 5 survivors (5120K)
 Metaspace       used 94445K, capacity 96766K, committed 96768K, reserved 1132544K
  class space    used 12209K, capacity 13054K, committed 13056K, reserved 1048576K
}
Event: 15.781 GC heap after
{Heap after GC invocations=22 (full 0):
 garbage-first heap   total 189440K, used 80991K [0x0000000080000000, 0x0000000100000000)
  region size 1024K, 5 young (5120K), 5 survivors (5120K)
 Metaspace       used 94445K, capacity 96766K, committed 96768K, reserved 1132544K
  class space    used 12209K, capacity 13054K, committed 13056K, reserved 1048576K
}
Event: 16.459 GC heap before
{Heap before GC invocations=22 (full 0):
 garbage-first heap   total 189440K, used 152671K [0x0000000080000000, 0x0000000100000000)
  region size 1024K, 69 young (70656K), 5 survivors (5120K)
 Metaspace       used 96997K, capacity 99458K, committed 99712K, reserved 1136640K
  class space    used 12528K, capacity 13417K, committed 13440K, reserved 1048576K
}
Event: 16.476 GC heap after
{Heap after GC invocations=23 (full 0):
 garbage-first heap   total 189440K, used 92075K [0x0000000080000000, 0x0000000100000000)
  region size 1024K, 9 young (9216K), 9 survivors (9216K)
 Metaspace       used 96997K, capacity 99458K, committed 99712K, reserved 1136640K
  class space    used 12528K, capacity 13417K, committed 13440K, reserved 1048576K
}
Event: 16.777 GC heap before
{Heap before GC invocations=24 (full 0):
 garbage-first heap   total 189440K, used 160683K [0x0000000080000000, 0x0000000100000000)
  region size 1024K, 64 young (65536K), 9 survivors (9216K)
 Metaspace       used 98160K, capacity 100383K, committed 100992K, reserved 1136640K
  class space    used 12621K, capacity 13448K, committed 13696K, reserved 1048576K
}
Event: 16.842 GC heap after
{Heap after GC invocations=25 (full 0):
 garbage-first heap   total 227328K, used 115353K [0x0000000080000000, 0x0000000100000000)
  region size 1024K, 9 young (9216K), 9 survivors (9216K)
 Metaspace       used 98160K, capacity 100383K, committed 100992K, reserved 1136640K
  class space    used 12621K, capacity 13448K, committed 13696K, reserved 1048576K
}
Event: 17.244 GC heap before
{Heap before GC invocations=26 (full 0):
 garbage-first heap   total 227328K, used 177817K [0x0000000080000000, 0x0000000100000000)
  region size 1024K, 69 young (70656K), 9 survivors (9216K)
 Metaspace       used 98993K, capacity 101263K, committed 101888K, reserved 1136640K
  class space    used 12738K, capacity 13608K, committed 13824K, reserved 1048576K
}
Event: 17.279 GC heap after
{Heap after GC invocations=27 (full 0):
 garbage-first heap   total 227328K, used 143360K [0x0000000080000000, 0x0000000100000000)
  region size 1024K, 9 young (9216K), 9 survivors (9216K)
 Metaspace       used 98993K, capacity 101263K, committed 101888K, reserved 1136640K
  class space    used 12738K, capacity 13608K, committed 13824K, reserved 1048576K
}
Event: 17.492 GC heap before
{Heap before GC invocations=27 (full 0):
 garbage-first heap   total 227328K, used 178176K [0x0000000080000000, 0x0000000100000000)
  region size 1024K, 44 young (45056K), 9 survivors (9216K)
 Metaspace       used 99268K, capacity 101569K, committed 102144K, reserved 1138688K
  class space    used 12765K, capacity 13642K, committed 13824K, reserved 1048576K
}
Event: 17.518 GC heap after
{Heap after GC invocations=28 (full 0):
 garbage-first heap   total 227328K, used 158193K [0x0000000080000000, 0x0000000100000000)
  region size 1024K, 6 young (6144K), 6 survivors (6144K)
 Metaspace       used 99268K, capacity 101569K, committed 102144K, reserved 1138688K
  class space    used 12765K, capacity 13642K, committed 13824K, reserved 1048576K
}
Event: 17.693 GC heap before
{Heap before GC invocations=28 (full 0):
 garbage-first heap   total 227328K, used 182769K [0x0000000080000000, 0x0000000100000000)
  region size 1024K, 31 young (31744K), 6 survivors (6144K)
 Metaspace       used 100133K, capacity 102395K, committed 102784K, reserved 1138688K
  class space    used 12876K, capacity 13742K, committed 13952K, reserved 1048576K
}
Event: 17.708 GC heap after
{Heap after GC invocations=29 (full 0):
 garbage-first heap   total 227328K, used 162921K [0x0000000080000000, 0x0000000100000000)
  region size 1024K, 3 young (3072K), 3 survivors (3072K)
 Metaspace       used 100133K, capacity 102395K, committed 102784K, reserved 1138688K
  class space    used 12876K, capacity 13742K, committed 13952K, reserved 1048576K
}
Event: 17.991 GC heap before
{Heap before GC invocations=30 (full 0):
 garbage-first heap   total 227328K, used 184425K [0x0000000080000000, 0x0000000100000000)
  region size 1024K, 27 young (27648K), 3 survivors (3072K)
 Metaspace       used 100282K, capacity 102683K, committed 103040K, reserved 1138688K
  class space    used 12905K, capacity 13774K, committed 13952K, reserved 1048576K
}

