# JRE version: OpenJDK Runtime Environment (11.0.8+10) (build 11.0.8+10-b944.6842174)
# Java VM: OpenJDK 64-Bit Server VM (11.0.8+10-b944.6842174, mixed mode, tiered, compressed oops, g1 gc, windows-amd64)
Heap:
 garbage-first heap   total 227328K, used 179585K [0x0000000080000000, 0x0000000100000000)
  region size 1024K, 65 young (66560K), 3 survivors (3072K)
 Metaspace       used 117839K, capacity 121128K, committed 121340K, reserved 1155072K
  class space    used 14635K, capacity 15728K, committed 15744K, reserved 1048576K
GC Heap History (20 events):
Event: 14.909 GC heap before
{Heap before GC invocations=29 (full 0):
 garbage-first heap   total 157696K, used 123662K [0x0000000080000000, 0x0000000100000000)
  region size 1024K, 42 young (43008K), 5 survivors (5120K)
 Metaspace       used 82432K, capacity 84396K, committed 84604K, reserved 1122304K
  class space    used 10516K, capacity 11203K, committed 11264K, reserved 1048576K
}
Event: 14.920 GC heap after
{Heap after GC invocations=30 (full 0):
 garbage-first heap   total 189440K, used 88530K [0x0000000080000000, 0x0000000100000000)
  region size 1024K, 6 young (6144K), 6 survivors (6144K)
 Metaspace       used 82432K, capacity 84396K, committed 84604K, reserved 1122304K
  class space    used 10516K, capacity 11203K, committed 11264K, reserved 1048576K
}
Event: 17.702 GC heap before
{Heap before GC invocations=30 (full 0):
 garbage-first heap   total 189440K, used 139730K [0x0000000080000000, 0x0000000100000000)
  region size 1024K, 57 young (58368K), 6 survivors (6144K)
 Metaspace       used 89388K, capacity 91493K, committed 91644K, reserved 1128448K
  class space    used 11383K, capacity 12123K, committed 12160K, reserved 1048576K
}
Event: 17.716 GC heap after
{Heap after GC invocations=31 (full 0):
 garbage-first heap   total 189440K, used 93651K [0x0000000080000000, 0x0000000100000000)
  region size 1024K, 8 young (8192K), 8 survivors (8192K)
 Metaspace       used 89388K, capacity 91493K, committed 91644K, reserved 1128448K
  class space    used 11383K, capacity 12123K, committed 12160K, reserved 1048576K
}
Event: 18.455 GC heap before
{Heap before GC invocations=31 (full 0):
 garbage-first heap   total 189440K, used 143827K [0x0000000080000000, 0x0000000100000000)
  region size 1024K, 58 young (59392K), 8 survivors (8192K)
 Metaspace       used 93586K, capacity 95962K, committed 96252K, reserved 1132544K
  class space    used 12060K, capacity 12888K, committed 12928K, reserved 1048576K
}
Event: 18.467 GC heap after
{Heap after GC invocations=32 (full 0):
 garbage-first heap   total 189440K, used 95717K [0x0000000080000000, 0x0000000100000000)
  region size 1024K, 3 young (3072K), 3 survivors (3072K)
 Metaspace       used 93586K, capacity 95962K, committed 96252K, reserved 1132544K
  class space    used 12060K, capacity 12888K, committed 12928K, reserved 1048576K
}
Event: 19.282 GC heap before
{Heap before GC invocations=33 (full 0):
 garbage-first heap   total 189440K, used 147941K [0x0000000080000000, 0x0000000100000000)
  region size 1024K, 54 young (55296K), 3 survivors (3072K)
 Metaspace       used 97938K, capacity 100349K, committed 100604K, reserved 1136640K
  class space    used 12606K, capacity 13431K, committed 13440K, reserved 1048576K
}
Event: 19.289 GC heap after
{Heap after GC invocations=34 (full 0):
 garbage-first heap   total 189440K, used 98684K [0x0000000080000000, 0x0000000100000000)
  region size 1024K, 6 young (6144K), 6 survivors (6144K)
 Metaspace       used 97938K, capacity 100349K, committed 100604K, reserved 1136640K
  class space    used 12606K, capacity 13431K, committed 13440K, reserved 1048576K
}
Event: 21.640 GC heap before
{Heap before GC invocations=34 (full 0):
 garbage-first heap   total 189440K, used 150908K [0x0000000080000000, 0x0000000100000000)
  region size 1024K, 57 young (58368K), 6 survivors (6144K)
 Metaspace       used 102230K, capacity 104888K, committed 104956K, reserved 1140736K
  class space    used 13047K, capacity 13944K, committed 13952K, reserved 1048576K
}
Event: 21.649 GC heap after
{Heap after GC invocations=35 (full 0):
 garbage-first heap   total 189440K, used 102583K [0x0000000080000000, 0x0000000100000000)
  region size 1024K, 8 young (8192K), 8 survivors (8192K)
 Metaspace       used 102230K, capacity 104888K, committed 104956K, reserved 1140736K
  class space    used 13047K, capacity 13944K, committed 13952K, reserved 1048576K
}
Event: 22.490 GC heap before
{Heap before GC invocations=36 (full 0):
 garbage-first heap   total 189440K, used 152759K [0x0000000080000000, 0x0000000100000000)
  region size 1024K, 58 young (59392K), 8 survivors (8192K)
 Metaspace       used 103854K, capacity 106516K, committed 106748K, reserved 1142784K
  class space    used 13221K, capacity 14099K, committed 14208K, reserved 1048576K
}
Event: 22.515 GC heap after
{Heap after GC invocations=37 (full 0):
 garbage-first heap   total 189440K, used 105189K [0x0000000080000000, 0x0000000100000000)
  region size 1024K, 7 young (7168K), 7 survivors (7168K)
 Metaspace       used 103854K, capacity 106516K, committed 106748K, reserved 1142784K
  class space    used 13221K, capacity 14099K, committed 14208K, reserved 1048576K
}
Event: 22.933 GC heap before
{Heap before GC invocations=37 (full 0):
 garbage-first heap   total 189440K, used 126693K [0x0000000080000000, 0x0000000100000000)
  region size 1024K, 29 young (29696K), 7 survivors (7168K)
 Metaspace       used 106139K, capacity 108980K, committed 109180K, reserved 1144832K
  class space    used 13578K, capacity 14575K, committed 14592K, reserved 1048576K
}
Event: 22.942 GC heap after
{Heap after GC invocations=38 (full 0):
 garbage-first heap   total 227328K, used 107031K [0x0000000080000000, 0x0000000100000000)
  region size 1024K, 5 young (5120K), 5 survivors (5120K)
 Metaspace       used 106139K, capacity 108980K, committed 109180K, reserved 1144832K
  class space    used 13578K, capacity 14575K, committed 14592K, reserved 1048576K
}
Event: 99.397 GC heap before
{Heap before GC invocations=39 (full 0):
 garbage-first heap   total 227328K, used 181783K [0x0000000080000000, 0x0000000100000000)
  region size 1024K, 78 young (79872K), 5 survivors (5120K)
 Metaspace       used 111788K, capacity 114764K, committed 115068K, reserved 1148928K
  class space    used 14027K, capacity 15010K, committed 15104K, reserved 1048576K
}
Event: 99.406 GC heap after
{Heap after GC invocations=40 (full 0):
 garbage-first heap   total 227328K, used 109648K [0x0000000080000000, 0x0000000100000000)
  region size 1024K, 8 young (8192K), 8 survivors (8192K)
 Metaspace       used 111788K, capacity 114764K, committed 115068K, reserved 1148928K
  class space    used 14027K, capacity 15010K, committed 15104K, reserved 1048576K
}
Event: 101.743 GC heap before
{Heap before GC invocations=40 (full 0):
 garbage-first heap   total 227328K, used 183376K [0x0000000080000000, 0x0000000100000000)
  region size 1024K, 81 young (82944K), 8 survivors (8192K)
 Metaspace       used 114576K, capacity 117824K, committed 118012K, reserved 1153024K
  class space    used 14366K, capacity 15473K, committed 15488K, reserved 1048576K
}
Event: 101.765 GC heap after
{Heap after GC invocations=41 (full 0):
 garbage-first heap   total 227328K, used 115874K [0x0000000080000000, 0x0000000100000000)
  region size 1024K, 11 young (11264K), 11 survivors (11264K)
 Metaspace       used 114576K, capacity 117824K, committed 118012K, reserved 1153024K
  class space    used 14366K, capacity 15473K, committed 15488K, reserved 1048576K
}
Event: 104.631 GC heap before
{Heap before GC invocations=42 (full 0):
 garbage-first heap   total 227328K, used 184482K [0x0000000080000000, 0x0000000100000000)
  region size 1024K, 79 young (80896K), 11 survivors (11264K)
 Metaspace       used 115106K, capacity 118399K, committed 118524K, reserved 1153024K
  class space    used 14392K, capacity 15482K, committed 15488K, reserved 1048576K
}
Event: 104.646 GC heap after
{Heap after GC invocations=43 (full 0):
 garbage-first heap   total 227328K, used 118145K [0x0000000080000000, 0x0000000100000000)
  region size 1024K, 3 young (3072K), 3 survivors (3072K)
 Metaspace       used 115106K, capacity 118399K, committed 118524K, reserved 1153024K
  class space    used 14392K, capacity 15482K, committed 15488K, reserved 1048576K
}

