# JRE version: OpenJDK Runtime Environment (11.0.10) (build 11.0.10+0-b96-7249189)
# Java VM: OpenJDK 64-Bit Server VM (11.0.10+0-b96-7249189, mixed mode, tiered, compressed oops, g1 gc, windows-amd64)
Heap:
 garbage-first heap   total 227328K, used 62942K [0x0000000080000000, 0x0000000100000000)
  region size 1024K, 9 young (9216K), 9 survivors (9216K)
 Metaspace       used 40209K, capacity 41164K, committed 41212K, reserved 1085440K
  class space    used 5117K, capacity 5497K, committed 5504K, reserved 1048576K
GC Heap History (20 events):
Event: 8.690 GC heap after
{Heap after GC invocations=16 (full 0):
 garbage-first heap   total 131072K, used 50212K [0x0000000080000000, 0x0000000100000000)
  region size 1024K, 5 young (5120K), 5 survivors (5120K)
 Metaspace       used 40198K, capacity 41099K, committed 41212K, reserved 1085440K
  class space    used 5117K, capacity 5497K, committed 5504K, reserved 1048576K
}
Event: 8.913 GC heap before
{Heap before GC invocations=16 (full 0):
 garbage-first heap   total 131072K, used 98340K [0x0000000080000000, 0x0000000100000000)
  region size 1024K, 52 young (53248K), 5 survivors (5120K)
 Metaspace       used 40201K, capacity 41099K, committed 41212K, reserved 1085440K
  class space    used 5117K, capacity 5497K, committed 5504K, reserved 1048576K
}
Event: 8.916 GC heap after
{Heap after GC invocations=17 (full 0):
 garbage-first heap   total 131072K, used 50856K [0x0000000080000000, 0x0000000100000000)
  region size 1024K, 5 young (5120K), 5 survivors (5120K)
 Metaspace       used 40201K, capacity 41099K, committed 41212K, reserved 1085440K
  class space    used 5117K, capacity 5497K, committed 5504K, reserved 1048576K
}
Event: 9.121 GC heap before
{Heap before GC invocations=17 (full 0):
 garbage-first heap   total 131072K, used 100008K [0x0000000080000000, 0x0000000100000000)
  region size 1024K, 53 young (54272K), 5 survivors (5120K)
 Metaspace       used 40201K, capacity 41099K, committed 41212K, reserved 1085440K
  class space    used 5117K, capacity 5497K, committed 5504K, reserved 1048576K
}
Event: 9.124 GC heap after
{Heap after GC invocations=18 (full 0):
 garbage-first heap   total 157696K, used 51723K [0x0000000080000000, 0x0000000100000000)
  region size 1024K, 5 young (5120K), 5 survivors (5120K)
 Metaspace       used 40201K, capacity 41099K, committed 41212K, reserved 1085440K
  class space    used 5117K, capacity 5497K, committed 5504K, reserved 1048576K
}
Event: 9.423 GC heap before
{Heap before GC invocations=18 (full 0):
 garbage-first heap   total 157696K, used 118283K [0x0000000080000000, 0x0000000100000000)
  region size 1024K, 70 young (71680K), 5 survivors (5120K)
 Metaspace       used 40201K, capacity 41099K, committed 41212K, reserved 1085440K
  class space    used 5117K, capacity 5497K, committed 5504K, reserved 1048576K
}
Event: 9.426 GC heap after
{Heap after GC invocations=19 (full 0):
 garbage-first heap   total 157696K, used 53947K [0x0000000080000000, 0x0000000100000000)
  region size 1024K, 7 young (7168K), 7 survivors (7168K)
 Metaspace       used 40201K, capacity 41099K, committed 41212K, reserved 1085440K
  class space    used 5117K, capacity 5497K, committed 5504K, reserved 1048576K
}
Event: 9.684 GC heap before
{Heap before GC invocations=19 (full 0):
 garbage-first heap   total 157696K, used 119483K [0x0000000080000000, 0x0000000100000000)
  region size 1024K, 71 young (72704K), 7 survivors (7168K)
 Metaspace       used 40205K, capacity 41163K, committed 41212K, reserved 1085440K
  class space    used 5117K, capacity 5497K, committed 5504K, reserved 1048576K
}
Event: 9.687 GC heap after
{Heap after GC invocations=20 (full 0):
 garbage-first heap   total 157696K, used 54712K [0x0000000080000000, 0x0000000100000000)
  region size 1024K, 7 young (7168K), 7 survivors (7168K)
 Metaspace       used 40205K, capacity 41163K, committed 41212K, reserved 1085440K
  class space    used 5117K, capacity 5497K, committed 5504K, reserved 1048576K
}
Event: 9.993 GC heap before
{Heap before GC invocations=20 (full 0):
 garbage-first heap   total 157696K, used 120248K [0x0000000080000000, 0x0000000100000000)
  region size 1024K, 71 young (72704K), 7 survivors (7168K)
 Metaspace       used 40205K, capacity 41163K, committed 41212K, reserved 1085440K
  class space    used 5117K, capacity 5497K, committed 5504K, reserved 1048576K
}
Event: 9.997 GC heap after
{Heap after GC invocations=21 (full 0):
 garbage-first heap   total 157696K, used 55850K [0x0000000080000000, 0x0000000100000000)
  region size 1024K, 7 young (7168K), 7 survivors (7168K)
 Metaspace       used 40205K, capacity 41163K, committed 41212K, reserved 1085440K
  class space    used 5117K, capacity 5497K, committed 5504K, reserved 1048576K
}
Event: 10.411 GC heap before
{Heap before GC invocations=21 (full 0):
 garbage-first heap   total 157696K, used 121386K [0x0000000080000000, 0x0000000100000000)
  region size 1024K, 71 young (72704K), 7 survivors (7168K)
 Metaspace       used 40205K, capacity 41163K, committed 41212K, reserved 1085440K
  class space    used 5117K, capacity 5497K, committed 5504K, reserved 1048576K
}
Event: 10.416 GC heap after
{Heap after GC invocations=22 (full 0):
 garbage-first heap   total 189440K, used 56761K [0x0000000080000000, 0x0000000100000000)
  region size 1024K, 7 young (7168K), 7 survivors (7168K)
 Metaspace       used 40205K, capacity 41163K, committed 41212K, reserved 1085440K
  class space    used 5117K, capacity 5497K, committed 5504K, reserved 1048576K
}
Event: 10.730 GC heap before
{Heap before GC invocations=22 (full 0):
 garbage-first heap   total 189440K, used 140729K [0x0000000080000000, 0x0000000100000000)
  region size 1024K, 89 young (91136K), 7 survivors (7168K)
 Metaspace       used 40206K, capacity 41163K, committed 41212K, reserved 1085440K
  class space    used 5117K, capacity 5497K, committed 5504K, reserved 1048576K
}
Event: 10.734 GC heap after
{Heap after GC invocations=23 (full 0):
 garbage-first heap   total 189440K, used 59371K [0x0000000080000000, 0x0000000100000000)
  region size 1024K, 9 young (9216K), 9 survivors (9216K)
 Metaspace       used 40206K, capacity 41163K, committed 41212K, reserved 1085440K
  class space    used 5117K, capacity 5497K, committed 5504K, reserved 1048576K
}
Event: 11.092 GC heap before
{Heap before GC invocations=23 (full 0):
 garbage-first heap   total 189440K, used 144363K [0x0000000080000000, 0x0000000100000000)
  region size 1024K, 92 young (94208K), 9 survivors (9216K)
 Metaspace       used 40207K, capacity 41163K, committed 41212K, reserved 1085440K
  class space    used 5117K, capacity 5497K, committed 5504K, reserved 1048576K
}
Event: 11.098 GC heap after
{Heap after GC invocations=24 (full 0):
 garbage-first heap   total 189440K, used 60314K [0x0000000080000000, 0x0000000100000000)
  region size 1024K, 8 young (8192K), 8 survivors (8192K)
 Metaspace       used 40207K, capacity 41163K, committed 41212K, reserved 1085440K
  class space    used 5117K, capacity 5497K, committed 5504K, reserved 1048576K
}
Event: 11.461 GC heap before
{Heap before GC invocations=24 (full 0):
 garbage-first heap   total 189440K, used 144282K [0x0000000080000000, 0x0000000100000000)
  region size 1024K, 90 young (92160K), 8 survivors (8192K)
 Metaspace       used 40208K, capacity 41163K, committed 41212K, reserved 1085440K
  class space    used 5117K, capacity 5497K, committed 5504K, reserved 1048576K
}
Event: 11.467 GC heap after
{Heap after GC invocations=25 (full 0):
 garbage-first heap   total 189440K, used 61541K [0x0000000080000000, 0x0000000100000000)
  region size 1024K, 8 young (8192K), 8 survivors (8192K)
 Metaspace       used 40208K, capacity 41163K, committed 41212K, reserved 1085440K
  class space    used 5117K, capacity 5497K, committed 5504K, reserved 1048576K
}
Event: 11.838 GC heap before
{Heap before GC invocations=25 (full 0):
 garbage-first heap   total 189440K, used 146533K [0x0000000080000000, 0x0000000100000000)
  region size 1024K, 90 young (92160K), 8 survivors (8192K)
 Metaspace       used 40209K, capacity 41164K, committed 41212K, reserved 1085440K
  class space    used 5117K, capacity 5497K, committed 5504K, reserved 1048576K
}

