# JRE version: OpenJDK Runtime Environment (11.0.8+10) (build 11.0.8+10-b944.6842174)
# Java VM: OpenJDK 64-Bit Server VM (11.0.8+10-b944.6842174, mixed mode, tiered, compressed oops, g1 gc, windows-amd64)
Heap:
 garbage-first heap   total 157696K, used 94651K [0x00000000c0000000, 0x0000000100000000)
  region size 1024K, 2 young (2048K), 2 survivors (2048K)
 Metaspace       used 88517K, capacity 90786K, committed 91004K, reserved 1128448K
  class space    used 11428K, capacity 12173K, committed 12288K, reserved 1048576K
GC Heap History (20 events):
Event: 11.326 GC heap after
{Heap after GC invocations=22 (full 0):
 garbage-first heap   total 131072K, used 78865K [0x00000000c0000000, 0x0000000100000000)
  region size 1024K, 3 young (3072K), 3 survivors (3072K)
 Metaspace       used 68591K, capacity 70325K, committed 70524K, reserved 1110016K
  class space    used 8891K, capacity 9466K, committed 9472K, reserved 1048576K
}
Event: 11.718 GC heap before
{Heap before GC invocations=22 (full 0):
 garbage-first heap   total 131072K, used 108561K [0x00000000c0000000, 0x0000000100000000)
  region size 1024K, 32 young (32768K), 3 survivors (3072K)
 Metaspace       used 72089K, capacity 73881K, committed 74108K, reserved 1114112K
  class space    used 9349K, capacity 9944K, committed 9984K, reserved 1048576K
}
Event: 11.723 GC heap after
{Heap after GC invocations=23 (full 0):
 garbage-first heap   total 131072K, used 80289K [0x00000000c0000000, 0x0000000100000000)
  region size 1024K, 4 young (4096K), 4 survivors (4096K)
 Metaspace       used 72089K, capacity 73881K, committed 74108K, reserved 1114112K
  class space    used 9349K, capacity 9944K, committed 9984K, reserved 1048576K
}
Event: 12.240 GC heap before
{Heap before GC invocations=24 (full 0):
 garbage-first heap   total 131072K, used 108961K [0x00000000c0000000, 0x0000000100000000)
  region size 1024K, 33 young (33792K), 4 survivors (4096K)
 Metaspace       used 75609K, capacity 77457K, committed 77564K, reserved 1116160K
  class space    used 9736K, capacity 10358K, committed 10368K, reserved 1048576K
}
Event: 12.246 GC heap after
{Heap after GC invocations=25 (full 0):
 garbage-first heap   total 131072K, used 81996K [0x00000000c0000000, 0x0000000100000000)
  region size 1024K, 4 young (4096K), 4 survivors (4096K)
 Metaspace       used 75609K, capacity 77457K, committed 77564K, reserved 1116160K
  class space    used 9736K, capacity 10358K, committed 10368K, reserved 1048576K
}
Event: 12.563 GC heap before
{Heap before GC invocations=25 (full 0):
 garbage-first heap   total 131072K, used 110668K [0x00000000c0000000, 0x0000000100000000)
  region size 1024K, 32 young (32768K), 4 survivors (4096K)
 Metaspace       used 76994K, capacity 78912K, committed 79100K, reserved 1118208K
  class space    used 9927K, capacity 10535K, committed 10624K, reserved 1048576K
}
Event: 12.572 GC heap after
{Heap after GC invocations=26 (full 0):
 garbage-first heap   total 131072K, used 84336K [0x00000000c0000000, 0x0000000100000000)
  region size 1024K, 4 young (4096K), 4 survivors (4096K)
 Metaspace       used 76994K, capacity 78912K, committed 79100K, reserved 1118208K
  class space    used 9927K, capacity 10535K, committed 10624K, reserved 1048576K
}
Event: 13.005 GC heap before
{Heap before GC invocations=27 (full 0):
 garbage-first heap   total 131072K, used 110960K [0x00000000c0000000, 0x0000000100000000)
  region size 1024K, 30 young (30720K), 4 survivors (4096K)
 Metaspace       used 78636K, capacity 80696K, committed 80892K, reserved 1120256K
  class space    used 10151K, capacity 10840K, committed 10880K, reserved 1048576K
}
Event: 13.013 GC heap after
{Heap after GC invocations=28 (full 0):
 garbage-first heap   total 131072K, used 86749K [0x00000000c0000000, 0x0000000100000000)
  region size 1024K, 3 young (3072K), 3 survivors (3072K)
 Metaspace       used 78636K, capacity 80696K, committed 80892K, reserved 1120256K
  class space    used 10151K, capacity 10840K, committed 10880K, reserved 1048576K
}
Event: 13.233 GC heap before
{Heap before GC invocations=28 (full 0):
 garbage-first heap   total 131072K, used 109277K [0x00000000c0000000, 0x0000000100000000)
  region size 1024K, 26 young (26624K), 3 survivors (3072K)
 Metaspace       used 80058K, capacity 82208K, committed 82428K, reserved 1120256K
  class space    used 10409K, capacity 11136K, committed 11136K, reserved 1048576K
}
Event: 13.239 GC heap after
{Heap after GC invocations=29 (full 0):
 garbage-first heap   total 131072K, used 87911K [0x00000000c0000000, 0x0000000100000000)
  region size 1024K, 2 young (2048K), 2 survivors (2048K)
 Metaspace       used 80058K, capacity 82208K, committed 82428K, reserved 1120256K
  class space    used 10409K, capacity 11136K, committed 11136K, reserved 1048576K
}
Event: 13.540 GC heap before
{Heap before GC invocations=30 (full 0):
 garbage-first heap   total 131072K, used 110439K [0x00000000c0000000, 0x0000000100000000)
  region size 1024K, 25 young (25600K), 2 survivors (2048K)
 Metaspace       used 82329K, capacity 84495K, committed 84604K, reserved 1122304K
  class space    used 10741K, capacity 11463K, committed 11520K, reserved 1048576K
}
Event: 13.544 GC heap after
{Heap after GC invocations=31 (full 0):
 garbage-first heap   total 131072K, used 88460K [0x00000000c0000000, 0x0000000100000000)
  region size 1024K, 2 young (2048K), 2 survivors (2048K)
 Metaspace       used 82329K, capacity 84495K, committed 84604K, reserved 1122304K
  class space    used 10741K, capacity 11463K, committed 11520K, reserved 1048576K
}
Event: 13.757 GC heap before
{Heap before GC invocations=31 (full 0):
 garbage-first heap   total 131072K, used 112012K [0x00000000c0000000, 0x0000000100000000)
  region size 1024K, 25 young (25600K), 2 survivors (2048K)
 Metaspace       used 84555K, capacity 86738K, committed 87036K, reserved 1124352K
  class space    used 11047K, capacity 11783K, committed 11904K, reserved 1048576K
}
Event: 13.761 GC heap after
{Heap after GC invocations=32 (full 0):
 garbage-first heap   total 131072K, used 89063K [0x00000000c0000000, 0x0000000100000000)
  region size 1024K, 3 young (3072K), 3 survivors (3072K)
 Metaspace       used 84555K, capacity 86738K, committed 87036K, reserved 1124352K
  class space    used 11047K, capacity 11783K, committed 11904K, reserved 1048576K
}
Event: 14.050 GC heap before
{Heap before GC invocations=33 (full 0):
 garbage-first heap   total 131072K, used 111591K [0x00000000c0000000, 0x0000000100000000)
  region size 1024K, 25 young (25600K), 3 survivors (3072K)
 Metaspace       used 86368K, capacity 88530K, committed 88700K, reserved 1126400K
  class space    used 11250K, capacity 11976K, committed 12032K, reserved 1048576K
}
Event: 14.058 GC heap after
{Heap after GC invocations=34 (full 0):
 garbage-first heap   total 131072K, used 90686K [0x00000000c0000000, 0x0000000100000000)
  region size 1024K, 3 young (3072K), 3 survivors (3072K)
 Metaspace       used 86368K, capacity 88530K, committed 88700K, reserved 1126400K
  class space    used 11250K, capacity 11976K, committed 12032K, reserved 1048576K
}
Event: 14.493 GC heap before
{Heap before GC invocations=34 (full 0):
 garbage-first heap   total 131072K, used 112190K [0x00000000c0000000, 0x0000000100000000)
  region size 1024K, 25 young (25600K), 3 survivors (3072K)
 Metaspace       used 87506K, capacity 89684K, committed 89852K, reserved 1126400K
  class space    used 11367K, capacity 12093K, committed 12160K, reserved 1048576K
}
Event: 14.501 GC heap after
{Heap after GC invocations=35 (full 0):
 garbage-first heap   total 131072K, used 93110K [0x00000000c0000000, 0x0000000100000000)
  region size 1024K, 4 young (4096K), 4 survivors (4096K)
 Metaspace       used 87506K, capacity 89684K, committed 89852K, reserved 1126400K
  class space    used 11367K, capacity 12093K, committed 12160K, reserved 1048576K
}
Event: 14.833 GC heap before
{Heap before GC invocations=36 (full 0):
 garbage-first heap   total 131072K, used 112566K [0x00000000c0000000, 0x0000000100000000)
  region size 1024K, 23 young (23552K), 4 survivors (4096K)
 Metaspace       used 88517K, capacity 90786K, committed 91004K, reserved 1128448K
  class space    used 11428K, capacity 12173K, committed 12288K, reserved 1048576K
}

