# JRE version: OpenJDK Runtime Environment (11.0.8+10) (build 11.0.8+10-b944.6842174)
# Java VM: OpenJDK 64-Bit Server VM (11.0.8+10-b944.6842174, mixed mode, tiered, compressed oops, g1 gc, windows-amd64)
Heap:
 garbage-first heap   total 301056K, used 137407K [0x0000000080000000, 0x0000000100000000)
  region size 1024K, 3 young (3072K), 3 survivors (3072K)
 Metaspace       used 92209K, capacity 94419K, committed 94592K, reserved 1130496K
  class space    used 12034K, capacity 12832K, committed 12928K, reserved 1048576K
GC Heap History (20 events):
Event: 15.546 GC heap after
{Heap after GC invocations=21 (full 0):
 garbage-first heap   total 157696K, used 86119K [0x0000000080000000, 0x0000000100000000)
  region size 1024K, 8 young (8192K), 8 survivors (8192K)
 Metaspace       used 83817K, capacity 85827K, committed 86016K, reserved 1124352K
  class space    used 10934K, capacity 11665K, committed 11776K, reserved 1048576K
}
Event: 15.803 GC heap before
{Heap before GC invocations=21 (full 0):
 garbage-first heap   total 157696K, used 122983K [0x0000000080000000, 0x0000000100000000)
  region size 1024K, 45 young (46080K), 8 survivors (8192K)
 Metaspace       used 86081K, capacity 88310K, committed 88448K, reserved 1126400K
  class space    used 11292K, capacity 12101K, committed 12160K, reserved 1048576K
}
Event: 15.811 GC heap after
{Heap after GC invocations=22 (full 0):
 garbage-first heap   total 157696K, used 88534K [0x0000000080000000, 0x0000000100000000)
  region size 1024K, 6 young (6144K), 6 survivors (6144K)
 Metaspace       used 86081K, capacity 88310K, committed 88448K, reserved 1126400K
  class space    used 11292K, capacity 12101K, committed 12160K, reserved 1048576K
}
Event: 16.027 GC heap before
{Heap before GC invocations=23 (full 0):
 garbage-first heap   total 157696K, used 123350K [0x0000000080000000, 0x0000000100000000)
  region size 1024K, 40 young (40960K), 6 survivors (6144K)
 Metaspace       used 86046K, capacity 88190K, committed 88704K, reserved 1126400K
  class space    used 11233K, capacity 11994K, committed 12160K, reserved 1048576K
}
Event: 16.044 GC heap after
{Heap after GC invocations=24 (full 0):
 garbage-first heap   total 189440K, used 97769K [0x0000000080000000, 0x0000000100000000)
  region size 1024K, 5 young (5120K), 5 survivors (5120K)
 Metaspace       used 86046K, capacity 88190K, committed 88704K, reserved 1126400K
  class space    used 11233K, capacity 11994K, committed 12160K, reserved 1048576K
}
Event: 16.169 GC heap before
{Heap before GC invocations=24 (full 0):
 garbage-first heap   total 189440K, used 139753K [0x0000000080000000, 0x0000000100000000)
  region size 1024K, 46 young (47104K), 5 survivors (5120K)
 Metaspace       used 86107K, capacity 88197K, committed 88704K, reserved 1126400K
  class space    used 11243K, capacity 11995K, committed 12160K, reserved 1048576K
}
Event: 16.187 GC heap after
{Heap after GC invocations=25 (full 0):
 garbage-first heap   total 189440K, used 109360K [0x0000000080000000, 0x0000000100000000)
  region size 1024K, 6 young (6144K), 6 survivors (6144K)
 Metaspace       used 86107K, capacity 88197K, committed 88704K, reserved 1126400K
  class space    used 11243K, capacity 11995K, committed 12160K, reserved 1048576K
}
Event: 16.421 GC heap before
{Heap before GC invocations=25 (full 0):
 garbage-first heap   total 189440K, used 146224K [0x0000000080000000, 0x0000000100000000)
  region size 1024K, 42 young (43008K), 6 survivors (6144K)
 Metaspace       used 86703K, capacity 88708K, committed 89600K, reserved 1126400K
  class space    used 11293K, capacity 12004K, committed 12288K, reserved 1048576K
}
Event: 16.442 GC heap after
{Heap after GC invocations=26 (full 0):
 garbage-first heap   total 189440K, used 117667K [0x0000000080000000, 0x0000000100000000)
  region size 1024K, 6 young (6144K), 6 survivors (6144K)
 Metaspace       used 86703K, capacity 88708K, committed 89600K, reserved 1126400K
  class space    used 11293K, capacity 12004K, committed 12288K, reserved 1048576K
}
Event: 16.550 GC heap before
{Heap before GC invocations=27 (full 0):
 garbage-first heap   total 189440K, used 150435K [0x0000000080000000, 0x0000000100000000)
  region size 1024K, 38 young (38912K), 6 survivors (6144K)
 Metaspace       used 86730K, capacity 88740K, committed 89600K, reserved 1126400K
  class space    used 11298K, capacity 12036K, committed 12288K, reserved 1048576K
}
Event: 16.567 GC heap after
{Heap after GC invocations=28 (full 0):
 garbage-first heap   total 189440K, used 124928K [0x0000000080000000, 0x0000000100000000)
  region size 1024K, 5 young (5120K), 5 survivors (5120K)
 Metaspace       used 86730K, capacity 88740K, committed 89600K, reserved 1126400K
  class space    used 11298K, capacity 12036K, committed 12288K, reserved 1048576K
}
Event: 16.641 GC heap before
{Heap before GC invocations=28 (full 0):
 garbage-first heap   total 189440K, used 153600K [0x0000000080000000, 0x0000000100000000)
  region size 1024K, 33 young (33792K), 5 survivors (5120K)
 Metaspace       used 87483K, capacity 89514K, committed 90240K, reserved 1126400K
  class space    used 11388K, capacity 12100K, committed 12416K, reserved 1048576K
}
Event: 16.658 GC heap after
{Heap after GC invocations=29 (full 0):
 garbage-first heap   total 237568K, used 130631K [0x0000000080000000, 0x0000000100000000)
  region size 1024K, 5 young (5120K), 5 survivors (5120K)
 Metaspace       used 87483K, capacity 89514K, committed 90240K, reserved 1126400K
  class space    used 11388K, capacity 12100K, committed 12416K, reserved 1048576K
}
Event: 17.108 GC heap before
{Heap before GC invocations=30 (full 0):
 garbage-first heap   total 237568K, used 172615K [0x0000000080000000, 0x0000000100000000)
  region size 1024K, 46 young (47104K), 5 survivors (5120K)
 Metaspace       used 90965K, capacity 93152K, committed 93440K, reserved 1130496K
  class space    used 11959K, capacity 12761K, committed 12800K, reserved 1048576K
}
Event: 17.122 GC heap after
{Heap after GC invocations=31 (full 0):
 garbage-first heap   total 237568K, used 134962K [0x0000000080000000, 0x0000000100000000)
  region size 1024K, 4 young (4096K), 4 survivors (4096K)
 Metaspace       used 90965K, capacity 93152K, committed 93440K, reserved 1130496K
  class space    used 11959K, capacity 12761K, committed 12800K, reserved 1048576K
}
Event: 17.328 GC heap before
{Heap before GC invocations=31 (full 0):
 garbage-first heap   total 237568K, used 177970K [0x0000000080000000, 0x0000000100000000)
  region size 1024K, 46 young (47104K), 4 survivors (4096K)
 Metaspace       used 91399K, capacity 93520K, committed 93824K, reserved 1130496K
  class space    used 12004K, capacity 12796K, committed 12928K, reserved 1048576K
}
Event: 17.338 GC heap after
{Heap after GC invocations=32 (full 0):
 garbage-first heap   total 237568K, used 136332K [0x0000000080000000, 0x0000000100000000)
  region size 1024K, 2 young (2048K), 2 survivors (2048K)
 Metaspace       used 91399K, capacity 93520K, committed 93824K, reserved 1130496K
  class space    used 12004K, capacity 12796K, committed 12928K, reserved 1048576K
}
Event: 17.656 GC heap before
{Heap before GC invocations=32 (full 0):
 garbage-first heap   total 237568K, used 180364K [0x0000000080000000, 0x0000000100000000)
  region size 1024K, 45 young (46080K), 2 survivors (2048K)
 Metaspace       used 92129K, capacity 94350K, committed 94592K, reserved 1130496K
  class space    used 12029K, capacity 12830K, committed 12928K, reserved 1048576K
}
Event: 17.662 GC heap after
{Heap after GC invocations=33 (full 0):
 garbage-first heap   total 237568K, used 136895K [0x0000000080000000, 0x0000000100000000)
  region size 1024K, 2 young (2048K), 2 survivors (2048K)
 Metaspace       used 92129K, capacity 94350K, committed 94592K, reserved 1130496K
  class space    used 12029K, capacity 12830K, committed 12928K, reserved 1048576K
}
Event: 17.855 GC heap before
{Heap before GC invocations=34 (full 0):
 garbage-first heap   total 237568K, used 182975K [0x0000000080000000, 0x0000000100000000)
  region size 1024K, 47 young (48128K), 2 survivors (2048K)
 Metaspace       used 92209K, capacity 94419K, committed 94592K, reserved 1130496K
  class space    used 12034K, capacity 12832K, committed 12928K, reserved 1048576K
}

