# JRE version: OpenJDK Runtime Environment (11.0.8+10) (build 11.0.8+10-b944.6842174)
# Java VM: OpenJDK 64-Bit Server VM (11.0.8+10-b944.6842174, mixed mode, tiered, compressed oops, g1 gc, windows-amd64)
Heap:
 garbage-first heap   total 189440K, used 141981K [0x0000000080000000, 0x0000000100000000)
  region size 1024K, 45 young (46080K), 6 survivors (6144K)
 Metaspace       used 101931K, capacity 104654K, committed 104780K, reserved 1140736K
  class space    used 12900K, capacity 13867K, committed 13900K, reserved 1048576K
GC Heap History (20 events):
Event: 14.920 GC heap before
{Heap before GC invocations=16 (full 0):
 garbage-first heap   total 157696K, used 118698K [0x0000000080000000, 0x0000000100000000)
  region size 1024K, 49 young (50176K), 5 survivors (5120K)
 Metaspace       used 65773K, capacity 67486K, committed 67660K, reserved 1107968K
  class space    used 8390K, capacity 8963K, committed 9036K, reserved 1048576K
}
Event: 14.927 GC heap after
{Heap after GC invocations=17 (full 0):
 garbage-first heap   total 157696K, used 77818K [0x0000000080000000, 0x0000000100000000)
  region size 1024K, 7 young (7168K), 7 survivors (7168K)
 Metaspace       used 65773K, capacity 67486K, committed 67660K, reserved 1107968K
  class space    used 8390K, capacity 8963K, committed 9036K, reserved 1048576K
}
Event: 15.588 GC heap before
{Heap before GC invocations=17 (full 0):
 garbage-first heap   total 157696K, used 121850K [0x0000000080000000, 0x0000000100000000)
  region size 1024K, 50 young (51200K), 7 survivors (7168K)
 Metaspace       used 70290K, capacity 72014K, committed 72268K, reserved 1112064K
  class space    used 9126K, capacity 9679K, committed 9804K, reserved 1048576K
}
Event: 15.600 GC heap after
{Heap after GC invocations=18 (full 0):
 garbage-first heap   total 157696K, used 80651K [0x0000000080000000, 0x0000000100000000)
  region size 1024K, 4 young (4096K), 4 survivors (4096K)
 Metaspace       used 70290K, capacity 72014K, committed 72268K, reserved 1112064K
  class space    used 9126K, capacity 9679K, committed 9804K, reserved 1048576K
}
Event: 16.366 GC heap before
{Heap before GC invocations=19 (full 0):
 garbage-first heap   total 157696K, used 122635K [0x0000000080000000, 0x0000000100000000)
  region size 1024K, 46 young (47104K), 4 survivors (4096K)
 Metaspace       used 74574K, capacity 76366K, committed 76620K, reserved 1116160K
  class space    used 9624K, capacity 10223K, committed 10316K, reserved 1048576K
}
Event: 16.372 GC heap after
{Heap after GC invocations=20 (full 0):
 garbage-first heap   total 157696K, used 82810K [0x0000000080000000, 0x0000000100000000)
  region size 1024K, 6 young (6144K), 6 survivors (6144K)
 Metaspace       used 74574K, capacity 76366K, committed 76620K, reserved 1116160K
  class space    used 9624K, capacity 10223K, committed 10316K, reserved 1048576K
}
Event: 17.040 GC heap before
{Heap before GC invocations=20 (full 0):
 garbage-first heap   total 157696K, used 125818K [0x0000000080000000, 0x0000000100000000)
  region size 1024K, 48 young (49152K), 6 survivors (6144K)
 Metaspace       used 77129K, capacity 79054K, committed 79308K, reserved 1118208K
  class space    used 9965K, capacity 10589K, committed 10700K, reserved 1048576K
}
Event: 17.054 GC heap after
{Heap after GC invocations=21 (full 0):
 garbage-first heap   total 157696K, used 86336K [0x0000000080000000, 0x0000000100000000)
  region size 1024K, 6 young (6144K), 6 survivors (6144K)
 Metaspace       used 77129K, capacity 79054K, committed 79308K, reserved 1118208K
  class space    used 9965K, capacity 10589K, committed 10700K, reserved 1048576K
}
Event: 17.789 GC heap before
{Heap before GC invocations=22 (full 0):
 garbage-first heap   total 157696K, used 128320K [0x0000000080000000, 0x0000000100000000)
  region size 1024K, 47 young (48128K), 6 survivors (6144K)
 Metaspace       used 80075K, capacity 82116K, committed 82380K, reserved 1120256K
  class space    used 10460K, capacity 11177K, committed 11212K, reserved 1048576K
}
Event: 17.806 GC heap after
{Heap after GC invocations=23 (full 0):
 garbage-first heap   total 189440K, used 88391K [0x0000000080000000, 0x0000000100000000)
  region size 1024K, 2 young (2048K), 2 survivors (2048K)
 Metaspace       used 80075K, capacity 82116K, committed 82380K, reserved 1120256K
  class space    used 10460K, capacity 11177K, committed 11212K, reserved 1048576K
}
Event: 18.921 GC heap before
{Heap before GC invocations=23 (full 0):
 garbage-first heap   total 189440K, used 142663K [0x0000000080000000, 0x0000000100000000)
  region size 1024K, 55 young (56320K), 2 survivors (2048K)
 Metaspace       used 85840K, capacity 87892K, committed 88012K, reserved 1126400K
  class space    used 11171K, capacity 11860K, committed 11980K, reserved 1048576K
}
Event: 18.932 GC heap after
{Heap after GC invocations=24 (full 0):
 garbage-first heap   total 189440K, used 90771K [0x0000000080000000, 0x0000000100000000)
  region size 1024K, 5 young (5120K), 5 survivors (5120K)
 Metaspace       used 85840K, capacity 87892K, committed 88012K, reserved 1126400K
  class space    used 11171K, capacity 11860K, committed 11980K, reserved 1048576K
}
Event: 19.765 GC heap before
{Heap before GC invocations=25 (full 0):
 garbage-first heap   total 189440K, used 145043K [0x0000000080000000, 0x0000000100000000)
  region size 1024K, 58 young (59392K), 5 survivors (5120K)
 Metaspace       used 89028K, capacity 91406K, committed 91724K, reserved 1128448K
  class space    used 11546K, capacity 12292K, committed 12364K, reserved 1048576K
}
Event: 19.776 GC heap after
{Heap after GC invocations=26 (full 0):
 garbage-first heap   total 189440K, used 95595K [0x0000000080000000, 0x0000000100000000)
  region size 1024K, 8 young (8192K), 8 survivors (8192K)
 Metaspace       used 89028K, capacity 91406K, committed 91724K, reserved 1128448K
  class space    used 11546K, capacity 12292K, committed 12364K, reserved 1048576K
}
Event: 20.384 GC heap before
{Heap before GC invocations=26 (full 0):
 garbage-first heap   total 189440K, used 148843K [0x0000000080000000, 0x0000000100000000)
  region size 1024K, 61 young (62464K), 8 survivors (8192K)
 Metaspace       used 91543K, capacity 93879K, committed 94028K, reserved 1130496K
  class space    used 11789K, capacity 12560K, committed 12620K, reserved 1048576K
}
Event: 20.399 GC heap after
{Heap after GC invocations=27 (full 0):
 garbage-first heap   total 189440K, used 98381K [0x0000000080000000, 0x0000000100000000)
  region size 1024K, 4 young (4096K), 4 survivors (4096K)
 Metaspace       used 91543K, capacity 93879K, committed 94028K, reserved 1130496K
  class space    used 11789K, capacity 12560K, committed 12620K, reserved 1048576K
}
Event: 20.971 GC heap before
{Heap before GC invocations=28 (full 0):
 garbage-first heap   total 189440K, used 132173K [0x0000000080000000, 0x0000000100000000)
  region size 1024K, 39 young (39936K), 4 survivors (4096K)
 Metaspace       used 95136K, capacity 97634K, committed 97996K, reserved 1134592K
  class space    used 12286K, capacity 13142K, committed 13260K, reserved 1048576K
}
Event: 20.979 GC heap after
{Heap after GC invocations=29 (full 0):
 garbage-first heap   total 189440K, used 100056K [0x0000000080000000, 0x0000000100000000)
  region size 1024K, 5 young (5120K), 5 survivors (5120K)
 Metaspace       used 95136K, capacity 97634K, committed 97996K, reserved 1134592K
  class space    used 12286K, capacity 13142K, committed 13260K, reserved 1048576K
}
Event: 80.061 GC heap before
{Heap before GC invocations=30 (full 0):
 garbage-first heap   total 189440K, used 154328K [0x0000000080000000, 0x0000000100000000)
  region size 1024K, 58 young (59392K), 5 survivors (5120K)
 Metaspace       used 100954K, capacity 103691K, committed 103884K, reserved 1138688K
  class space    used 12807K, capacity 13765K, committed 13772K, reserved 1048576K
}
Event: 80.071 GC heap after
{Heap after GC invocations=31 (full 0):
 garbage-first heap   total 189440K, used 103069K [0x0000000080000000, 0x0000000100000000)
  region size 1024K, 6 young (6144K), 6 survivors (6144K)
 Metaspace       used 100954K, capacity 103691K, committed 103884K, reserved 1138688K
  class space    used 12807K, capacity 13765K, committed 13772K, reserved 1048576K
}

