# JRE version: OpenJDK Runtime Environment (11.0.10) (build 11.0.10+0-b96-7249189)
# Java VM: OpenJDK 64-Bit Server VM (11.0.10+0-b96-7249189, mixed mode, tiered, compressed oops, g1 gc, windows-amd64)
Heap:
 garbage-first heap   total 389120K, used 218822K [0x0000000080000000, 0x0000000100000000)
  region size 1024K, 105 young (107520K), 9 survivors (9216K)
 Metaspace       used 151377K, capacity 155801K, committed 156032K, reserved 1185792K
  class space    used 18561K, capacity 20130K, committed 20352K, reserved 1048576K
GC Heap History (20 events):
Event: 31.851 GC heap before
{Heap before GC invocations=57 (full 0):
 garbage-first heap   total 850944K, used 702656K [0x0000000080000000, 0x0000000100000000)
  region size 1024K, 498 young (509952K), 30 survivors (30720K)
 Metaspace       used 103868K, capacity 106384K, committed 106624K, reserved 1142784K
  class space    used 12953K, capacity 13885K, committed 13952K, reserved 1048576K
}
Event: 31.924 GC heap after
{Heap after GC invocations=58 (full 0):
 garbage-first heap   total 850944K, used 247922K [0x0000000080000000, 0x0000000100000000)
  region size 1024K, 63 young (64512K), 63 survivors (64512K)
 Metaspace       used 103868K, capacity 106384K, committed 106624K, reserved 1142784K
  class space    used 12953K, capacity 13885K, committed 13952K, reserved 1048576K
}
Event: 48.949 GC heap before
{Heap before GC invocations=58 (full 0):
 garbage-first heap   total 850944K, used 718962K [0x0000000080000000, 0x0000000100000000)
  region size 1024K, 498 young (509952K), 63 survivors (64512K)
 Metaspace       used 112726K, capacity 115485K, committed 115840K, reserved 1150976K
  class space    used 14109K, capacity 15107K, committed 15232K, reserved 1048576K
}
Event: 49.035 GC heap after
{Heap after GC invocations=59 (full 0):
 garbage-first heap   total 850944K, used 267891K [0x0000000080000000, 0x0000000100000000)
  region size 1024K, 20 young (20480K), 20 survivors (20480K)
 Metaspace       used 112726K, capacity 115485K, committed 115840K, reserved 1150976K
  class space    used 14109K, capacity 15107K, committed 15232K, reserved 1048576K
}
Event: 53.799 GC heap before
{Heap before GC invocations=59 (full 0):
 garbage-first heap   total 850944K, used 723570K [0x0000000080000000, 0x0000000100000000)
  region size 1024K, 437 young (447488K), 20 survivors (20480K)
 Metaspace       used 125511K, capacity 128801K, committed 129024K, reserved 1161216K
  class space    used 15703K, capacity 16886K, committed 16896K, reserved 1048576K
}
Event: 53.837 GC heap after
{Heap after GC invocations=60 (full 0):
 garbage-first heap   total 850944K, used 278643K [0x0000000080000000, 0x0000000100000000)
  region size 1024K, 29 young (29696K), 29 survivors (29696K)
 Metaspace       used 125511K, capacity 128801K, committed 129024K, reserved 1161216K
  class space    used 15703K, capacity 16886K, committed 16896K, reserved 1048576K
}
Event: 632.472 GC heap before
{Heap before GC invocations=60 (full 0):
 garbage-first heap   total 850944K, used 361587K [0x0000000080000000, 0x0000000100000000)
  region size 1024K, 93 young (95232K), 29 survivors (29696K)
 Metaspace       used 131106K, capacity 134643K, committed 134912K, reserved 1167360K
  class space    used 16254K, capacity 17552K, committed 17664K, reserved 1048576K
}
Event: 632.503 GC heap after
{Heap after GC invocations=61 (full 0):
 garbage-first heap   total 850944K, used 299008K [0x0000000080000000, 0x0000000100000000)
  region size 1024K, 9 young (9216K), 9 survivors (9216K)
 Metaspace       used 131106K, capacity 134643K, committed 134912K, reserved 1167360K
  class space    used 16254K, capacity 17552K, committed 17664K, reserved 1048576K
}
Event: 771.099 GC heap before
{Heap before GC invocations=61 (full 0):
 garbage-first heap   total 850944K, used 711680K [0x0000000080000000, 0x0000000100000000)
  region size 1024K, 412 young (421888K), 9 survivors (9216K)
 Metaspace       used 150142K, capacity 154528K, committed 154752K, reserved 1183744K
  class space    used 18497K, capacity 20088K, committed 20096K, reserved 1048576K
}
Event: 771.136 GC heap after
{Heap after GC invocations=62 (full 0):
 garbage-first heap   total 850944K, used 321303K [0x0000000080000000, 0x0000000100000000)
  region size 1024K, 31 young (31744K), 31 survivors (31744K)
 Metaspace       used 150142K, capacity 154528K, committed 154752K, reserved 1183744K
  class space    used 18497K, capacity 20088K, committed 20096K, reserved 1048576K
}
Event: 776.891 GC heap before
{Heap before GC invocations=62 (full 0):
 garbage-first heap   total 850944K, used 751383K [0x0000000080000000, 0x0000000100000000)
  region size 1024K, 409 young (418816K), 31 survivors (31744K)
 Metaspace       used 150902K, capacity 155516K, committed 155776K, reserved 1185792K
  class space    used 18590K, capacity 20231K, committed 20352K, reserved 1048576K
}
Event: 776.979 GC heap after
{Heap after GC invocations=63 (full 0):
 garbage-first heap   total 850944K, used 411602K [0x0000000080000000, 0x0000000100000000)
  region size 1024K, 52 young (53248K), 52 survivors (53248K)
 Metaspace       used 150902K, capacity 155516K, committed 155776K, reserved 1185792K
  class space    used 18590K, capacity 20231K, committed 20352K, reserved 1048576K
}
Event: 777.291 GC heap before
{Heap before GC invocations=63 (full 0):
 garbage-first heap   total 850944K, used 448466K [0x0000000080000000, 0x0000000100000000)
  region size 1024K, 81 young (82944K), 52 survivors (53248K)
 Metaspace       used 150906K, capacity 155516K, committed 155776K, reserved 1185792K
  class space    used 18591K, capacity 20231K, committed 20352K, reserved 1048576K
}
Event: 777.398 GC heap after
{Heap after GC invocations=64 (full 0):
 garbage-first heap   total 850944K, used 425984K [0x0000000080000000, 0x0000000100000000)
  region size 1024K, 4 young (4096K), 4 survivors (4096K)
 Metaspace       used 150906K, capacity 155516K, committed 155776K, reserved 1185792K
  class space    used 18591K, capacity 20231K, committed 20352K, reserved 1048576K
}
Event: 4377.405 GC heap before
{Heap before GC invocations=64 (full 0):
 garbage-first heap   total 850944K, used 553984K [0x0000000080000000, 0x0000000100000000)
  region size 1024K, 110 young (112640K), 4 survivors (4096K)
 Metaspace       used 151091K, capacity 155655K, committed 155776K, reserved 1185792K
  class space    used 18592K, capacity 20233K, committed 20352K, reserved 1048576K
}
Event: 4378.338 GC heap after
{Heap after GC invocations=65 (full 1):
 garbage-first heap   total 389120K, used 111993K [0x0000000080000000, 0x0000000100000000)
  region size 1024K, 0 young (0K), 0 survivors (0K)
 Metaspace       used 150875K, capacity 155184K, committed 155776K, reserved 1185792K
  class space    used 18523K, capacity 20072K, committed 20352K, reserved 1048576K
}
Event: 8699.546 GC heap before
{Heap before GC invocations=65 (full 1):
 garbage-first heap   total 389120K, used 229753K [0x0000000080000000, 0x0000000100000000)
  region size 1024K, 116 young (118784K), 0 survivors (0K)
 Metaspace       used 150968K, capacity 155334K, committed 155776K, reserved 1185792K
  class space    used 18536K, capacity 20095K, committed 20352K, reserved 1048576K
}
Event: 8699.555 GC heap after
{Heap after GC invocations=66 (full 1):
 garbage-first heap   total 389120K, used 115065K [0x0000000080000000, 0x0000000100000000)
  region size 1024K, 3 young (3072K), 3 survivors (3072K)
 Metaspace       used 150968K, capacity 155334K, committed 155776K, reserved 1185792K
  class space    used 18536K, capacity 20095K, committed 20352K, reserved 1048576K
}
Event: 8702.035 GC heap before
{Heap before GC invocations=66 (full 1):
 garbage-first heap   total 389120K, used 261497K [0x0000000080000000, 0x0000000100000000)
  region size 1024K, 130 young (133120K), 3 survivors (3072K)
 Metaspace       used 151247K, capacity 155637K, committed 156032K, reserved 1185792K
  class space    used 18554K, capacity 20124K, committed 20352K, reserved 1048576K
}
Event: 8702.050 GC heap after
{Heap after GC invocations=67 (full 1):
 garbage-first heap   total 389120K, used 120518K [0x0000000080000000, 0x0000000100000000)
  region size 1024K, 9 young (9216K), 9 survivors (9216K)
 Metaspace       used 151247K, capacity 155637K, committed 156032K, reserved 1185792K
  class space    used 18554K, capacity 20124K, committed 20352K, reserved 1048576K
}

