# JRE version: OpenJDK Runtime Environment (11.0.8+10) (build 11.0.8+10-b944.6842174)
# Java VM: OpenJDK 64-Bit Server VM (11.0.8+10-b944.6842174, mixed mode, tiered, compressed oops, g1 gc, windows-amd64)
Heap:
 garbage-first heap   total 189440K, used 80905K [0x0000000080000000, 0x0000000100000000)
  region size 1024K, 4 young (4096K), 4 survivors (4096K)
 Metaspace       used 71667K, capacity 73408K, committed 73600K, reserved 1114112K
  class space    used 9271K, capacity 9844K, committed 9932K, reserved 1048576K
GC Heap History (20 events):
Event: 6.156 GC heap after
{Heap after GC invocations=7 (full 0):
 garbage-first heap   total 131072K, used 32762K [0x0000000080000000, 0x0000000100000000)
  region size 1024K, 7 young (7168K), 7 survivors (7168K)
 Metaspace       used 32734K, capacity 33491K, committed 33536K, reserved 1079296K
  class space    used 4311K, capacity 4570K, committed 4608K, reserved 1048576K
}
Event: 6.290 GC heap before
{Heap before GC invocations=7 (full 0):
 garbage-first heap   total 131072K, used 36858K [0x0000000080000000, 0x0000000100000000)
  region size 1024K, 12 young (12288K), 7 survivors (7168K)
 Metaspace       used 35009K, capacity 35803K, committed 35840K, reserved 1081344K
  class space    used 4546K, capacity 4830K, committed 4864K, reserved 1048576K
}
Event: 6.300 GC heap after
{Heap after GC invocations=8 (full 0):
 garbage-first heap   total 157696K, used 34419K [0x0000000080000000, 0x0000000100000000)
  region size 1024K, 6 young (6144K), 6 survivors (6144K)
 Metaspace       used 35009K, capacity 35803K, committed 35840K, reserved 1081344K
  class space    used 4546K, capacity 4830K, committed 4864K, reserved 1048576K
}
Event: 7.059 GC heap before
{Heap before GC invocations=9 (full 0):
 garbage-first heap   total 157696K, used 87667K [0x0000000080000000, 0x0000000100000000)
  region size 1024K, 52 young (53248K), 6 survivors (6144K)
 Metaspace       used 40073K, capacity 40945K, committed 41164K, reserved 1085440K
  class space    used 5144K, capacity 5480K, committed 5580K, reserved 1048576K
}
Event: 7.066 GC heap after
{Heap after GC invocations=10 (full 0):
 garbage-first heap   total 157696K, used 42088K [0x0000000080000000, 0x0000000100000000)
  region size 1024K, 5 young (5120K), 5 survivors (5120K)
 Metaspace       used 40073K, capacity 40945K, committed 41164K, reserved 1085440K
  class space    used 5144K, capacity 5480K, committed 5580K, reserved 1048576K
}
Event: 7.629 GC heap before
{Heap before GC invocations=10 (full 0):
 garbage-first heap   total 157696K, used 93288K [0x0000000080000000, 0x0000000100000000)
  region size 1024K, 52 young (53248K), 5 survivors (5120K)
 Metaspace       used 43831K, capacity 44956K, committed 45260K, reserved 1089536K
  class space    used 5608K, capacity 5978K, committed 6092K, reserved 1048576K
}
Event: 7.637 GC heap after
{Heap after GC invocations=11 (full 0):
 garbage-first heap   total 157696K, used 48957K [0x0000000080000000, 0x0000000100000000)
  region size 1024K, 7 young (7168K), 7 survivors (7168K)
 Metaspace       used 43831K, capacity 44956K, committed 45260K, reserved 1089536K
  class space    used 5608K, capacity 5978K, committed 6092K, reserved 1048576K
}
Event: 8.389 GC heap before
{Heap before GC invocations=11 (full 0):
 garbage-first heap   total 157696K, used 97085K [0x0000000080000000, 0x0000000100000000)
  region size 1024K, 55 young (56320K), 7 survivors (7168K)
 Metaspace       used 46820K, capacity 48161K, committed 48204K, reserved 1091584K
  class space    used 6024K, capacity 6444K, committed 6476K, reserved 1048576K
}
Event: 8.406 GC heap after
{Heap after GC invocations=12 (full 0):
 garbage-first heap   total 157696K, used 52134K [0x0000000080000000, 0x0000000100000000)
  region size 1024K, 3 young (3072K), 3 survivors (3072K)
 Metaspace       used 46820K, capacity 48161K, committed 48204K, reserved 1091584K
  class space    used 6024K, capacity 6444K, committed 6476K, reserved 1048576K
}
Event: 8.982 GC heap before
{Heap before GC invocations=12 (full 0):
 garbage-first heap   total 157696K, used 109478K [0x0000000080000000, 0x0000000100000000)
  region size 1024K, 53 young (54272K), 3 survivors (3072K)
 Metaspace       used 51108K, capacity 52635K, committed 52812K, reserved 1095680K
  class space    used 6517K, capacity 6972K, committed 6988K, reserved 1048576K
}
Event: 8.987 GC heap after
{Heap after GC invocations=13 (full 0):
 garbage-first heap   total 157696K, used 67144K [0x0000000080000000, 0x0000000100000000)
  region size 1024K, 7 young (7168K), 7 survivors (7168K)
 Metaspace       used 51108K, capacity 52635K, committed 52812K, reserved 1095680K
  class space    used 6517K, capacity 6972K, committed 6988K, reserved 1048576K
}
Event: 9.876 GC heap before
{Heap before GC invocations=13 (full 0):
 garbage-first heap   total 157696K, used 112200K [0x0000000080000000, 0x0000000100000000)
  region size 1024K, 51 young (52224K), 7 survivors (7168K)
 Metaspace       used 57814K, capacity 59411K, committed 59724K, reserved 1101824K
  class space    used 7379K, capacity 7906K, committed 8012K, reserved 1048576K
}
Event: 9.885 GC heap after
{Heap after GC invocations=14 (full 0):
 garbage-first heap   total 157696K, used 70111K [0x0000000080000000, 0x0000000100000000)
  region size 1024K, 3 young (3072K), 3 survivors (3072K)
 Metaspace       used 57814K, capacity 59411K, committed 59724K, reserved 1101824K
  class space    used 7379K, capacity 7906K, committed 8012K, reserved 1048576K
}
Event: 9.993 GC heap before
{Heap before GC invocations=14 (full 0):
 garbage-first heap   total 157696K, used 81375K [0x0000000080000000, 0x0000000100000000)
  region size 1024K, 16 young (16384K), 3 survivors (3072K)
 Metaspace       used 58485K, capacity 60139K, committed 60288K, reserved 1101824K
  class space    used 7475K, capacity 8039K, committed 8140K, reserved 1048576K
}
Event: 9.999 GC heap after
{Heap after GC invocations=15 (full 0):
 garbage-first heap   total 157696K, used 71316K [0x0000000080000000, 0x0000000100000000)
  region size 1024K, 4 young (4096K), 4 survivors (4096K)
 Metaspace       used 58485K, capacity 60139K, committed 60288K, reserved 1101824K
  class space    used 7475K, capacity 8039K, committed 8140K, reserved 1048576K
}
Event: 10.775 GC heap before
{Heap before GC invocations=16 (full 0):
 garbage-first heap   total 157696K, used 118420K [0x0000000080000000, 0x0000000100000000)
  region size 1024K, 49 young (50176K), 4 survivors (4096K)
 Metaspace       used 63130K, capacity 64668K, committed 64896K, reserved 1105920K
  class space    used 8023K, capacity 8536K, committed 8652K, reserved 1048576K
}
Event: 10.783 GC heap after
{Heap after GC invocations=17 (full 0):
 garbage-first heap   total 157696K, used 73789K [0x0000000080000000, 0x0000000100000000)
  region size 1024K, 5 young (5120K), 5 survivors (5120K)
 Metaspace       used 63130K, capacity 64668K, committed 64896K, reserved 1105920K
  class space    used 8023K, capacity 8536K, committed 8652K, reserved 1048576K
}
Event: 11.256 GC heap before
{Heap before GC invocations=18 (full 0):
 garbage-first heap   total 157696K, used 119869K [0x0000000080000000, 0x0000000100000000)
  region size 1024K, 50 young (51200K), 5 survivors (5120K)
 Metaspace       used 66190K, capacity 67939K, committed 68224K, reserved 1107968K
  class space    used 8472K, capacity 9030K, committed 9164K, reserved 1048576K
}
Event: 11.263 GC heap after
{Heap after GC invocations=19 (full 0):
 garbage-first heap   total 157696K, used 77977K [0x0000000080000000, 0x0000000100000000)
  region size 1024K, 7 young (7168K), 7 survivors (7168K)
 Metaspace       used 66190K, capacity 67939K, committed 68224K, reserved 1107968K
  class space    used 8472K, capacity 9030K, committed 9164K, reserved 1048576K
}
Event: 11.861 GC heap before
{Heap before GC invocations=19 (full 0):
 garbage-first heap   total 157696K, used 123033K [0x0000000080000000, 0x0000000100000000)
  region size 1024K, 51 young (52224K), 7 survivors (7168K)
 Metaspace       used 71667K, capacity 73408K, committed 73600K, reserved 1114112K
  class space    used 9271K, capacity 9844K, committed 9932K, reserved 1048576K
}

