# JRE version: OpenJDK Runtime Environment (11.0.8+10) (build 11.0.8+10-b944.6842174)
# Java VM: OpenJDK 64-Bit Server VM (11.0.8+10-b944.6842174, mixed mode, tiered, compressed oops, g1 gc, windows-amd64)
Heap:
 garbage-first heap   total 584704K, used 147184K [0x0000000080000000, 0x0000000100000000)
  region size 1024K, 19 young (19456K), 19 survivors (19456K)
 Metaspace       used 95841K, capacity 98077K, committed 98304K, reserved 1134592K
  class space    used 12344K, capacity 13214K, committed 13312K, reserved 1048576K
GC Heap History (20 events):
Event: 17.305 GC heap after
{Heap after GC invocations=32 (full 0):
 garbage-first heap   total 273408K, used 129644K [0x0000000080000000, 0x0000000100000000)
  region size 1024K, 5 young (5120K), 5 survivors (5120K)
 Metaspace       used 94503K, capacity 96630K, committed 97024K, reserved 1132544K
  class space    used 12314K, capacity 13152K, committed 13312K, reserved 1048576K
}
Event: 17.603 GC heap before
{Heap before GC invocations=32 (full 0):
 garbage-first heap   total 273408K, used 211564K [0x0000000080000000, 0x0000000100000000)
  region size 1024K, 85 young (87040K), 5 survivors (5120K)
 Metaspace       used 94765K, capacity 96968K, committed 97280K, reserved 1132544K
  class space    used 12317K, capacity 13155K, committed 13312K, reserved 1048576K
}
Event: 17.611 GC heap after
{Heap after GC invocations=33 (full 0):
 garbage-first heap   total 273408K, used 129297K [0x0000000080000000, 0x0000000100000000)
  region size 1024K, 5 young (5120K), 5 survivors (5120K)
 Metaspace       used 94765K, capacity 96968K, committed 97280K, reserved 1132544K
  class space    used 12317K, capacity 13155K, committed 13312K, reserved 1048576K
}
Event: 17.808 GC heap before
{Heap before GC invocations=34 (full 0):
 garbage-first heap   total 273408K, used 217361K [0x0000000080000000, 0x0000000100000000)
  region size 1024K, 91 young (93184K), 5 survivors (5120K)
 Metaspace       used 94993K, capacity 97192K, committed 97536K, reserved 1134592K
  class space    used 12321K, capacity 13163K, committed 13312K, reserved 1048576K
}
Event: 17.819 GC heap after
{Heap after GC invocations=35 (full 0):
 garbage-first heap   total 328704K, used 131049K [0x0000000080000000, 0x0000000100000000)
  region size 1024K, 6 young (6144K), 6 survivors (6144K)
 Metaspace       used 94993K, capacity 97192K, committed 97536K, reserved 1134592K
  class space    used 12321K, capacity 13163K, committed 13312K, reserved 1048576K
}
Event: 18.092 GC heap before
{Heap before GC invocations=35 (full 0):
 garbage-first heap   total 328704K, used 255977K [0x0000000080000000, 0x0000000100000000)
  region size 1024K, 129 young (132096K), 6 survivors (6144K)
 Metaspace       used 95264K, capacity 97439K, committed 97792K, reserved 1134592K
  class space    used 12329K, capacity 13171K, committed 13312K, reserved 1048576K
}
Event: 18.104 GC heap after
{Heap after GC invocations=36 (full 0):
 garbage-first heap   total 328704K, used 133766K [0x0000000080000000, 0x0000000100000000)
  region size 1024K, 9 young (9216K), 9 survivors (9216K)
 Metaspace       used 95264K, capacity 97439K, committed 97792K, reserved 1134592K
  class space    used 12329K, capacity 13171K, committed 13312K, reserved 1048576K
}
Event: 18.289 GC heap before
{Heap before GC invocations=36 (full 0):
 garbage-first heap   total 328704K, used 268934K [0x0000000080000000, 0x0000000100000000)
  region size 1024K, 141 young (144384K), 9 survivors (9216K)
 Metaspace       used 95410K, capacity 97676K, committed 98048K, reserved 1134592K
  class space    used 12333K, capacity 13203K, committed 13312K, reserved 1048576K
}
Event: 18.304 GC heap after
{Heap after GC invocations=37 (full 0):
 garbage-first heap   total 328704K, used 135325K [0x0000000080000000, 0x0000000100000000)
  region size 1024K, 11 young (11264K), 11 survivors (11264K)
 Metaspace       used 95410K, capacity 97676K, committed 98048K, reserved 1134592K
  class space    used 12333K, capacity 13203K, committed 13312K, reserved 1048576K
}
Event: 18.477 GC heap before
{Heap before GC invocations=37 (full 0):
 garbage-first heap   total 328704K, used 271517K [0x0000000080000000, 0x0000000100000000)
  region size 1024K, 144 young (147456K), 11 survivors (11264K)
 Metaspace       used 95463K, capacity 97687K, committed 98048K, reserved 1134592K
  class space    used 12334K, capacity 13206K, committed 13312K, reserved 1048576K
}
Event: 18.490 GC heap after
{Heap after GC invocations=38 (full 0):
 garbage-first heap   total 328704K, used 136201K [0x0000000080000000, 0x0000000100000000)
  region size 1024K, 11 young (11264K), 11 survivors (11264K)
 Metaspace       used 95463K, capacity 97687K, committed 98048K, reserved 1134592K
  class space    used 12334K, capacity 13206K, committed 13312K, reserved 1048576K
}
Event: 18.681 GC heap before
{Heap before GC invocations=38 (full 0):
 garbage-first heap   total 328704K, used 275465K [0x0000000080000000, 0x0000000100000000)
  region size 1024K, 148 young (151552K), 11 survivors (11264K)
 Metaspace       used 95547K, capacity 97764K, committed 98048K, reserved 1134592K
  class space    used 12337K, capacity 13209K, committed 13312K, reserved 1048576K
}
Event: 18.699 GC heap after
{Heap after GC invocations=39 (full 0):
 garbage-first heap   total 419840K, used 136653K [0x0000000080000000, 0x0000000100000000)
  region size 1024K, 11 young (11264K), 11 survivors (11264K)
 Metaspace       used 95547K, capacity 97764K, committed 98048K, reserved 1134592K
  class space    used 12337K, capacity 13209K, committed 13312K, reserved 1048576K
}
Event: 19.017 GC heap before
{Heap before GC invocations=39 (full 0):
 garbage-first heap   total 419840K, used 353741K [0x0000000080000000, 0x0000000100000000)
  region size 1024K, 223 young (228352K), 11 survivors (11264K)
 Metaspace       used 95646K, capacity 97857K, committed 98048K, reserved 1134592K
  class space    used 12340K, capacity 13213K, committed 13312K, reserved 1048576K
}
Event: 19.032 GC heap after
{Heap after GC invocations=40 (full 0):
 garbage-first heap   total 419840K, used 141284K [0x0000000080000000, 0x0000000100000000)
  region size 1024K, 15 young (15360K), 15 survivors (15360K)
 Metaspace       used 95646K, capacity 97857K, committed 98048K, reserved 1134592K
  class space    used 12340K, capacity 13213K, committed 13312K, reserved 1048576K
}
Event: 19.309 GC heap before
{Heap before GC invocations=40 (full 0):
 garbage-first heap   total 419840K, used 357348K [0x0000000080000000, 0x0000000100000000)
  region size 1024K, 227 young (232448K), 15 survivors (15360K)
 Metaspace       used 95717K, capacity 97930K, committed 98048K, reserved 1134592K
  class space    used 12340K, capacity 13213K, committed 13312K, reserved 1048576K
}
Event: 19.330 GC heap after
{Heap after GC invocations=41 (full 0):
 garbage-first heap   total 419840K, used 142308K [0x0000000080000000, 0x0000000100000000)
  region size 1024K, 16 young (16384K), 16 survivors (16384K)
 Metaspace       used 95717K, capacity 97930K, committed 98048K, reserved 1134592K
  class space    used 12340K, capacity 13213K, committed 13312K, reserved 1048576K
}
Event: 19.677 GC heap before
{Heap before GC invocations=41 (full 0):
 garbage-first heap   total 419840K, used 359396K [0x0000000080000000, 0x0000000100000000)
  region size 1024K, 229 young (234496K), 16 survivors (16384K)
 Metaspace       used 95789K, capacity 98006K, committed 98304K, reserved 1134592K
  class space    used 12342K, capacity 13213K, committed 13312K, reserved 1048576K
}
Event: 19.694 GC heap after
{Heap after GC invocations=42 (full 0):
 garbage-first heap   total 419840K, used 143735K [0x0000000080000000, 0x0000000100000000)
  region size 1024K, 17 young (17408K), 17 survivors (17408K)
 Metaspace       used 95789K, capacity 98006K, committed 98304K, reserved 1134592K
  class space    used 12342K, capacity 13213K, committed 13312K, reserved 1048576K
}
Event: 19.963 GC heap before
{Heap before GC invocations=42 (full 0):
 garbage-first heap   total 419840K, used 358775K [0x0000000080000000, 0x0000000100000000)
  region size 1024K, 227 young (232448K), 17 survivors (17408K)
 Metaspace       used 95841K, capacity 98077K, committed 98304K, reserved 1134592K
  class space    used 12344K, capacity 13214K, committed 13312K, reserved 1048576K
}

