# JRE version: OpenJDK Runtime Environment (11.0.8+10) (build 11.0.8+10-b944.6842174)
# Java VM: OpenJDK 64-Bit Server VM (11.0.8+10-b944.6842174, mixed mode, tiered, compressed oops, g1 gc, windows-amd64)
Heap:
 garbage-first heap   total 131072K, used 108046K [0x00000000c0000000, 0x0000000100000000)
  region size 1024K, 18 young (18432K), 3 survivors (3072K)
 Metaspace       used 87787K, capacity 89891K, committed 90492K, reserved 1128448K
  class space    used 11373K, capacity 12052K, committed 12288K, reserved 1048576K
GC Heap History (20 events):
Event: 11.795 GC heap before
{Heap before GC invocations=21 (full 0):
 garbage-first heap   total 131072K, used 106041K [0x00000000c0000000, 0x0000000100000000)
  region size 1024K, 29 young (29696K), 2 survivors (2048K)
 Metaspace       used 71197K, capacity 73003K, committed 73212K, reserved 1112064K
  class space    used 9211K, capacity 9779K, committed 9856K, reserved 1048576K
}
Event: 11.800 GC heap after
{Heap after GC invocations=22 (full 0):
 garbage-first heap   total 131072K, used 80426K [0x00000000c0000000, 0x0000000100000000)
  region size 1024K, 4 young (4096K), 4 survivors (4096K)
 Metaspace       used 71197K, capacity 73003K, committed 73212K, reserved 1112064K
  class space    used 9211K, capacity 9779K, committed 9856K, reserved 1048576K
}
Event: 12.205 GC heap before
{Heap before GC invocations=23 (full 0):
 garbage-first heap   total 131072K, used 106026K [0x00000000c0000000, 0x0000000100000000)
  region size 1024K, 30 young (30720K), 4 survivors (4096K)
 Metaspace       used 74136K, capacity 75947K, committed 76156K, reserved 1116160K
  class space    used 9554K, capacity 10139K, committed 10240K, reserved 1048576K
}
Event: 12.211 GC heap after
{Heap after GC invocations=24 (full 0):
 garbage-first heap   total 131072K, used 81675K [0x00000000c0000000, 0x0000000100000000)
  region size 1024K, 4 young (4096K), 4 survivors (4096K)
 Metaspace       used 74136K, capacity 75947K, committed 76156K, reserved 1116160K
  class space    used 9554K, capacity 10139K, committed 10240K, reserved 1048576K
}
Event: 12.553 GC heap before
{Heap before GC invocations=24 (full 0):
 garbage-first heap   total 131072K, used 108299K [0x00000000c0000000, 0x0000000100000000)
  region size 1024K, 30 young (30720K), 4 survivors (4096K)
 Metaspace       used 75893K, capacity 77701K, committed 77820K, reserved 1116160K
  class space    used 9757K, capacity 10357K, committed 10368K, reserved 1048576K
}
Event: 12.560 GC heap after
{Heap after GC invocations=25 (full 0):
 garbage-first heap   total 131072K, used 83661K [0x00000000c0000000, 0x0000000100000000)
  region size 1024K, 4 young (4096K), 4 survivors (4096K)
 Metaspace       used 75893K, capacity 77701K, committed 77820K, reserved 1116160K
  class space    used 9757K, capacity 10357K, committed 10368K, reserved 1048576K
}
Event: 12.857 GC heap before
{Heap before GC invocations=26 (full 0):
 garbage-first heap   total 131072K, used 109261K [0x00000000c0000000, 0x0000000100000000)
  region size 1024K, 29 young (29696K), 4 survivors (4096K)
 Metaspace       used 77320K, capacity 79229K, committed 79356K, reserved 1118208K
  class space    used 9979K, capacity 10622K, committed 10624K, reserved 1048576K
}
Event: 12.864 GC heap after
{Heap after GC invocations=27 (full 0):
 garbage-first heap   total 131072K, used 85555K [0x00000000c0000000, 0x0000000100000000)
  region size 1024K, 4 young (4096K), 4 survivors (4096K)
 Metaspace       used 77320K, capacity 79229K, committed 79356K, reserved 1118208K
  class space    used 9979K, capacity 10622K, committed 10624K, reserved 1048576K
}
Event: 13.218 GC heap before
{Heap before GC invocations=27 (full 0):
 garbage-first heap   total 131072K, used 111155K [0x00000000c0000000, 0x0000000100000000)
  region size 1024K, 29 young (29696K), 4 survivors (4096K)
 Metaspace       used 78849K, capacity 80884K, committed 81148K, reserved 1120256K
  class space    used 10189K, capacity 10845K, committed 10880K, reserved 1048576K
}
Event: 13.228 GC heap after
{Heap after GC invocations=28 (full 0):
 garbage-first heap   total 131072K, used 87740K [0x00000000c0000000, 0x0000000100000000)
  region size 1024K, 4 young (4096K), 4 survivors (4096K)
 Metaspace       used 78849K, capacity 80884K, committed 81148K, reserved 1120256K
  class space    used 10189K, capacity 10845K, committed 10880K, reserved 1048576K
}
Event: 13.532 GC heap before
{Heap before GC invocations=29 (full 0):
 garbage-first heap   total 131072K, used 110268K [0x00000000c0000000, 0x0000000100000000)
  region size 1024K, 27 young (27648K), 4 survivors (4096K)
 Metaspace       used 80012K, capacity 82197K, committed 82556K, reserved 1120256K
  class space    used 10402K, capacity 11151K, committed 11264K, reserved 1048576K
}
Event: 13.540 GC heap after
{Heap after GC invocations=30 (full 0):
 garbage-first heap   total 131072K, used 89514K [0x00000000c0000000, 0x0000000100000000)
  region size 1024K, 2 young (2048K), 2 survivors (2048K)
 Metaspace       used 80012K, capacity 82197K, committed 82556K, reserved 1120256K
  class space    used 10402K, capacity 11151K, committed 11264K, reserved 1048576K
}
Event: 13.806 GC heap before
{Heap before GC invocations=30 (full 0):
 garbage-first heap   total 131072K, used 112042K [0x00000000c0000000, 0x0000000100000000)
  region size 1024K, 24 young (24576K), 2 survivors (2048K)
 Metaspace       used 81918K, capacity 84092K, committed 84348K, reserved 1122304K
  class space    used 10708K, capacity 11485K, committed 11520K, reserved 1048576K
}
Event: 13.811 GC heap after
{Heap after GC invocations=31 (full 0):
 garbage-first heap   total 131072K, used 90248K [0x00000000c0000000, 0x0000000100000000)
  region size 1024K, 1 young (1024K), 1 survivors (1024K)
 Metaspace       used 81918K, capacity 84092K, committed 84348K, reserved 1122304K
  class space    used 10708K, capacity 11485K, committed 11520K, reserved 1048576K
}
Event: 14.113 GC heap before
{Heap before GC invocations=32 (full 0):
 garbage-first heap   total 131072K, used 110728K [0x00000000c0000000, 0x0000000100000000)
  region size 1024K, 22 young (22528K), 1 survivors (1024K)
 Metaspace       used 83945K, capacity 86094K, committed 86396K, reserved 1124352K
  class space    used 10981K, capacity 11716K, committed 11776K, reserved 1048576K
}
Event: 14.117 GC heap after
{Heap after GC invocations=33 (full 0):
 garbage-first heap   total 131072K, used 90939K [0x00000000c0000000, 0x0000000100000000)
  region size 1024K, 2 young (2048K), 2 survivors (2048K)
 Metaspace       used 83945K, capacity 86094K, committed 86396K, reserved 1124352K
  class space    used 10981K, capacity 11716K, committed 11776K, reserved 1048576K
}
Event: 14.353 GC heap before
{Heap before GC invocations=33 (full 0):
 garbage-first heap   total 131072K, used 111419K [0x00000000c0000000, 0x0000000100000000)
  region size 1024K, 22 young (22528K), 2 survivors (2048K)
 Metaspace       used 85974K, capacity 88142K, committed 88444K, reserved 1126400K
  class space    used 11230K, capacity 11972K, committed 12032K, reserved 1048576K
}
Event: 14.359 GC heap after
{Heap after GC invocations=34 (full 0):
 garbage-first heap   total 131072K, used 91513K [0x00000000c0000000, 0x0000000100000000)
  region size 1024K, 3 young (3072K), 3 survivors (3072K)
 Metaspace       used 85974K, capacity 88142K, committed 88444K, reserved 1126400K
  class space    used 11230K, capacity 11972K, committed 12032K, reserved 1048576K
}
Event: 14.649 GC heap before
{Heap before GC invocations=35 (full 0):
 garbage-first heap   total 131072K, used 111993K [0x00000000c0000000, 0x0000000100000000)
  region size 1024K, 23 young (23552K), 3 survivors (3072K)
 Metaspace       used 87177K, capacity 89218K, committed 89980K, reserved 1126400K
  class space    used 11315K, capacity 12007K, committed 12288K, reserved 1048576K
}
Event: 14.660 GC heap after
{Heap after GC invocations=36 (full 0):
 garbage-first heap   total 131072K, used 93710K [0x00000000c0000000, 0x0000000100000000)
  region size 1024K, 3 young (3072K), 3 survivors (3072K)
 Metaspace       used 87177K, capacity 89218K, committed 89980K, reserved 1126400K
  class space    used 11315K, capacity 12007K, committed 12288K, reserved 1048576K
}

