# JRE version: OpenJDK Runtime Environment (11.0.8+10) (build 11.0.8+10-b944.6842174)
# Java VM: OpenJDK 64-Bit Server VM (11.0.8+10-b944.6842174, mixed mode, tiered, compressed oops, g1 gc, windows-amd64)
Heap:
 garbage-first heap   total 157696K, used 49886K [0x0000000080000000, 0x0000000100000000)
  region size 1024K, 15 young (15360K), 8 survivors (8192K)
 Metaspace       used 40207K, capacity 41104K, committed 41340K, reserved 1085440K
  class space    used 5160K, capacity 5513K, committed 5632K, reserved 1048576K
GC Heap History (12 events):
Event: 0.618 GC heap before
{Heap before GC invocations=0 (full 0):
 garbage-first heap   total 131072K, used 29696K [0x0000000080000000, 0x0000000100000000)
  region size 1024K, 24 young (24576K), 0 survivors (0K)
 Metaspace       used 10467K, capacity 10677K, committed 11008K, reserved 1058816K
  class space    used 1097K, capacity 1195K, committed 1280K, reserved 1048576K
}
Event: 0.622 GC heap after
{Heap after GC invocations=1 (full 0):
 garbage-first heap   total 131072K, used 8781K [0x0000000080000000, 0x0000000100000000)
  region size 1024K, 3 young (3072K), 3 survivors (3072K)
 Metaspace       used 10467K, capacity 10677K, committed 11008K, reserved 1058816K
  class space    used 1097K, capacity 1195K, committed 1280K, reserved 1048576K
}
Event: 2.019 GC heap before
{Heap before GC invocations=1 (full 0):
 garbage-first heap   total 131072K, used 82509K [0x0000000080000000, 0x0000000100000000)
  region size 1024K, 76 young (77824K), 3 survivors (3072K)
 Metaspace       used 19015K, capacity 19473K, committed 19712K, reserved 1067008K
  class space    used 2298K, capacity 2469K, committed 2560K, reserved 1048576K
}
Event: 2.026 GC heap after
{Heap after GC invocations=2 (full 0):
 garbage-first heap   total 131072K, used 15699K [0x0000000080000000, 0x0000000100000000)
  region size 1024K, 10 young (10240K), 10 survivors (10240K)
 Metaspace       used 19015K, capacity 19473K, committed 19712K, reserved 1067008K
  class space    used 2298K, capacity 2469K, committed 2560K, reserved 1048576K
}
Event: 2.151 GC heap before
{Heap before GC invocations=2 (full 0):
 garbage-first heap   total 131072K, used 27987K [0x0000000080000000, 0x0000000100000000)
  region size 1024K, 23 young (23552K), 10 survivors (10240K)
 Metaspace       used 20632K, capacity 21139K, committed 21296K, reserved 1069056K
  class space    used 2524K, capacity 2688K, committed 2688K, reserved 1048576K
}
Event: 2.156 GC heap after
{Heap after GC invocations=3 (full 0):
 garbage-first heap   total 131072K, used 16164K [0x0000000080000000, 0x0000000100000000)
  region size 1024K, 1 young (1024K), 1 survivors (1024K)
 Metaspace       used 20632K, capacity 21139K, committed 21296K, reserved 1069056K
  class space    used 2524K, capacity 2688K, committed 2688K, reserved 1048576K
}
Event: 2.655 GC heap before
{Heap before GC invocations=4 (full 0):
 garbage-first heap   total 131072K, used 71460K [0x0000000080000000, 0x0000000100000000)
  region size 1024K, 51 young (52224K), 1 survivors (1024K)
 Metaspace       used 26118K, capacity 26833K, committed 26928K, reserved 1073152K
  class space    used 3406K, capacity 3645K, committed 3712K, reserved 1048576K
}
Event: 2.658 GC heap after
{Heap after GC invocations=5 (full 0):
 garbage-first heap   total 131072K, used 24231K [0x0000000080000000, 0x0000000100000000)
  region size 1024K, 4 young (4096K), 4 survivors (4096K)
 Metaspace       used 26118K, capacity 26833K, committed 26928K, reserved 1073152K
  class space    used 3406K, capacity 3645K, committed 3712K, reserved 1048576K
}
Event: 3.357 GC heap before
{Heap before GC invocations=5 (full 0):
 garbage-first heap   total 131072K, used 78503K [0x0000000080000000, 0x0000000100000000)
  region size 1024K, 55 young (56320K), 4 survivors (4096K)
 Metaspace       used 34823K, capacity 35574K, committed 35708K, reserved 1081344K
  class space    used 4523K, capacity 4798K, committed 4864K, reserved 1048576K
}
Event: 3.366 GC heap after
{Heap after GC invocations=6 (full 0):
 garbage-first heap   total 131072K, used 31738K [0x0000000080000000, 0x0000000100000000)
  region size 1024K, 7 young (7168K), 7 survivors (7168K)
 Metaspace       used 34823K, capacity 35574K, committed 35708K, reserved 1081344K
  class space    used 4523K, capacity 4798K, committed 4864K, reserved 1048576K
}
Event: 4.055 GC heap before
{Heap before GC invocations=7 (full 0):
 garbage-first heap   total 131072K, used 94202K [0x0000000080000000, 0x0000000100000000)
  region size 1024K, 59 young (60416K), 7 survivors (7168K)
 Metaspace       used 40198K, capacity 41104K, committed 41340K, reserved 1085440K
  class space    used 5160K, capacity 5513K, committed 5632K, reserved 1048576K
}
Event: 4.063 GC heap after
{Heap after GC invocations=8 (full 0):
 garbage-first heap   total 157696K, used 43742K [0x0000000080000000, 0x0000000100000000)
  region size 1024K, 8 young (8192K), 8 survivors (8192K)
 Metaspace       used 40198K, capacity 41104K, committed 41340K, reserved 1085440K
  class space    used 5160K, capacity 5513K, committed 5632K, reserved 1048576K
}

