# JRE version: OpenJDK Runtime Environment (11.0.8+10) (build 11.0.8+10-b944.6842174)
# Java VM: OpenJDK 64-Bit Server VM (11.0.8+10-b944.6842174, mixed mode, tiered, compressed oops, g1 gc, windows-amd64)
Heap:
 garbage-first heap   total 131072K, used 99105K [0x0000000080000000, 0x0000000100000000)
  region size 1024K, 59 young (60416K), 4 survivors (4096K)
 Metaspace       used 40603K, capacity 41609K, committed 41728K, reserved 1085440K
  class space    used 5205K, capacity 5592K, committed 5632K, reserved 1048576K
GC Heap History (10 events):
Event: 0.825 GC heap before
{Heap before GC invocations=0 (full 0):
 garbage-first heap   total 131072K, used 29696K [0x0000000080000000, 0x0000000100000000)
  region size 1024K, 24 young (24576K), 0 survivors (0K)
 Metaspace       used 10448K, capacity 10645K, committed 11008K, reserved 1058816K
  class space    used 1094K, capacity 1163K, committed 1280K, reserved 1048576K
}
Event: 0.831 GC heap after
{Heap after GC invocations=1 (full 0):
 garbage-first heap   total 131072K, used 9324K [0x0000000080000000, 0x0000000100000000)
  region size 1024K, 3 young (3072K), 3 survivors (3072K)
 Metaspace       used 10448K, capacity 10645K, committed 11008K, reserved 1058816K
  class space    used 1094K, capacity 1163K, committed 1280K, reserved 1048576K
}
Event: 1.375 GC heap before
{Heap before GC invocations=1 (full 0):
 garbage-first heap   total 131072K, used 49260K [0x0000000080000000, 0x0000000100000000)
  region size 1024K, 43 young (44032K), 3 survivors (3072K)
 Metaspace       used 11368K, capacity 11686K, committed 11904K, reserved 1060864K
  class space    used 1228K, capacity 1339K, committed 1408K, reserved 1048576K
}
Event: 1.381 GC heap after
{Heap after GC invocations=2 (full 0):
 garbage-first heap   total 131072K, used 13537K [0x0000000080000000, 0x0000000100000000)
  region size 1024K, 6 young (6144K), 6 survivors (6144K)
 Metaspace       used 11368K, capacity 11686K, committed 11904K, reserved 1060864K
  class space    used 1228K, capacity 1339K, committed 1408K, reserved 1048576K
}
Event: 3.592 GC heap before
{Heap before GC invocations=2 (full 0):
 garbage-first heap   total 131072K, used 58593K [0x0000000080000000, 0x0000000100000000)
  region size 1024K, 51 young (52224K), 6 survivors (6144K)
 Metaspace       used 20650K, capacity 21114K, committed 21248K, reserved 1067008K
  class space    used 2536K, capacity 2723K, committed 2816K, reserved 1048576K
}
Event: 3.615 GC heap after
{Heap after GC invocations=3 (full 0):
 garbage-first heap   total 131072K, used 16272K [0x0000000080000000, 0x0000000100000000)
  region size 1024K, 7 young (7168K), 7 survivors (7168K)
 Metaspace       used 20650K, capacity 21114K, committed 21248K, reserved 1067008K
  class space    used 2536K, capacity 2723K, committed 2816K, reserved 1048576K
}
Event: 4.534 GC heap before
{Heap before GC invocations=4 (full 0):
 garbage-first heap   total 131072K, used 80784K [0x0000000080000000, 0x0000000100000000)
  region size 1024K, 62 young (63488K), 7 survivors (7168K)
 Metaspace       used 26418K, capacity 27201K, committed 27392K, reserved 1073152K
  class space    used 3463K, capacity 3729K, committed 3840K, reserved 1048576K
}
Event: 4.542 GC heap after
{Heap after GC invocations=5 (full 0):
 garbage-first heap   total 131072K, used 31120K [0x0000000080000000, 0x0000000100000000)
  region size 1024K, 8 young (8192K), 8 survivors (8192K)
 Metaspace       used 26418K, capacity 27201K, committed 27392K, reserved 1073152K
  class space    used 3463K, capacity 3729K, committed 3840K, reserved 1048576K
}
Event: 5.703 GC heap before
{Heap before GC invocations=5 (full 0):
 garbage-first heap   total 131072K, used 80272K [0x0000000080000000, 0x0000000100000000)
  region size 1024K, 57 young (58368K), 8 survivors (8192K)
 Metaspace       used 35080K, capacity 35803K, committed 35840K, reserved 1081344K
  class space    used 4557K, capacity 4830K, committed 4864K, reserved 1048576K
}
Event: 5.720 GC heap after
{Heap after GC invocations=6 (full 0):
 garbage-first heap   total 131072K, used 34593K [0x0000000080000000, 0x0000000100000000)
  region size 1024K, 4 young (4096K), 4 survivors (4096K)
 Metaspace       used 35080K, capacity 35803K, committed 35840K, reserved 1081344K
  class space    used 4557K, capacity 4830K, committed 4864K, reserved 1048576K
}

