# JRE version: OpenJDK Runtime Environment (11.0.8+10) (build 11.0.8+10-b944.6842174)
# Java VM: OpenJDK 64-Bit Server VM (11.0.8+10-b944.6842174, mixed mode, tiered, compressed oops, g1 gc, windows-amd64)
Heap:
 garbage-first heap   total 157696K, used 93126K [0x00000000c0000000, 0x0000000100000000)
  region size 1024K, 4 young (4096K), 4 survivors (4096K)
 Metaspace       used 87867K, capacity 90102K, committed 90364K, reserved 1128448K
  class space    used 11426K, capacity 12148K, committed 12160K, reserved 1048576K
GC Heap History (20 events):
Event: 11.504 GC heap after
{Heap after GC invocations=22 (full 0):
 garbage-first heap   total 131072K, used 77063K [0x00000000c0000000, 0x0000000100000000)
  region size 1024K, 2 young (2048K), 2 survivors (2048K)
 Metaspace       used 67445K, capacity 69125K, committed 69372K, reserved 1110016K
  class space    used 8745K, capacity 9323K, committed 9344K, reserved 1048576K
}
Event: 11.945 GC heap before
{Heap before GC invocations=22 (full 0):
 garbage-first heap   total 131072K, used 104711K [0x00000000c0000000, 0x0000000100000000)
  region size 1024K, 29 young (29696K), 2 survivors (2048K)
 Metaspace       used 71170K, capacity 72940K, committed 73212K, reserved 1112064K
  class space    used 9211K, capacity 9779K, committed 9856K, reserved 1048576K
}
Event: 11.950 GC heap after
{Heap after GC invocations=23 (full 0):
 garbage-first heap   total 131072K, used 78906K [0x00000000c0000000, 0x0000000100000000)
  region size 1024K, 4 young (4096K), 4 survivors (4096K)
 Metaspace       used 71170K, capacity 72940K, committed 73212K, reserved 1112064K
  class space    used 9211K, capacity 9779K, committed 9856K, reserved 1048576K
}
Event: 12.424 GC heap before
{Heap before GC invocations=24 (full 0):
 garbage-first heap   total 131072K, used 105530K [0x00000000c0000000, 0x0000000100000000)
  region size 1024K, 31 young (31744K), 4 survivors (4096K)
 Metaspace       used 74245K, capacity 76056K, committed 76156K, reserved 1116160K
  class space    used 9573K, capacity 10154K, committed 10240K, reserved 1048576K
}
Event: 12.433 GC heap after
{Heap after GC invocations=25 (full 0):
 garbage-first heap   total 131072K, used 80087K [0x00000000c0000000, 0x0000000100000000)
  region size 1024K, 4 young (4096K), 4 survivors (4096K)
 Metaspace       used 74245K, capacity 76056K, committed 76156K, reserved 1116160K
  class space    used 9573K, capacity 10154K, committed 10240K, reserved 1048576K
}
Event: 12.743 GC heap before
{Heap before GC invocations=25 (full 0):
 garbage-first heap   total 131072K, used 107735K [0x00000000c0000000, 0x0000000100000000)
  region size 1024K, 31 young (31744K), 4 survivors (4096K)
 Metaspace       used 75931K, capacity 77756K, committed 77820K, reserved 1116160K
  class space    used 9763K, capacity 10355K, committed 10368K, reserved 1048576K
}
Event: 12.749 GC heap after
{Heap after GC invocations=26 (full 0):
 garbage-first heap   total 131072K, used 82343K [0x00000000c0000000, 0x0000000100000000)
  region size 1024K, 4 young (4096K), 4 survivors (4096K)
 Metaspace       used 75931K, capacity 77756K, committed 77820K, reserved 1116160K
  class space    used 9763K, capacity 10355K, committed 10368K, reserved 1048576K
}
Event: 13.039 GC heap before
{Heap before GC invocations=27 (full 0):
 garbage-first heap   total 131072K, used 108967K [0x00000000c0000000, 0x0000000100000000)
  region size 1024K, 30 young (30720K), 4 survivors (4096K)
 Metaspace       used 77332K, capacity 79165K, committed 79356K, reserved 1118208K
  class space    used 9983K, capacity 10622K, committed 10624K, reserved 1048576K
}
Event: 13.046 GC heap after
{Heap after GC invocations=28 (full 0):
 garbage-first heap   total 131072K, used 84107K [0x00000000c0000000, 0x0000000100000000)
  region size 1024K, 2 young (2048K), 2 survivors (2048K)
 Metaspace       used 77332K, capacity 79165K, committed 79356K, reserved 1118208K
  class space    used 9983K, capacity 10622K, committed 10624K, reserved 1048576K
}
Event: 13.434 GC heap before
{Heap before GC invocations=28 (full 0):
 garbage-first heap   total 131072K, used 109707K [0x00000000c0000000, 0x0000000100000000)
  region size 1024K, 27 young (27648K), 2 survivors (2048K)
 Metaspace       used 78922K, capacity 80946K, committed 81148K, reserved 1120256K
  class space    used 10190K, capacity 10844K, committed 10880K, reserved 1048576K
}
Event: 13.443 GC heap after
{Heap after GC invocations=29 (full 0):
 garbage-first heap   total 131072K, used 86743K [0x00000000c0000000, 0x0000000100000000)
  region size 1024K, 4 young (4096K), 4 survivors (4096K)
 Metaspace       used 78922K, capacity 80946K, committed 81148K, reserved 1120256K
  class space    used 10190K, capacity 10844K, committed 10880K, reserved 1048576K
}
Event: 13.751 GC heap before
{Heap before GC invocations=30 (full 0):
 garbage-first heap   total 131072K, used 110295K [0x00000000c0000000, 0x0000000100000000)
  region size 1024K, 28 young (28672K), 4 survivors (4096K)
 Metaspace       used 80113K, capacity 82244K, committed 82428K, reserved 1120256K
  class space    used 10391K, capacity 11123K, committed 11136K, reserved 1048576K
}
Event: 13.759 GC heap after
{Heap after GC invocations=31 (full 0):
 garbage-first heap   total 131072K, used 88322K [0x00000000c0000000, 0x0000000100000000)
  region size 1024K, 2 young (2048K), 2 survivors (2048K)
 Metaspace       used 80113K, capacity 82244K, committed 82428K, reserved 1120256K
  class space    used 10391K, capacity 11123K, committed 11136K, reserved 1048576K
}
Event: 14.011 GC heap before
{Heap before GC invocations=31 (full 0):
 garbage-first heap   total 131072K, used 110850K [0x00000000c0000000, 0x0000000100000000)
  region size 1024K, 24 young (24576K), 2 survivors (2048K)
 Metaspace       used 82279K, capacity 84391K, committed 84604K, reserved 1122304K
  class space    used 10736K, capacity 11490K, committed 11520K, reserved 1048576K
}
Event: 14.016 GC heap after
{Heap after GC invocations=32 (full 0):
 garbage-first heap   total 131072K, used 88823K [0x00000000c0000000, 0x0000000100000000)
  region size 1024K, 3 young (3072K), 3 survivors (3072K)
 Metaspace       used 82279K, capacity 84391K, committed 84604K, reserved 1122304K
  class space    used 10736K, capacity 11490K, committed 11520K, reserved 1048576K
}
Event: 14.281 GC heap before
{Heap before GC invocations=33 (full 0):
 garbage-first heap   total 131072K, used 111351K [0x00000000c0000000, 0x0000000100000000)
  region size 1024K, 25 young (25600K), 3 survivors (3072K)
 Metaspace       used 84514K, capacity 86651K, committed 86908K, reserved 1124352K
  class space    used 11031K, capacity 11750K, committed 11776K, reserved 1048576K
}
Event: 14.286 GC heap after
{Heap after GC invocations=34 (full 0):
 garbage-first heap   total 131072K, used 89411K [0x00000000c0000000, 0x0000000100000000)
  region size 1024K, 3 young (3072K), 3 survivors (3072K)
 Metaspace       used 84514K, capacity 86651K, committed 86908K, reserved 1124352K
  class space    used 11031K, capacity 11750K, committed 11776K, reserved 1048576K
}
Event: 14.593 GC heap before
{Heap before GC invocations=34 (full 0):
 garbage-first heap   total 131072K, used 111939K [0x00000000c0000000, 0x0000000100000000)
  region size 1024K, 25 young (25600K), 3 survivors (3072K)
 Metaspace       used 86528K, capacity 88635K, committed 88700K, reserved 1126400K
  class space    used 11284K, capacity 12006K, committed 12032K, reserved 1048576K
}
Event: 14.604 GC heap after
{Heap after GC invocations=35 (full 0):
 garbage-first heap   total 131072K, used 90628K [0x00000000c0000000, 0x0000000100000000)
  region size 1024K, 3 young (3072K), 3 survivors (3072K)
 Metaspace       used 86528K, capacity 88635K, committed 88700K, reserved 1126400K
  class space    used 11284K, capacity 12006K, committed 12032K, reserved 1048576K
}
Event: 15.000 GC heap before
{Heap before GC invocations=36 (full 0):
 garbage-first heap   total 131072K, used 113156K [0x00000000c0000000, 0x0000000100000000)
  region size 1024K, 25 young (25600K), 3 survivors (3072K)
 Metaspace       used 87867K, capacity 90102K, committed 90364K, reserved 1128448K
  class space    used 11426K, capacity 12148K, committed 12160K, reserved 1048576K
}

