# JRE version: OpenJDK Runtime Environment (11.0.8+10) (build 11.0.8+10-b944.6842174)
# Java VM: OpenJDK 64-Bit Server VM (11.0.8+10-b944.6842174, mixed mode, tiered, compressed oops, g1 gc, windows-amd64)
Heap:
 garbage-first heap   total 131072K, used 41434K [0x0000000080000000, 0x0000000100000000)
  region size 1024K, 27 young (27648K), 3 survivors (3072K)
 Metaspace       used 28507K, capacity 29078K, committed 29184K, reserved 1075200K
  class space    used 3794K, capacity 4030K, committed 4096K, reserved 1048576K
GC Heap History (8 events):
Event: 1.064 GC heap before
{Heap before GC invocations=0 (full 0):
 garbage-first heap   total 131072K, used 29696K [0x0000000080000000, 0x0000000100000000)
  region size 1024K, 24 young (24576K), 0 survivors (0K)
 Metaspace       used 10457K, capacity 10677K, committed 11008K, reserved 1058816K
  class space    used 1097K, capacity 1195K, committed 1280K, reserved 1048576K
}
Event: 1.075 GC heap after
{Heap after GC invocations=1 (full 0):
 garbage-first heap   total 131072K, used 9011K [0x0000000080000000, 0x0000000100000000)
  region size 1024K, 3 young (3072K), 3 survivors (3072K)
 Metaspace       used 10457K, capacity 10677K, committed 11008K, reserved 1058816K
  class space    used 1097K, capacity 1195K, committed 1280K, reserved 1048576K
}
Event: 4.199 GC heap before
{Heap before GC invocations=1 (full 0):
 garbage-first heap   total 131072K, used 82739K [0x0000000080000000, 0x0000000100000000)
  region size 1024K, 76 young (77824K), 3 survivors (3072K)
 Metaspace       used 18883K, capacity 19314K, committed 19328K, reserved 1067008K
  class space    used 2285K, capacity 2426K, committed 2432K, reserved 1048576K
}
Event: 4.209 GC heap after
{Heap after GC invocations=2 (full 0):
 garbage-first heap   total 131072K, used 16059K [0x0000000080000000, 0x0000000100000000)
  region size 1024K, 10 young (10240K), 10 survivors (10240K)
 Metaspace       used 18883K, capacity 19314K, committed 19328K, reserved 1067008K
  class space    used 2285K, capacity 2426K, committed 2432K, reserved 1048576K
}
Event: 4.453 GC heap before
{Heap before GC invocations=2 (full 0):
 garbage-first heap   total 131072K, used 28347K [0x0000000080000000, 0x0000000100000000)
  region size 1024K, 24 young (24576K), 10 survivors (10240K)
 Metaspace       used 20654K, capacity 21115K, committed 21248K, reserved 1067008K
  class space    used 2540K, capacity 2712K, committed 2816K, reserved 1048576K
}
Event: 4.465 GC heap after
{Heap after GC invocations=3 (full 0):
 garbage-first heap   total 131072K, used 16114K [0x0000000080000000, 0x0000000100000000)
  region size 1024K, 1 young (1024K), 1 survivors (1024K)
 Metaspace       used 20654K, capacity 21115K, committed 21248K, reserved 1067008K
  class space    used 2540K, capacity 2712K, committed 2816K, reserved 1048576K
}
Event: 5.035 GC heap before
{Heap before GC invocations=4 (full 0):
 garbage-first heap   total 131072K, used 64242K [0x0000000080000000, 0x0000000100000000)
  region size 1024K, 48 young (49152K), 1 survivors (1024K)
 Metaspace       used 26147K, capacity 26745K, committed 27008K, reserved 1073152K
  class space    used 3417K, capacity 3634K, committed 3712K, reserved 1048576K
}
Event: 5.039 GC heap after
{Heap after GC invocations=5 (full 0):
 garbage-first heap   total 131072K, used 17882K [0x0000000080000000, 0x0000000100000000)
  region size 1024K, 3 young (3072K), 3 survivors (3072K)
 Metaspace       used 26147K, capacity 26745K, committed 27008K, reserved 1073152K
  class space    used 3417K, capacity 3634K, committed 3712K, reserved 1048576K
}

