# JRE version: OpenJDK Runtime Environment (11.0.8+10) (build 11.0.8+10-b944.6842174)
# Java VM: OpenJDK 64-Bit Server VM (11.0.8+10-b944.6842174, mixed mode, tiered, compressed oops, g1 gc, windows-amd64)
Heap:
 garbage-first heap   total 157696K, used 107139K [0x0000000080000000, 0x0000000100000000)
  region size 1024K, 40 young (40960K), 6 survivors (6144K)
 Metaspace       used 41032K, capacity 42043K, committed 42316K, reserved 1091584K
  class space    used 5240K, capacity 5624K, committed 5708K, reserved 1048576K
GC Heap History (20 events):
Event: 0.607 GC heap before
{Heap before GC invocations=0 (full 0):
 garbage-first heap   total 131072K, used 29696K [0x0000000080000000, 0x0000000100000000)
  region size 1024K, 24 young (24576K), 0 survivors (0K)
 Metaspace       used 10455K, capacity 10677K, committed 11008K, reserved 1058816K
  class space    used 1097K, capacity 1195K, committed 1280K, reserved 1048576K
}
Event: 0.611 GC heap after
{Heap after GC invocations=1 (full 0):
 garbage-first heap   total 131072K, used 9020K [0x0000000080000000, 0x0000000100000000)
  region size 1024K, 3 young (3072K), 3 survivors (3072K)
 Metaspace       used 10455K, capacity 10677K, committed 11008K, reserved 1058816K
  class space    used 1097K, capacity 1195K, committed 1280K, reserved 1048576K
}
Event: 1.905 GC heap before
{Heap before GC invocations=1 (full 0):
 garbage-first heap   total 131072K, used 82748K [0x0000000080000000, 0x0000000100000000)
  region size 1024K, 76 young (77824K), 3 survivors (3072K)
 Metaspace       used 18962K, capacity 19473K, committed 19712K, reserved 1067008K
  class space    used 2292K, capacity 2469K, committed 2560K, reserved 1048576K
}
Event: 1.911 GC heap after
{Heap after GC invocations=2 (full 0):
 garbage-first heap   total 131072K, used 16105K [0x0000000080000000, 0x0000000100000000)
  region size 1024K, 10 young (10240K), 10 survivors (10240K)
 Metaspace       used 18962K, capacity 19473K, committed 19712K, reserved 1067008K
  class space    used 2292K, capacity 2469K, committed 2560K, reserved 1048576K
}
Event: 2.005 GC heap before
{Heap before GC invocations=2 (full 0):
 garbage-first heap   total 131072K, used 27369K [0x0000000080000000, 0x0000000100000000)
  region size 1024K, 23 young (23552K), 10 survivors (10240K)
 Metaspace       used 20630K, capacity 21114K, committed 21248K, reserved 1067008K
  class space    used 2532K, capacity 2723K, committed 2816K, reserved 1048576K
}
Event: 2.011 GC heap after
{Heap after GC invocations=3 (full 0):
 garbage-first heap   total 131072K, used 16590K [0x0000000080000000, 0x0000000100000000)
  region size 1024K, 1 young (1024K), 1 survivors (1024K)
 Metaspace       used 20630K, capacity 21114K, committed 21248K, reserved 1067008K
  class space    used 2532K, capacity 2723K, committed 2816K, reserved 1048576K
}
Event: 2.412 GC heap before
{Heap before GC invocations=4 (full 0):
 garbage-first heap   total 131072K, used 66766K [0x0000000080000000, 0x0000000100000000)
  region size 1024K, 48 young (49152K), 1 survivors (1024K)
 Metaspace       used 25879K, capacity 26548K, committed 26752K, reserved 1073152K
  class space    used 3373K, capacity 3599K, committed 3712K, reserved 1048576K
}
Event: 2.415 GC heap after
{Heap after GC invocations=5 (full 0):
 garbage-first heap   total 131072K, used 20587K [0x0000000080000000, 0x0000000100000000)
  region size 1024K, 3 young (3072K), 3 survivors (3072K)
 Metaspace       used 25879K, capacity 26548K, committed 26752K, reserved 1073152K
  class space    used 3373K, capacity 3599K, committed 3712K, reserved 1048576K
}
Event: 2.990 GC heap before
{Heap before GC invocations=5 (full 0):
 garbage-first heap   total 131072K, used 79979K [0x0000000080000000, 0x0000000100000000)
  region size 1024K, 54 young (55296K), 3 survivors (3072K)
 Metaspace       used 32811K, capacity 33549K, committed 33792K, reserved 1079296K
  class space    used 4311K, capacity 4569K, committed 4608K, reserved 1048576K
}
Event: 2.993 GC heap after
{Heap after GC invocations=6 (full 0):
 garbage-first heap   total 131072K, used 32413K [0x0000000080000000, 0x0000000100000000)
  region size 1024K, 7 young (7168K), 7 survivors (7168K)
 Metaspace       used 32811K, capacity 33549K, committed 33792K, reserved 1079296K
  class space    used 4311K, capacity 4569K, committed 4608K, reserved 1048576K
}
Event: 3.078 GC heap before
{Heap before GC invocations=6 (full 0):
 garbage-first heap   total 131072K, used 36509K [0x0000000080000000, 0x0000000100000000)
  region size 1024K, 12 young (12288K), 7 survivors (7168K)
 Metaspace       used 35074K, capacity 35797K, committed 35840K, reserved 1081344K
  class space    used 4557K, capacity 4829K, committed 4864K, reserved 1048576K
}
Event: 3.084 GC heap after
{Heap after GC invocations=7 (full 0):
 garbage-first heap   total 131072K, used 33442K [0x0000000080000000, 0x0000000100000000)
  region size 1024K, 2 young (2048K), 2 survivors (2048K)
 Metaspace       used 35074K, capacity 35797K, committed 35840K, reserved 1081344K
  class space    used 4557K, capacity 4829K, committed 4864K, reserved 1048576K
}
Event: 3.495 GC heap before
{Heap before GC invocations=8 (full 0):
 garbage-first heap   total 131072K, used 73378K [0x0000000080000000, 0x0000000100000000)
  region size 1024K, 39 young (39936K), 2 survivors (2048K)
 Metaspace       used 39714K, capacity 40584K, committed 40780K, reserved 1085440K
  class space    used 5098K, capacity 5427K, committed 5452K, reserved 1048576K
}
Event: 3.497 GC heap after
{Heap after GC invocations=9 (full 0):
 garbage-first heap   total 131072K, used 34999K [0x0000000080000000, 0x0000000100000000)
  region size 1024K, 3 young (3072K), 3 survivors (3072K)
 Metaspace       used 39714K, capacity 40584K, committed 40780K, reserved 1085440K
  class space    used 5098K, capacity 5427K, committed 5452K, reserved 1048576K
}
Event: 3.757 GC heap before
{Heap before GC invocations=9 (full 0):
 garbage-first heap   total 131072K, used 84151K [0x0000000080000000, 0x0000000100000000)
  region size 1024K, 44 young (45056K), 3 survivors (3072K)
 Metaspace       used 40162K, capacity 41039K, committed 41164K, reserved 1085440K
  class space    used 5156K, capacity 5512K, committed 5580K, reserved 1048576K
}
Event: 3.763 GC heap after
{Heap after GC invocations=10 (full 0):
 garbage-first heap   total 131072K, used 53878K [0x0000000080000000, 0x0000000100000000)
  region size 1024K, 6 young (6144K), 6 survivors (6144K)
 Metaspace       used 40162K, capacity 41039K, committed 41164K, reserved 1085440K
  class space    used 5156K, capacity 5512K, committed 5580K, reserved 1048576K
}
Event: 3.863 GC heap before
{Heap before GC invocations=10 (full 0):
 garbage-first heap   total 131072K, used 87670K [0x0000000080000000, 0x0000000100000000)
  region size 1024K, 39 young (39936K), 6 survivors (6144K)
 Metaspace       used 40162K, capacity 41039K, committed 41164K, reserved 1085440K
  class space    used 5156K, capacity 5512K, committed 5580K, reserved 1048576K
}
Event: 3.870 GC heap after
{Heap after GC invocations=11 (full 0):
 garbage-first heap   total 157696K, used 64618K [0x0000000080000000, 0x0000000100000000)
  region size 1024K, 5 young (5120K), 5 survivors (5120K)
 Metaspace       used 40162K, capacity 41039K, committed 41164K, reserved 1085440K
  class space    used 5156K, capacity 5512K, committed 5580K, reserved 1048576K
}
Event: 3.970 GC heap before
{Heap before GC invocations=11 (full 0):
 garbage-first heap   total 157696K, used 96362K [0x0000000080000000, 0x0000000100000000)
  region size 1024K, 37 young (37888K), 5 survivors (5120K)
 Metaspace       used 40171K, capacity 41039K, committed 41164K, reserved 1091584K
  class space    used 5159K, capacity 5512K, committed 5580K, reserved 1048576K
}
Event: 3.973 GC heap after
{Heap after GC invocations=12 (full 0):
 garbage-first heap   total 157696K, used 70275K [0x0000000080000000, 0x0000000100000000)
  region size 1024K, 6 young (6144K), 6 survivors (6144K)
 Metaspace       used 40171K, capacity 41039K, committed 41164K, reserved 1091584K
  class space    used 5159K, capacity 5512K, committed 5580K, reserved 1048576K
}

