# JRE version: OpenJDK Runtime Environment (11.0.8+10) (build 11.0.8+10-b944.6842174)
# Java VM: OpenJDK 64-Bit Server VM (11.0.8+10-b944.6842174, mixed mode, tiered, compressed oops, g1 gc, windows-amd64)
Heap:
 garbage-first heap   total 518144K, used 154194K [0x0000000080000000, 0x0000000100000000)
  region size 1024K, 17 young (17408K), 17 survivors (17408K)
 Metaspace       used 93359K, capacity 95443K, committed 95616K, reserved 1132544K
  class space    used 12033K, capacity 12829K, committed 12928K, reserved 1048576K
GC Heap History (20 events):
Event: 21.820 GC heap after
{Heap after GC invocations=40 (full 0):
 garbage-first heap   total 273408K, used 137797K [0x0000000080000000, 0x0000000100000000)
  region size 1024K, 5 young (5120K), 5 survivors (5120K)
 Metaspace       used 92598K, capacity 94696K, committed 95104K, reserved 1132544K
  class space    used 12023K, capacity 12788K, committed 12928K, reserved 1048576K
}
Event: 22.034 GC heap before
{Heap before GC invocations=40 (full 0):
 garbage-first heap   total 273408K, used 215621K [0x0000000080000000, 0x0000000100000000)
  region size 1024K, 81 young (82944K), 5 survivors (5120K)
 Metaspace       used 92839K, capacity 94897K, committed 95104K, reserved 1132544K
  class space    used 12024K, capacity 12788K, committed 12928K, reserved 1048576K
}
Event: 22.043 GC heap after
{Heap after GC invocations=41 (full 0):
 garbage-first heap   total 273408K, used 137800K [0x0000000080000000, 0x0000000100000000)
  region size 1024K, 5 young (5120K), 5 survivors (5120K)
 Metaspace       used 92839K, capacity 94897K, committed 95104K, reserved 1132544K
  class space    used 12024K, capacity 12788K, committed 12928K, reserved 1048576K
}
Event: 22.285 GC heap before
{Heap before GC invocations=41 (full 0):
 garbage-first heap   total 273408K, used 221768K [0x0000000080000000, 0x0000000100000000)
  region size 1024K, 87 young (89088K), 5 survivors (5120K)
 Metaspace       used 92863K, capacity 94904K, committed 95104K, reserved 1132544K
  class space    used 12025K, capacity 12790K, committed 12928K, reserved 1048576K
}
Event: 22.296 GC heap after
{Heap after GC invocations=42 (full 0):
 garbage-first heap   total 328704K, used 139255K [0x0000000080000000, 0x0000000100000000)
  region size 1024K, 6 young (6144K), 6 survivors (6144K)
 Metaspace       used 92863K, capacity 94904K, committed 95104K, reserved 1132544K
  class space    used 12025K, capacity 12790K, committed 12928K, reserved 1048576K
}
Event: 22.647 GC heap before
{Heap before GC invocations=43 (full 0):
 garbage-first heap   total 328704K, used 253943K [0x0000000080000000, 0x0000000100000000)
  region size 1024K, 119 young (121856K), 6 survivors (6144K)
 Metaspace       used 92902K, capacity 95014K, committed 95360K, reserved 1132544K
  class space    used 12030K, capacity 12826K, committed 12928K, reserved 1048576K
}
Event: 22.661 GC heap after
{Heap after GC invocations=44 (full 0):
 garbage-first heap   total 328704K, used 139567K [0x0000000080000000, 0x0000000100000000)
  region size 1024K, 7 young (7168K), 7 survivors (7168K)
 Metaspace       used 92902K, capacity 95014K, committed 95360K, reserved 1132544K
  class space    used 12030K, capacity 12826K, committed 12928K, reserved 1048576K
}
Event: 22.981 GC heap before
{Heap before GC invocations=44 (full 0):
 garbage-first heap   total 328704K, used 264495K [0x0000000080000000, 0x0000000100000000)
  region size 1024K, 129 young (132096K), 7 survivors (7168K)
 Metaspace       used 93143K, capacity 95295K, committed 95616K, reserved 1132544K
  class space    used 12033K, capacity 12828K, committed 12928K, reserved 1048576K
}
Event: 22.993 GC heap after
{Heap after GC invocations=45 (full 0):
 garbage-first heap   total 328704K, used 141151K [0x0000000080000000, 0x0000000100000000)
  region size 1024K, 8 young (8192K), 8 survivors (8192K)
 Metaspace       used 93143K, capacity 95295K, committed 95616K, reserved 1132544K
  class space    used 12033K, capacity 12828K, committed 12928K, reserved 1048576K
}
Event: 23.287 GC heap before
{Heap before GC invocations=45 (full 0):
 garbage-first heap   total 328704K, used 278367K [0x0000000080000000, 0x0000000100000000)
  region size 1024K, 142 young (145408K), 8 survivors (8192K)
 Metaspace       used 93213K, capacity 95363K, committed 95616K, reserved 1132544K
  class space    used 12033K, capacity 12828K, committed 12928K, reserved 1048576K
}
Event: 23.300 GC heap after
{Heap after GC invocations=46 (full 0):
 garbage-first heap   total 328704K, used 142856K [0x0000000080000000, 0x0000000100000000)
  region size 1024K, 10 young (10240K), 10 survivors (10240K)
 Metaspace       used 93213K, capacity 95363K, committed 95616K, reserved 1132544K
  class space    used 12033K, capacity 12828K, committed 12928K, reserved 1048576K
}
Event: 23.672 GC heap before
{Heap before GC invocations=46 (full 0):
 garbage-first heap   total 328704K, used 279048K [0x0000000080000000, 0x0000000100000000)
  region size 1024K, 143 young (146432K), 10 survivors (10240K)
 Metaspace       used 93274K, capacity 95373K, committed 95616K, reserved 1132544K
  class space    used 12033K, capacity 12828K, committed 12928K, reserved 1048576K
}
Event: 23.697 GC heap after
{Heap after GC invocations=47 (full 0):
 garbage-first heap   total 409600K, used 144558K [0x0000000080000000, 0x0000000100000000)
  region size 1024K, 11 young (11264K), 11 survivors (11264K)
 Metaspace       used 93274K, capacity 95373K, committed 95616K, reserved 1132544K
  class space    used 12033K, capacity 12828K, committed 12928K, reserved 1048576K
}
Event: 25.047 GC heap before
{Heap before GC invocations=47 (full 0):
 garbage-first heap   total 409600K, used 344238K [0x0000000080000000, 0x0000000100000000)
  region size 1024K, 206 young (210944K), 11 survivors (11264K)
 Metaspace       used 93306K, capacity 95441K, committed 95616K, reserved 1132544K
  class space    used 12033K, capacity 12829K, committed 12928K, reserved 1048576K
}
Event: 25.070 GC heap after
{Heap after GC invocations=48 (full 0):
 garbage-first heap   total 409600K, used 146315K [0x0000000080000000, 0x0000000100000000)
  region size 1024K, 13 young (13312K), 13 survivors (13312K)
 Metaspace       used 93306K, capacity 95441K, committed 95616K, reserved 1132544K
  class space    used 12033K, capacity 12829K, committed 12928K, reserved 1048576K
}
Event: 26.020 GC heap before
{Heap before GC invocations=48 (full 0):
 garbage-first heap   total 409600K, used 353163K [0x0000000080000000, 0x0000000100000000)
  region size 1024K, 215 young (220160K), 13 survivors (13312K)
 Metaspace       used 93333K, capacity 95443K, committed 95616K, reserved 1132544K
  class space    used 12033K, capacity 12829K, committed 12928K, reserved 1048576K
}
Event: 26.038 GC heap after
{Heap after GC invocations=49 (full 0):
 garbage-first heap   total 409600K, used 148921K [0x0000000080000000, 0x0000000100000000)
  region size 1024K, 15 young (15360K), 15 survivors (15360K)
 Metaspace       used 93333K, capacity 95443K, committed 95616K, reserved 1132544K
  class space    used 12033K, capacity 12829K, committed 12928K, reserved 1048576K
}
Event: 26.367 GC heap before
{Heap before GC invocations=49 (full 0):
 garbage-first heap   total 409600K, used 352697K [0x0000000080000000, 0x0000000100000000)
  region size 1024K, 214 young (219136K), 15 survivors (15360K)
 Metaspace       used 93345K, capacity 95443K, committed 95616K, reserved 1132544K
  class space    used 12033K, capacity 12829K, committed 12928K, reserved 1048576K
}
Event: 26.393 GC heap after
{Heap after GC invocations=50 (full 0):
 garbage-first heap   total 409600K, used 152075K [0x0000000080000000, 0x0000000100000000)
  region size 1024K, 18 young (18432K), 18 survivors (18432K)
 Metaspace       used 93345K, capacity 95443K, committed 95616K, reserved 1132544K
  class space    used 12033K, capacity 12829K, committed 12928K, reserved 1048576K
}
Event: 26.688 GC heap before
{Heap before GC invocations=50 (full 0):
 garbage-first heap   total 409600K, used 348683K [0x0000000080000000, 0x0000000100000000)
  region size 1024K, 210 young (215040K), 18 survivors (18432K)
 Metaspace       used 93359K, capacity 95443K, committed 95616K, reserved 1132544K
  class space    used 12033K, capacity 12829K, committed 12928K, reserved 1048576K
}

