# JRE version: OpenJDK Runtime Environment (11.0.8+10) (build 11.0.8+10-b944.6842174)
# Java VM: OpenJDK 64-Bit Server VM (11.0.8+10-b944.6842174, mixed mode, tiered, compressed oops, g1 gc, windows-amd64)
Heap:
 garbage-first heap   total 505856K, used 149485K [0x0000000080000000, 0x0000000100000000)
  region size 1024K, 14 young (14336K), 14 survivors (14336K)
 Metaspace       used 93349K, capacity 95515K, committed 96000K, reserved 1132544K
  class space    used 12067K, capacity 12861K, committed 13056K, reserved 1048576K
GC Heap History (20 events):
Event: 14.894 GC heap after
{Heap after GC invocations=27 (full 0):
 garbage-first heap   total 227328K, used 137291K [0x0000000080000000, 0x0000000100000000)
  region size 1024K, 3 young (3072K), 3 survivors (3072K)
 Metaspace       used 91403K, capacity 93612K, committed 93952K, reserved 1130496K
  class space    used 12022K, capacity 12853K, committed 13056K, reserved 1048576K
}
Event: 15.185 GC heap before
{Heap before GC invocations=27 (full 0):
 garbage-first heap   total 227328K, used 182347K [0x0000000080000000, 0x0000000100000000)
  region size 1024K, 47 young (48128K), 3 survivors (3072K)
 Metaspace       used 91718K, capacity 93885K, committed 94464K, reserved 1130496K
  class space    used 12038K, capacity 12849K, committed 13056K, reserved 1048576K
}
Event: 15.195 GC heap after
{Heap after GC invocations=28 (full 0):
 garbage-first heap   total 302080K, used 137414K [0x0000000080000000, 0x0000000100000000)
  region size 1024K, 3 young (3072K), 3 survivors (3072K)
 Metaspace       used 91718K, capacity 93885K, committed 94464K, reserved 1130496K
  class space    used 12038K, capacity 12849K, committed 13056K, reserved 1048576K
}
Event: 15.495 GC heap before
{Heap before GC invocations=29 (full 0):
 garbage-first heap   total 302080K, used 208070K [0x0000000080000000, 0x0000000100000000)
  region size 1024K, 72 young (73728K), 3 survivors (3072K)
 Metaspace       used 92355K, capacity 94549K, committed 94976K, reserved 1130496K
  class space    used 12055K, capacity 12851K, committed 13056K, reserved 1048576K
}
Event: 15.502 GC heap after
{Heap after GC invocations=30 (full 0):
 garbage-first heap   total 302080K, used 137901K [0x0000000080000000, 0x0000000100000000)
  region size 1024K, 4 young (4096K), 4 survivors (4096K)
 Metaspace       used 92355K, capacity 94549K, committed 94976K, reserved 1130496K
  class space    used 12055K, capacity 12851K, committed 13056K, reserved 1048576K
}
Event: 15.737 GC heap before
{Heap before GC invocations=30 (full 0):
 garbage-first heap   total 302080K, used 213677K [0x0000000080000000, 0x0000000100000000)
  region size 1024K, 78 young (79872K), 4 survivors (4096K)
 Metaspace       used 92442K, capacity 94613K, committed 94976K, reserved 1130496K
  class space    used 12055K, capacity 12851K, committed 13056K, reserved 1048576K
}
Event: 15.744 GC heap after
{Heap after GC invocations=31 (full 0):
 garbage-first heap   total 302080K, used 138817K [0x0000000080000000, 0x0000000100000000)
  region size 1024K, 5 young (5120K), 5 survivors (5120K)
 Metaspace       used 92442K, capacity 94613K, committed 94976K, reserved 1130496K
  class space    used 12055K, capacity 12851K, committed 13056K, reserved 1048576K
}
Event: 15.975 GC heap before
{Heap before GC invocations=31 (full 0):
 garbage-first heap   total 302080K, used 224833K [0x0000000080000000, 0x0000000100000000)
  region size 1024K, 89 young (91136K), 5 survivors (5120K)
 Metaspace       used 92569K, capacity 94744K, committed 95232K, reserved 1132544K
  class space    used 12058K, capacity 12851K, committed 13056K, reserved 1048576K
}
Event: 15.984 GC heap after
{Heap after GC invocations=32 (full 0):
 garbage-first heap   total 302080K, used 139596K [0x0000000080000000, 0x0000000100000000)
  region size 1024K, 5 young (5120K), 5 survivors (5120K)
 Metaspace       used 92569K, capacity 94744K, committed 95232K, reserved 1132544K
  class space    used 12058K, capacity 12851K, committed 13056K, reserved 1048576K
}
Event: 16.205 GC heap before
{Heap before GC invocations=32 (full 0):
 garbage-first heap   total 302080K, used 233804K [0x0000000080000000, 0x0000000100000000)
  region size 1024K, 97 young (99328K), 5 survivors (5120K)
 Metaspace       used 92674K, capacity 94872K, committed 95232K, reserved 1132544K
  class space    used 12058K, capacity 12851K, committed 13056K, reserved 1048576K
}
Event: 16.215 GC heap after
{Heap after GC invocations=33 (full 0):
 garbage-first heap   total 302080K, used 140681K [0x0000000080000000, 0x0000000100000000)
  region size 1024K, 6 young (6144K), 6 survivors (6144K)
 Metaspace       used 92674K, capacity 94872K, committed 95232K, reserved 1132544K
  class space    used 12058K, capacity 12851K, committed 13056K, reserved 1048576K
}
Event: 16.391 GC heap before
{Heap before GC invocations=33 (full 0):
 garbage-first heap   total 302080K, used 235913K [0x0000000080000000, 0x0000000100000000)
  region size 1024K, 99 young (101376K), 6 survivors (6144K)
 Metaspace       used 92846K, capacity 95004K, committed 95488K, reserved 1132544K
  class space    used 12058K, capacity 12851K, committed 13056K, reserved 1048576K
}
Event: 16.404 GC heap after
{Heap after GC invocations=34 (full 0):
 garbage-first heap   total 362496K, used 142281K [0x0000000080000000, 0x0000000100000000)
  region size 1024K, 8 young (8192K), 8 survivors (8192K)
 Metaspace       used 92846K, capacity 95004K, committed 95488K, reserved 1132544K
  class space    used 12058K, capacity 12851K, committed 13056K, reserved 1048576K
}
Event: 16.626 GC heap before
{Heap before GC invocations=34 (full 0):
 garbage-first heap   total 362496K, used 255945K [0x0000000080000000, 0x0000000100000000)
  region size 1024K, 119 young (121856K), 8 survivors (8192K)
 Metaspace       used 93040K, capacity 95213K, committed 95744K, reserved 1132544K
  class space    used 12058K, capacity 12851K, committed 13056K, reserved 1048576K
}
Event: 16.637 GC heap after
{Heap after GC invocations=35 (full 0):
 garbage-first heap   total 362496K, used 143103K [0x0000000080000000, 0x0000000100000000)
  region size 1024K, 9 young (9216K), 9 survivors (9216K)
 Metaspace       used 93040K, capacity 95213K, committed 95744K, reserved 1132544K
  class space    used 12058K, capacity 12851K, committed 13056K, reserved 1048576K
}
Event: 16.863 GC heap before
{Heap before GC invocations=35 (full 0):
 garbage-first heap   total 362496K, used 290559K [0x0000000080000000, 0x0000000100000000)
  region size 1024K, 153 young (156672K), 9 survivors (9216K)
 Metaspace       used 93217K, capacity 95421K, committed 95744K, reserved 1132544K
  class space    used 12061K, capacity 12854K, committed 13056K, reserved 1048576K
}
Event: 16.879 GC heap after
{Heap after GC invocations=36 (full 0):
 garbage-first heap   total 362496K, used 145002K [0x0000000080000000, 0x0000000100000000)
  region size 1024K, 11 young (11264K), 11 survivors (11264K)
 Metaspace       used 93217K, capacity 95421K, committed 95744K, reserved 1132544K
  class space    used 12061K, capacity 12854K, committed 13056K, reserved 1048576K
}
Event: 17.096 GC heap before
{Heap before GC invocations=36 (full 0):
 garbage-first heap   total 362496K, used 299626K [0x0000000080000000, 0x0000000100000000)
  region size 1024K, 162 young (165888K), 11 survivors (11264K)
 Metaspace       used 93286K, capacity 95431K, committed 95744K, reserved 1132544K
  class space    used 12062K, capacity 12856K, committed 13056K, reserved 1048576K
}
Event: 17.114 GC heap after
{Heap after GC invocations=37 (full 0):
 garbage-first heap   total 362496K, used 147324K [0x0000000080000000, 0x0000000100000000)
  region size 1024K, 13 young (13312K), 13 survivors (13312K)
 Metaspace       used 93286K, capacity 95431K, committed 95744K, reserved 1132544K
  class space    used 12062K, capacity 12856K, committed 13056K, reserved 1048576K
}
Event: 17.322 GC heap before
{Heap before GC invocations=37 (full 0):
 garbage-first heap   total 362496K, used 307068K [0x0000000080000000, 0x0000000100000000)
  region size 1024K, 169 young (173056K), 13 survivors (13312K)
 Metaspace       used 93349K, capacity 95515K, committed 96000K, reserved 1132544K
  class space    used 12067K, capacity 12861K, committed 13056K, reserved 1048576K
}

