# JRE version: OpenJDK Runtime Environment (11.0.8+10) (build 11.0.8+10-b944.6842174)
# Java VM: OpenJDK 64-Bit Server VM (11.0.8+10-b944.6842174, mixed mode, tiered, compressed oops, g1 gc, windows-amd64)
Heap:
 garbage-first heap   total 189440K, used 97536K [0x0000000080000000, 0x0000000100000000)
  region size 1024K, 34 young (34816K), 7 survivors (7168K)
 Metaspace       used 85678K, capacity 87703K, committed 87936K, reserved 1126400K
  class space    used 11172K, capacity 11895K, committed 11904K, reserved 1048576K
GC Heap History (20 events):
Event: 6.506 GC heap before
{Heap before GC invocations=7 (full 0):
 garbage-first heap   total 131072K, used 85189K [0x0000000080000000, 0x0000000100000000)
  region size 1024K, 65 young (66560K), 6 survivors (6144K)
 Metaspace       used 40792K, capacity 41662K, committed 41984K, reserved 1085440K
  class space    used 5213K, capacity 5533K, committed 5632K, reserved 1048576K
}
Event: 6.519 GC heap after
{Heap after GC invocations=8 (full 0):
 garbage-first heap   total 157696K, used 25265K [0x0000000080000000, 0x0000000100000000)
  region size 1024K, 7 young (7168K), 7 survivors (7168K)
 Metaspace       used 40792K, capacity 41662K, committed 41984K, reserved 1085440K
  class space    used 5213K, capacity 5533K, committed 5632K, reserved 1048576K
}
Event: 7.901 GC heap before
{Heap before GC invocations=8 (full 0):
 garbage-first heap   total 157696K, used 107185K [0x0000000080000000, 0x0000000100000000)
  region size 1024K, 86 young (88064K), 7 survivors (7168K)
 Metaspace       used 44939K, capacity 46026K, committed 46208K, reserved 1089536K
  class space    used 5769K, capacity 6158K, committed 6272K, reserved 1048576K
}
Event: 7.910 GC heap after
{Heap after GC invocations=9 (full 0):
 garbage-first heap   total 157696K, used 32526K [0x0000000080000000, 0x0000000100000000)
  region size 1024K, 10 young (10240K), 10 survivors (10240K)
 Metaspace       used 44939K, capacity 46026K, committed 46208K, reserved 1089536K
  class space    used 5769K, capacity 6158K, committed 6272K, reserved 1048576K
}
Event: 9.010 GC heap before
{Heap before GC invocations=9 (full 0):
 garbage-first heap   total 157696K, used 119566K [0x0000000080000000, 0x0000000100000000)
  region size 1024K, 90 young (92160K), 10 survivors (10240K)
 Metaspace       used 55360K, capacity 56715K, committed 56832K, reserved 1097728K
  class space    used 7079K, capacity 7570K, committed 7680K, reserved 1048576K
}
Event: 9.021 GC heap after
{Heap after GC invocations=10 (full 0):
 garbage-first heap   total 157696K, used 45829K [0x0000000080000000, 0x0000000100000000)
  region size 1024K, 12 young (12288K), 12 survivors (12288K)
 Metaspace       used 55360K, capacity 56715K, committed 56832K, reserved 1097728K
  class space    used 7079K, capacity 7570K, committed 7680K, reserved 1048576K
}
Event: 9.388 GC heap before
{Heap before GC invocations=10 (full 0):
 garbage-first heap   total 157696K, used 77573K [0x0000000080000000, 0x0000000100000000)
  region size 1024K, 44 young (45056K), 12 survivors (12288K)
 Metaspace       used 58567K, capacity 60018K, committed 60160K, reserved 1101824K
  class space    used 7446K, capacity 7977K, committed 8064K, reserved 1048576K
}
Event: 9.407 GC heap after
{Heap after GC invocations=11 (full 0):
 garbage-first heap   total 157696K, used 50877K [0x0000000080000000, 0x0000000100000000)
  region size 1024K, 5 young (5120K), 5 survivors (5120K)
 Metaspace       used 58567K, capacity 60018K, committed 60160K, reserved 1101824K
  class space    used 7446K, capacity 7977K, committed 8064K, reserved 1048576K
}
Event: 10.019 GC heap before
{Heap before GC invocations=12 (full 0):
 garbage-first heap   total 157696K, used 105149K [0x0000000080000000, 0x0000000100000000)
  region size 1024K, 58 young (59392K), 5 survivors (5120K)
 Metaspace       used 62004K, capacity 63569K, committed 63744K, reserved 1103872K
  class space    used 7866K, capacity 8431K, committed 8448K, reserved 1048576K
}
Event: 10.026 GC heap after
{Heap after GC invocations=13 (full 0):
 garbage-first heap   total 157696K, used 54080K [0x0000000080000000, 0x0000000100000000)
  region size 1024K, 8 young (8192K), 8 survivors (8192K)
 Metaspace       used 62004K, capacity 63569K, committed 63744K, reserved 1103872K
  class space    used 7866K, capacity 8431K, committed 8448K, reserved 1048576K
}
Event: 10.852 GC heap before
{Heap before GC invocations=13 (full 0):
 garbage-first heap   total 157696K, used 109376K [0x0000000080000000, 0x0000000100000000)
  region size 1024K, 62 young (63488K), 8 survivors (8192K)
 Metaspace       used 68347K, capacity 69908K, committed 70144K, reserved 1110016K
  class space    used 8876K, capacity 9426K, committed 9472K, reserved 1048576K
}
Event: 10.862 GC heap after
{Heap after GC invocations=14 (full 0):
 garbage-first heap   total 157696K, used 57769K [0x0000000080000000, 0x0000000100000000)
  region size 1024K, 4 young (4096K), 4 survivors (4096K)
 Metaspace       used 68347K, capacity 69908K, committed 70144K, reserved 1110016K
  class space    used 8876K, capacity 9426K, committed 9472K, reserved 1048576K
}
Event: 11.539 GC heap before
{Heap before GC invocations=14 (full 0):
 garbage-first heap   total 157696K, used 114089K [0x0000000080000000, 0x0000000100000000)
  region size 1024K, 59 young (60416K), 4 survivors (4096K)
 Metaspace       used 74242K, capacity 75890K, committed 75904K, reserved 1114112K
  class space    used 9731K, capacity 10357K, committed 10368K, reserved 1048576K
}
Event: 11.547 GC heap after
{Heap after GC invocations=15 (full 0):
 garbage-first heap   total 157696K, used 60296K [0x0000000080000000, 0x0000000100000000)
  region size 1024K, 7 young (7168K), 7 survivors (7168K)
 Metaspace       used 74242K, capacity 75890K, committed 75904K, reserved 1114112K
  class space    used 9731K, capacity 10357K, committed 10368K, reserved 1048576K
}
Event: 12.301 GC heap before
{Heap before GC invocations=15 (full 0):
 garbage-first heap   total 157696K, used 115592K [0x0000000080000000, 0x0000000100000000)
  region size 1024K, 62 young (63488K), 7 survivors (7168K)
 Metaspace       used 78216K, capacity 80131K, committed 80384K, reserved 1118208K
  class space    used 10235K, capacity 10914K, committed 11008K, reserved 1048576K
}
Event: 12.312 GC heap after
{Heap after GC invocations=16 (full 0):
 garbage-first heap   total 157696K, used 64469K [0x0000000080000000, 0x0000000100000000)
  region size 1024K, 8 young (8192K), 8 survivors (8192K)
 Metaspace       used 78216K, capacity 80131K, committed 80384K, reserved 1118208K
  class space    used 10235K, capacity 10914K, committed 11008K, reserved 1048576K
}
Event: 12.875 GC heap before
{Heap before GC invocations=16 (full 0):
 garbage-first heap   total 157696K, used 119765K [0x0000000080000000, 0x0000000100000000)
  region size 1024K, 63 young (64512K), 8 survivors (8192K)
 Metaspace       used 78885K, capacity 80815K, committed 80896K, reserved 1120256K
  class space    used 10276K, capacity 10932K, committed 11008K, reserved 1048576K
}
Event: 12.888 GC heap after
{Heap after GC invocations=17 (full 0):
 garbage-first heap   total 157696K, used 68192K [0x0000000080000000, 0x0000000100000000)
  region size 1024K, 8 young (8192K), 8 survivors (8192K)
 Metaspace       used 78885K, capacity 80815K, committed 80896K, reserved 1120256K
  class space    used 10276K, capacity 10932K, committed 11008K, reserved 1048576K
}
Event: 13.687 GC heap before
{Heap before GC invocations=17 (full 0):
 garbage-first heap   total 157696K, used 122464K [0x0000000080000000, 0x0000000100000000)
  region size 1024K, 62 young (63488K), 8 survivors (8192K)
 Metaspace       used 83441K, capacity 85402K, committed 85632K, reserved 1124352K
  class space    used 10860K, capacity 11578K, committed 11648K, reserved 1048576K
}
Event: 13.704 GC heap after
{Heap after GC invocations=18 (full 0):
 garbage-first heap   total 189440K, used 70912K [0x0000000080000000, 0x0000000100000000)
  region size 1024K, 7 young (7168K), 7 survivors (7168K)
 Metaspace       used 83441K, capacity 85402K, committed 85632K, reserved 1124352K
  class space    used 10860K, capacity 11578K, committed 11648K, reserved 1048576K
}

