# JRE version: OpenJDK Runtime Environment (11.0.8+10) (build 11.0.8+10-b944.6842174)
# Java VM: OpenJDK 64-Bit Server VM (11.0.8+10-b944.6842174, mixed mode, tiered, compressed oops, g1 gc, windows-amd64)
Heap:
 garbage-first heap   total 131072K, used 38544K [0x0000000080000000, 0x0000000100000000)
  region size 1024K, 7 young (7168K), 2 survivors (2048K)
 Metaspace       used 35772K, capacity 36584K, committed 36860K, reserved 1081344K
  class space    used 4660K, capacity 4943K, committed 4992K, reserved 1048576K
GC Heap History (12 events):
Event: 1.488 GC heap before
{Heap before GC invocations=0 (full 0):
 garbage-first heap   total 131072K, used 29696K [0x0000000080000000, 0x0000000100000000)
  region size 1024K, 24 young (24576K), 0 survivors (0K)
 Metaspace       used 10436K, capacity 10645K, committed 11008K, reserved 1058816K
  class space    used 1093K, capacity 1163K, committed 1280K, reserved 1048576K
}
Event: 1.496 GC heap after
{Heap after GC invocations=1 (full 0):
 garbage-first heap   total 131072K, used 8617K [0x0000000080000000, 0x0000000100000000)
  region size 1024K, 3 young (3072K), 3 survivors (3072K)
 Metaspace       used 10436K, capacity 10645K, committed 11008K, reserved 1058816K
  class space    used 1093K, capacity 1163K, committed 1280K, reserved 1048576K
}
Event: 4.451 GC heap before
{Heap before GC invocations=1 (full 0):
 garbage-first heap   total 131072K, used 82345K [0x0000000080000000, 0x0000000100000000)
  region size 1024K, 76 young (77824K), 3 survivors (3072K)
 Metaspace       used 18978K, capacity 19473K, committed 19712K, reserved 1067008K
  class space    used 2295K, capacity 2469K, committed 2560K, reserved 1048576K
}
Event: 4.460 GC heap after
{Heap after GC invocations=2 (full 0):
 garbage-first heap   total 131072K, used 15920K [0x0000000080000000, 0x0000000100000000)
  region size 1024K, 10 young (10240K), 10 survivors (10240K)
 Metaspace       used 18978K, capacity 19473K, committed 19712K, reserved 1067008K
  class space    used 2295K, capacity 2469K, committed 2560K, reserved 1048576K
}
Event: 4.616 GC heap before
{Heap before GC invocations=2 (full 0):
 garbage-first heap   total 131072K, used 27184K [0x0000000080000000, 0x0000000100000000)
  region size 1024K, 22 young (22528K), 10 survivors (10240K)
 Metaspace       used 20594K, capacity 21139K, committed 21296K, reserved 1069056K
  class space    used 2520K, capacity 2688K, committed 2688K, reserved 1048576K
}
Event: 4.626 GC heap after
{Heap after GC invocations=3 (full 0):
 garbage-first heap   total 131072K, used 16293K [0x0000000080000000, 0x0000000100000000)
  region size 1024K, 1 young (1024K), 1 survivors (1024K)
 Metaspace       used 20594K, capacity 21139K, committed 21296K, reserved 1069056K
  class space    used 2520K, capacity 2688K, committed 2688K, reserved 1048576K
}
Event: 5.230 GC heap before
{Heap before GC invocations=4 (full 0):
 garbage-first heap   total 131072K, used 61349K [0x0000000080000000, 0x0000000100000000)
  region size 1024K, 46 young (47104K), 1 survivors (1024K)
 Metaspace       used 25849K, capacity 26461K, committed 26672K, reserved 1073152K
  class space    used 3366K, capacity 3594K, committed 3712K, reserved 1048576K
}
Event: 5.234 GC heap after
{Heap after GC invocations=5 (full 0):
 garbage-first heap   total 131072K, used 18078K [0x0000000080000000, 0x0000000100000000)
  region size 1024K, 3 young (3072K), 3 survivors (3072K)
 Metaspace       used 25849K, capacity 26461K, committed 26672K, reserved 1073152K
  class space    used 3366K, capacity 3594K, committed 3712K, reserved 1048576K
}
Event: 6.173 GC heap before
{Heap before GC invocations=5 (full 0):
 garbage-first heap   total 131072K, used 78494K [0x0000000080000000, 0x0000000100000000)
  region size 1024K, 53 young (54272K), 3 survivors (3072K)
 Metaspace       used 31640K, capacity 32369K, committed 32560K, reserved 1077248K
  class space    used 4211K, capacity 4474K, committed 4480K, reserved 1048576K
}
Event: 6.184 GC heap after
{Heap after GC invocations=6 (full 0):
 garbage-first heap   total 131072K, used 32673K [0x0000000080000000, 0x0000000100000000)
  region size 1024K, 7 young (7168K), 7 survivors (7168K)
 Metaspace       used 31640K, capacity 32369K, committed 32560K, reserved 1077248K
  class space    used 4211K, capacity 4474K, committed 4480K, reserved 1048576K
}
Event: 6.547 GC heap before
{Heap before GC invocations=6 (full 0):
 garbage-first heap   total 131072K, used 39841K [0x0000000080000000, 0x0000000100000000)
  region size 1024K, 16 young (16384K), 7 survivors (7168K)
 Metaspace       used 34857K, capacity 35580K, committed 35708K, reserved 1081344K
  class space    used 4527K, capacity 4799K, committed 4864K, reserved 1048576K
}
Event: 6.567 GC heap after
{Heap after GC invocations=7 (full 0):
 garbage-first heap   total 131072K, used 34448K [0x0000000080000000, 0x0000000100000000)
  region size 1024K, 2 young (2048K), 2 survivors (2048K)
 Metaspace       used 34857K, capacity 35580K, committed 35708K, reserved 1081344K
  class space    used 4527K, capacity 4799K, committed 4864K, reserved 1048576K
}

