# JRE version: OpenJDK Runtime Environment (11.0.8+10) (build 11.0.8+10-b944.6842174)
# Java VM: OpenJDK 64-Bit Server VM (11.0.8+10-b944.6842174, mixed mode, tiered, compressed oops, g1 gc, windows-amd64)
Heap:
 garbage-first heap   total 227328K, used 88274K [0x0000000080000000, 0x0000000100000000)
  region size 1024K, 11 young (11264K), 2 survivors (2048K)
 Metaspace       used 89107K, capacity 91162K, committed 91392K, reserved 1128448K
  class space    used 11244K, capacity 11956K, committed 12032K, reserved 1048576K
GC Heap History (20 events):
Event: 11.573 GC heap before
{Heap before GC invocations=14 (full 0):
 garbage-first heap   total 157696K, used 116879K [0x0000000080000000, 0x0000000100000000)
  region size 1024K, 70 young (71680K), 9 survivors (9216K)
 Metaspace       used 69374K, capacity 70843K, committed 71040K, reserved 1110016K
  class space    used 9041K, capacity 9579K, committed 9600K, reserved 1048576K
}
Event: 11.585 GC heap after
{Heap after GC invocations=15 (full 0):
 garbage-first heap   total 157696K, used 58742K [0x0000000080000000, 0x0000000100000000)
  region size 1024K, 9 young (9216K), 9 survivors (9216K)
 Metaspace       used 69374K, capacity 70843K, committed 71040K, reserved 1110016K
  class space    used 9041K, capacity 9579K, committed 9600K, reserved 1048576K
}
Event: 12.588 GC heap before
{Heap before GC invocations=15 (full 0):
 garbage-first heap   total 157696K, used 119158K [0x0000000080000000, 0x0000000100000000)
  region size 1024K, 69 young (70656K), 9 survivors (9216K)
 Metaspace       used 76522K, capacity 78238K, committed 78464K, reserved 1118208K
  class space    used 9970K, capacity 10572K, committed 10624K, reserved 1048576K
}
Event: 12.599 GC heap after
{Heap after GC invocations=16 (full 0):
 garbage-first heap   total 157696K, used 62261K [0x0000000080000000, 0x0000000100000000)
  region size 1024K, 8 young (8192K), 8 survivors (8192K)
 Metaspace       used 76522K, capacity 78238K, committed 78464K, reserved 1118208K
  class space    used 9970K, capacity 10572K, committed 10624K, reserved 1048576K
}
Event: 14.269 GC heap before
{Heap before GC invocations=16 (full 0):
 garbage-first heap   total 157696K, used 121653K [0x0000000080000000, 0x0000000100000000)
  region size 1024K, 67 young (68608K), 8 survivors (8192K)
 Metaspace       used 79264K, capacity 81270K, committed 81536K, reserved 1120256K
  class space    used 10349K, capacity 11056K, committed 11136K, reserved 1048576K
}
Event: 14.279 GC heap after
{Heap after GC invocations=17 (full 0):
 garbage-first heap   total 157696K, used 66942K [0x0000000080000000, 0x0000000100000000)
  region size 1024K, 8 young (8192K), 8 survivors (8192K)
 Metaspace       used 79264K, capacity 81270K, committed 81536K, reserved 1120256K
  class space    used 10349K, capacity 11056K, committed 11136K, reserved 1048576K
}
Event: 15.135 GC heap before
{Heap before GC invocations=17 (full 0):
 garbage-first heap   total 157696K, used 125310K [0x0000000080000000, 0x0000000100000000)
  region size 1024K, 66 young (67584K), 8 survivors (8192K)
 Metaspace       used 79747K, capacity 81744K, committed 82048K, reserved 1120256K
  class space    used 10353K, capacity 11060K, committed 11136K, reserved 1048576K
}
Event: 15.147 GC heap after
{Heap after GC invocations=18 (full 0):
 garbage-first heap   total 157696K, used 72560K [0x0000000080000000, 0x0000000100000000)
  region size 1024K, 9 young (9216K), 9 survivors (9216K)
 Metaspace       used 79747K, capacity 81744K, committed 82048K, reserved 1120256K
  class space    used 10353K, capacity 11060K, committed 11136K, reserved 1048576K
}
Event: 15.642 GC heap before
{Heap before GC invocations=18 (full 0):
 garbage-first heap   total 157696K, used 128880K [0x0000000080000000, 0x0000000100000000)
  region size 1024K, 62 young (63488K), 9 survivors (9216K)
 Metaspace       used 79873K, capacity 81819K, committed 82048K, reserved 1120256K
  class space    used 10353K, capacity 11060K, committed 11136K, reserved 1048576K
}
Event: 15.660 GC heap after
{Heap after GC invocations=19 (full 0):
 garbage-first heap   total 189440K, used 84259K [0x0000000080000000, 0x0000000100000000)
  region size 1024K, 8 young (8192K), 8 survivors (8192K)
 Metaspace       used 79873K, capacity 81819K, committed 82048K, reserved 1120256K
  class space    used 10353K, capacity 11060K, committed 11136K, reserved 1048576K
}
Event: 16.582 GC heap before
{Heap before GC invocations=19 (full 0):
 garbage-first heap   total 189440K, used 140579K [0x0000000080000000, 0x0000000100000000)
  region size 1024K, 56 young (57344K), 8 survivors (8192K)
 Metaspace       used 80793K, capacity 82835K, committed 82944K, reserved 1120256K
  class space    used 10449K, capacity 11187K, committed 11264K, reserved 1048576K
}
Event: 16.602 GC heap after
{Heap after GC invocations=20 (full 0):
 garbage-first heap   total 189440K, used 93996K [0x0000000080000000, 0x0000000100000000)
  region size 1024K, 9 young (9216K), 9 survivors (9216K)
 Metaspace       used 80793K, capacity 82835K, committed 82944K, reserved 1120256K
  class space    used 10449K, capacity 11187K, committed 11264K, reserved 1048576K
}
Event: 17.262 GC heap before
{Heap before GC invocations=21 (full 0):
 garbage-first heap   total 189440K, used 159532K [0x0000000080000000, 0x0000000100000000)
  region size 1024K, 59 young (60416K), 9 survivors (9216K)
 Metaspace       used 84094K, capacity 86143K, committed 86528K, reserved 1124352K
  class space    used 10680K, capacity 11383K, committed 11520K, reserved 1048576K
}
Event: 17.277 GC heap after
{Heap after GC invocations=22 (full 0):
 garbage-first heap   total 189440K, used 94836K [0x0000000080000000, 0x0000000100000000)
  region size 1024K, 5 young (5120K), 5 survivors (5120K)
 Metaspace       used 84094K, capacity 86143K, committed 86528K, reserved 1124352K
  class space    used 10680K, capacity 11383K, committed 11520K, reserved 1048576K
}
Event: 17.608 GC heap before
{Heap before GC invocations=22 (full 0):
 garbage-first heap   total 189440K, used 146036K [0x0000000080000000, 0x0000000100000000)
  region size 1024K, 56 young (57344K), 5 survivors (5120K)
 Metaspace       used 85056K, capacity 87002K, committed 87296K, reserved 1124352K
  class space    used 10746K, capacity 11451K, committed 11520K, reserved 1048576K
}
Event: 17.638 GC heap after
{Heap after GC invocations=23 (full 0):
 garbage-first heap   total 189440K, used 97516K [0x0000000080000000, 0x0000000100000000)
  region size 1024K, 6 young (6144K), 6 survivors (6144K)
 Metaspace       used 85056K, capacity 87002K, committed 87296K, reserved 1124352K
  class space    used 10746K, capacity 11451K, committed 11520K, reserved 1048576K
}
Event: 18.290 GC heap before
{Heap before GC invocations=24 (full 0):
 garbage-first heap   total 189440K, used 138476K [0x0000000080000000, 0x0000000100000000)
  region size 1024K, 56 young (57344K), 6 survivors (6144K)
 Metaspace       used 87356K, capacity 89402K, committed 89600K, reserved 1126400K
  class space    used 11030K, capacity 11732K, committed 11776K, reserved 1048576K
}
Event: 18.297 GC heap after
{Heap after GC invocations=25 (full 0):
 garbage-first heap   total 227328K, used 86710K [0x0000000080000000, 0x0000000100000000)
  region size 1024K, 2 young (2048K), 2 survivors (2048K)
 Metaspace       used 87356K, capacity 89402K, committed 89600K, reserved 1126400K
  class space    used 11030K, capacity 11732K, committed 11776K, reserved 1048576K
}
Event: 18.414 GC heap before
{Heap before GC invocations=25 (full 0):
 garbage-first heap   total 227328K, used 95926K [0x0000000080000000, 0x0000000100000000)
  region size 1024K, 11 young (11264K), 2 survivors (2048K)
 Metaspace       used 88311K, capacity 90362K, committed 90496K, reserved 1128448K
  class space    used 11152K, capacity 11860K, committed 11904K, reserved 1048576K
}
Event: 18.419 GC heap after
{Heap after GC invocations=26 (full 0):
 garbage-first heap   total 227328K, used 80082K [0x0000000080000000, 0x0000000100000000)
  region size 1024K, 2 young (2048K), 2 survivors (2048K)
 Metaspace       used 88311K, capacity 90362K, committed 90496K, reserved 1128448K
  class space    used 11152K, capacity 11860K, committed 11904K, reserved 1048576K
}

