# JRE version: OpenJDK Runtime Environment (11.0.8+10) (build 11.0.8+10-b944.6842174)
# Java VM: OpenJDK 64-Bit Server VM (11.0.8+10-b944.6842174, mixed mode, tiered, compressed oops, g1 gc, windows-amd64)
Heap:
 garbage-first heap   total 131072K, used 103097K [0x00000000c0000000, 0x0000000100000000)
  region size 1024K, 9 young (9216K), 3 survivors (3072K)
 Metaspace       used 90963K, capacity 93281K, committed 93564K, reserved 1130496K
  class space    used 11755K, capacity 12493K, committed 12544K, reserved 1048576K
GC Heap History (20 events):
Event: 13.276 GC heap before
{Heap before GC invocations=25 (full 0):
 garbage-first heap   total 131072K, used 110463K [0x00000000c0000000, 0x0000000100000000)
  region size 1024K, 31 young (31744K), 4 survivors (4096K)
 Metaspace       used 76703K, capacity 78539K, committed 78844K, reserved 1118208K
  class space    used 9875K, capacity 10500K, committed 10624K, reserved 1048576K
}
Event: 13.284 GC heap after
{Heap after GC invocations=26 (full 0):
 garbage-first heap   total 131072K, used 85151K [0x00000000c0000000, 0x0000000100000000)
  region size 1024K, 4 young (4096K), 4 survivors (4096K)
 Metaspace       used 76703K, capacity 78539K, committed 78844K, reserved 1118208K
  class space    used 9875K, capacity 10500K, committed 10624K, reserved 1048576K
}
Event: 13.732 GC heap before
{Heap before GC invocations=27 (full 0):
 garbage-first heap   total 131072K, used 110751K [0x00000000c0000000, 0x0000000100000000)
  region size 1024K, 29 young (29696K), 4 survivors (4096K)
 Metaspace       used 78386K, capacity 80274K, committed 80508K, reserved 1120256K
  class space    used 10094K, capacity 10724K, committed 10752K, reserved 1048576K
}
Event: 13.739 GC heap after
{Heap after GC invocations=28 (full 0):
 garbage-first heap   total 131072K, used 87378K [0x00000000c0000000, 0x0000000100000000)
  region size 1024K, 4 young (4096K), 4 survivors (4096K)
 Metaspace       used 78386K, capacity 80274K, committed 80508K, reserved 1120256K
  class space    used 10094K, capacity 10724K, committed 10752K, reserved 1048576K
}
Event: 13.985 GC heap before
{Heap before GC invocations=28 (full 0):
 garbage-first heap   total 131072K, used 109906K [0x00000000c0000000, 0x0000000100000000)
  region size 1024K, 27 young (27648K), 4 survivors (4096K)
 Metaspace       used 79551K, capacity 81700K, committed 81916K, reserved 1120256K
  class space    used 10319K, capacity 11052K, committed 11136K, reserved 1048576K
}
Event: 13.996 GC heap after
{Heap after GC invocations=29 (full 0):
 garbage-first heap   total 131072K, used 89020K [0x00000000c0000000, 0x0000000100000000)
  region size 1024K, 2 young (2048K), 2 survivors (2048K)
 Metaspace       used 79551K, capacity 81700K, committed 81916K, reserved 1120256K
  class space    used 10319K, capacity 11052K, committed 11136K, reserved 1048576K
}
Event: 14.290 GC heap before
{Heap before GC invocations=30 (full 0):
 garbage-first heap   total 131072K, used 111548K [0x00000000c0000000, 0x0000000100000000)
  region size 1024K, 24 young (24576K), 2 survivors (2048K)
 Metaspace       used 81662K, capacity 83846K, committed 83964K, reserved 1122304K
  class space    used 10654K, capacity 11376K, committed 11392K, reserved 1048576K
}
Event: 14.294 GC heap after
{Heap after GC invocations=31 (full 0):
 garbage-first heap   total 131072K, used 89452K [0x00000000c0000000, 0x0000000100000000)
  region size 1024K, 2 young (2048K), 2 survivors (2048K)
 Metaspace       used 81662K, capacity 83846K, committed 83964K, reserved 1122304K
  class space    used 10654K, capacity 11376K, committed 11392K, reserved 1048576K
}
Event: 14.544 GC heap before
{Heap before GC invocations=31 (full 0):
 garbage-first heap   total 131072K, used 111980K [0x00000000c0000000, 0x0000000100000000)
  region size 1024K, 24 young (24576K), 2 survivors (2048K)
 Metaspace       used 83933K, capacity 86106K, committed 86396K, reserved 1124352K
  class space    used 10954K, capacity 11700K, committed 11776K, reserved 1048576K
}
Event: 14.548 GC heap after
{Heap after GC invocations=32 (full 0):
 garbage-first heap   total 131072K, used 90151K [0x00000000c0000000, 0x0000000100000000)
  region size 1024K, 2 young (2048K), 2 survivors (2048K)
 Metaspace       used 83933K, capacity 86106K, committed 86396K, reserved 1124352K
  class space    used 10954K, capacity 11700K, committed 11776K, reserved 1048576K
}
Event: 14.777 GC heap before
{Heap before GC invocations=33 (full 0):
 garbage-first heap   total 131072K, used 111655K [0x00000000c0000000, 0x0000000100000000)
  region size 1024K, 23 young (23552K), 2 survivors (2048K)
 Metaspace       used 85893K, capacity 88026K, committed 88188K, reserved 1126400K
  class space    used 11205K, capacity 11956K, committed 12032K, reserved 1048576K
}
Event: 14.781 GC heap after
{Heap after GC invocations=34 (full 0):
 garbage-first heap   total 131072K, used 91031K [0x00000000c0000000, 0x0000000100000000)
  region size 1024K, 3 young (3072K), 3 survivors (3072K)
 Metaspace       used 85893K, capacity 88026K, committed 88188K, reserved 1126400K
  class space    used 11205K, capacity 11956K, committed 12032K, reserved 1048576K
}
Event: 15.341 GC heap before
{Heap before GC invocations=34 (full 0):
 garbage-first heap   total 131072K, used 112535K [0x00000000c0000000, 0x0000000100000000)
  region size 1024K, 24 young (24576K), 3 survivors (3072K)
 Metaspace       used 87406K, capacity 89591K, committed 89852K, reserved 1126400K
  class space    used 11371K, capacity 12069K, committed 12160K, reserved 1048576K
}
Event: 15.348 GC heap after
{Heap after GC invocations=35 (full 0):
 garbage-first heap   total 131072K, used 93456K [0x00000000c0000000, 0x0000000100000000)
  region size 1024K, 3 young (3072K), 3 survivors (3072K)
 Metaspace       used 87406K, capacity 89591K, committed 89852K, reserved 1126400K
  class space    used 11371K, capacity 12069K, committed 12160K, reserved 1048576K
}
Event: 15.688 GC heap before
{Heap before GC invocations=36 (full 0):
 garbage-first heap   total 131072K, used 111888K [0x00000000c0000000, 0x0000000100000000)
  region size 1024K, 22 young (22528K), 3 survivors (3072K)
 Metaspace       used 88069K, capacity 90280K, committed 90364K, reserved 1128448K
  class space    used 11372K, capacity 12099K, committed 12160K, reserved 1048576K
}
Event: 15.694 GC heap after
{Heap after GC invocations=37 (full 0):
 garbage-first heap   total 131072K, used 95082K [0x00000000c0000000, 0x0000000100000000)
  region size 1024K, 2 young (2048K), 2 survivors (2048K)
 Metaspace       used 88069K, capacity 90280K, committed 90364K, reserved 1128448K
  class space    used 11372K, capacity 12099K, committed 12160K, reserved 1048576K
}
Event: 15.853 GC heap before
{Heap before GC invocations=37 (full 0):
 garbage-first heap   total 131072K, used 112490K [0x00000000c0000000, 0x0000000100000000)
  region size 1024K, 19 young (19456K), 2 survivors (2048K)
 Metaspace       used 88637K, capacity 90964K, committed 91260K, reserved 1128448K
  class space    used 11448K, capacity 12190K, committed 12288K, reserved 1048576K
}
Event: 15.857 GC heap after
{Heap after GC invocations=38 (full 0):
 garbage-first heap   total 131072K, used 96555K [0x00000000c0000000, 0x0000000100000000)
  region size 1024K, 3 young (3072K), 3 survivors (3072K)
 Metaspace       used 88637K, capacity 90964K, committed 91260K, reserved 1128448K
  class space    used 11448K, capacity 12190K, committed 12288K, reserved 1048576K
}
Event: 16.038 GC heap before
{Heap before GC invocations=38 (full 0):
 garbage-first heap   total 131072K, used 112939K [0x00000000c0000000, 0x0000000100000000)
  region size 1024K, 19 young (19456K), 3 survivors (3072K)
 Metaspace       used 89964K, capacity 92254K, committed 92412K, reserved 1130496K
  class space    used 11636K, capacity 12364K, committed 12416K, reserved 1048576K
}
Event: 16.043 GC heap after
{Heap after GC invocations=39 (full 0):
 garbage-first heap   total 131072K, used 97977K [0x00000000c0000000, 0x0000000100000000)
  region size 1024K, 3 young (3072K), 3 survivors (3072K)
 Metaspace       used 89964K, capacity 92254K, committed 92412K, reserved 1130496K
  class space    used 11636K, capacity 12364K, committed 12416K, reserved 1048576K
}

