# JRE version: OpenJDK Runtime Environment (11.0.8+10) (build 11.0.8+10-b944.6842174)
# Java VM: OpenJDK 64-Bit Server VM (11.0.8+10-b944.6842174, mixed mode, tiered, compressed oops, g1 gc, windows-amd64)
Heap:
 garbage-first heap   total 559104K, used 155562K [0x0000000080000000, 0x0000000100000000)
  region size 1024K, 17 young (17408K), 17 survivors (17408K)
 Metaspace       used 93270K, capacity 95398K, committed 96000K, reserved 1132544K
  class space    used 12036K, capacity 12839K, committed 13056K, reserved 1048576K
GC Heap History (20 events):
Event: 16.268 GC heap after
{Heap after GC invocations=31 (full 0):
 garbage-first heap   total 278528K, used 138528K [0x0000000080000000, 0x0000000100000000)
  region size 1024K, 5 young (5120K), 5 survivors (5120K)
 Metaspace       used 92088K, capacity 94185K, committed 94720K, reserved 1130496K
  class space    used 12024K, capacity 12795K, committed 13056K, reserved 1048576K
}
Event: 16.652 GC heap before
{Heap before GC invocations=32 (full 0):
 garbage-first heap   total 278528K, used 211232K [0x0000000080000000, 0x0000000100000000)
  region size 1024K, 76 young (77824K), 5 survivors (5120K)
 Metaspace       used 92270K, capacity 94385K, committed 94976K, reserved 1130496K
  class space    used 12024K, capacity 12795K, committed 13056K, reserved 1048576K
}
Event: 16.662 GC heap after
{Heap after GC invocations=33 (full 0):
 garbage-first heap   total 278528K, used 138244K [0x0000000080000000, 0x0000000100000000)
  region size 1024K, 5 young (5120K), 5 survivors (5120K)
 Metaspace       used 92270K, capacity 94385K, committed 94976K, reserved 1130496K
  class space    used 12024K, capacity 12795K, committed 13056K, reserved 1048576K
}
Event: 16.825 GC heap before
{Heap before GC invocations=33 (full 0):
 garbage-first heap   total 278528K, used 215044K [0x0000000080000000, 0x0000000100000000)
  region size 1024K, 80 young (81920K), 5 survivors (5120K)
 Metaspace       used 92330K, capacity 94449K, committed 94976K, reserved 1130496K
  class space    used 12026K, capacity 12795K, committed 13056K, reserved 1048576K
}
Event: 16.835 GC heap after
{Heap after GC invocations=34 (full 0):
 garbage-first heap   total 334848K, used 139369K [0x0000000080000000, 0x0000000100000000)
  region size 1024K, 6 young (6144K), 6 survivors (6144K)
 Metaspace       used 92330K, capacity 94449K, committed 94976K, reserved 1130496K
  class space    used 12026K, capacity 12795K, committed 13056K, reserved 1048576K
}
Event: 17.258 GC heap before
{Heap before GC invocations=35 (full 0):
 garbage-first heap   total 334848K, used 254057K [0x0000000080000000, 0x0000000100000000)
  region size 1024K, 118 young (120832K), 6 survivors (6144K)
 Metaspace       used 92782K, capacity 94849K, committed 95488K, reserved 1132544K
  class space    used 12026K, capacity 12795K, committed 13056K, reserved 1048576K
}
Event: 17.269 GC heap after
{Heap after GC invocations=36 (full 0):
 garbage-first heap   total 334848K, used 140013K [0x0000000080000000, 0x0000000100000000)
  region size 1024K, 7 young (7168K), 7 survivors (7168K)
 Metaspace       used 92782K, capacity 94849K, committed 95488K, reserved 1132544K
  class space    used 12026K, capacity 12795K, committed 13056K, reserved 1048576K
}
Event: 17.476 GC heap before
{Heap before GC invocations=36 (full 0):
 garbage-first heap   total 334848K, used 268013K [0x0000000080000000, 0x0000000100000000)
  region size 1024K, 132 young (135168K), 7 survivors (7168K)
 Metaspace       used 92933K, capacity 94999K, committed 95488K, reserved 1132544K
  class space    used 12027K, capacity 12798K, committed 13056K, reserved 1048576K
}
Event: 17.487 GC heap after
{Heap after GC invocations=37 (full 0):
 garbage-first heap   total 334848K, used 141678K [0x0000000080000000, 0x0000000100000000)
  region size 1024K, 8 young (8192K), 8 survivors (8192K)
 Metaspace       used 92933K, capacity 94999K, committed 95488K, reserved 1132544K
  class space    used 12027K, capacity 12798K, committed 13056K, reserved 1048576K
}
Event: 17.695 GC heap before
{Heap before GC invocations=37 (full 0):
 garbage-first heap   total 334848K, used 278894K [0x0000000080000000, 0x0000000100000000)
  region size 1024K, 142 young (145408K), 8 survivors (8192K)
 Metaspace       used 93060K, capacity 95141K, committed 95744K, reserved 1132544K
  class space    used 12027K, capacity 12798K, committed 13056K, reserved 1048576K
}
Event: 17.708 GC heap after
{Heap after GC invocations=38 (full 0):
 garbage-first heap   total 334848K, used 143068K [0x0000000080000000, 0x0000000100000000)
  region size 1024K, 10 young (10240K), 10 survivors (10240K)
 Metaspace       used 93060K, capacity 95141K, committed 95744K, reserved 1132544K
  class space    used 12027K, capacity 12798K, committed 13056K, reserved 1048576K
}
Event: 17.893 GC heap before
{Heap before GC invocations=38 (full 0):
 garbage-first heap   total 334848K, used 279260K [0x0000000080000000, 0x0000000100000000)
  region size 1024K, 143 young (146432K), 10 survivors (10240K)
 Metaspace       used 93113K, capacity 95221K, committed 95744K, reserved 1132544K
  class space    used 12030K, capacity 12802K, committed 13056K, reserved 1048576K
}
Event: 17.909 GC heap after
{Heap after GC invocations=39 (full 0):
 garbage-first heap   total 403456K, used 145397K [0x0000000080000000, 0x0000000100000000)
  region size 1024K, 12 young (12288K), 12 survivors (12288K)
 Metaspace       used 93113K, capacity 95221K, committed 95744K, reserved 1132544K
  class space    used 12030K, capacity 12802K, committed 13056K, reserved 1048576K
}
Event: 18.175 GC heap before
{Heap before GC invocations=39 (full 0):
 garbage-first heap   total 403456K, used 308213K [0x0000000080000000, 0x0000000100000000)
  region size 1024K, 171 young (175104K), 12 survivors (12288K)
 Metaspace       used 93176K, capacity 95290K, committed 95744K, reserved 1132544K
  class space    used 12032K, capacity 12803K, committed 13056K, reserved 1048576K
}
Event: 18.194 GC heap after
{Heap after GC invocations=40 (full 0):
 garbage-first heap   total 403456K, used 148493K [0x0000000080000000, 0x0000000100000000)
  region size 1024K, 13 young (13312K), 13 survivors (13312K)
 Metaspace       used 93176K, capacity 95290K, committed 95744K, reserved 1132544K
  class space    used 12032K, capacity 12803K, committed 13056K, reserved 1048576K
}
Event: 18.447 GC heap before
{Heap before GC invocations=40 (full 0):
 garbage-first heap   total 403456K, used 335885K [0x0000000080000000, 0x0000000100000000)
  region size 1024K, 196 young (200704K), 13 survivors (13312K)
 Metaspace       used 93234K, capacity 95296K, committed 95744K, reserved 1132544K
  class space    used 12033K, capacity 12805K, committed 13056K, reserved 1048576K
}
Event: 18.463 GC heap after
{Heap after GC invocations=41 (full 0):
 garbage-first heap   total 403456K, used 150031K [0x0000000080000000, 0x0000000100000000)
  region size 1024K, 15 young (15360K), 15 survivors (15360K)
 Metaspace       used 93234K, capacity 95296K, committed 95744K, reserved 1132544K
  class space    used 12033K, capacity 12805K, committed 13056K, reserved 1048576K
}
Event: 18.687 GC heap before
{Heap before GC invocations=41 (full 0):
 garbage-first heap   total 403456K, used 341519K [0x0000000080000000, 0x0000000100000000)
  region size 1024K, 202 young (206848K), 15 survivors (15360K)
 Metaspace       used 93266K, capacity 95398K, committed 96000K, reserved 1132544K
  class space    used 12036K, capacity 12839K, committed 13056K, reserved 1048576K
}
Event: 18.707 GC heap after
{Heap after GC invocations=42 (full 0):
 garbage-first heap   total 403456K, used 153096K [0x0000000080000000, 0x0000000100000000)
  region size 1024K, 17 young (17408K), 17 survivors (17408K)
 Metaspace       used 93266K, capacity 95398K, committed 96000K, reserved 1132544K
  class space    used 12036K, capacity 12839K, committed 13056K, reserved 1048576K
}
Event: 18.930 GC heap before
{Heap before GC invocations=42 (full 0):
 garbage-first heap   total 403456K, used 343560K [0x0000000080000000, 0x0000000100000000)
  region size 1024K, 204 young (208896K), 17 survivors (17408K)
 Metaspace       used 93270K, capacity 95398K, committed 96000K, reserved 1132544K
  class space    used 12036K, capacity 12839K, committed 13056K, reserved 1048576K
}

