# JRE version: OpenJDK Runtime Environment (11.0.8+10) (build 11.0.8+10-b944.6842174)
# Java VM: OpenJDK 64-Bit Server VM (11.0.8+10-b944.6842174, mixed mode, tiered, compressed oops, g1 gc, windows-amd64)
Heap:
 garbage-first heap   total 131072K, used 72658K [0x0000000080000000, 0x0000000100000000)
  region size 1024K, 34 young (34816K), 7 survivors (7168K)
 Metaspace       used 40277K, capacity 41207K, committed 41472K, reserved 1085440K
  class space    used 5172K, capacity 5547K, committed 5632K, reserved 1048576K
GC Heap History (12 events):
Event: 0.623 GC heap before
{Heap before GC invocations=0 (full 0):
 garbage-first heap   total 131072K, used 29696K [0x0000000080000000, 0x0000000100000000)
  region size 1024K, 24 young (24576K), 0 survivors (0K)
 Metaspace       used 10449K, capacity 10645K, committed 11008K, reserved 1058816K
  class space    used 1094K, capacity 1163K, committed 1280K, reserved 1048576K
}
Event: 0.628 GC heap after
{Heap after GC invocations=1 (full 0):
 garbage-first heap   total 131072K, used 8724K [0x0000000080000000, 0x0000000100000000)
  region size 1024K, 3 young (3072K), 3 survivors (3072K)
 Metaspace       used 10449K, capacity 10645K, committed 11008K, reserved 1058816K
  class space    used 1094K, capacity 1163K, committed 1280K, reserved 1048576K
}
Event: 1.810 GC heap before
{Heap before GC invocations=1 (full 0):
 garbage-first heap   total 131072K, used 61972K [0x0000000080000000, 0x0000000100000000)
  region size 1024K, 56 young (57344K), 3 survivors (3072K)
 Metaspace       used 15759K, capacity 16107K, committed 16384K, reserved 1062912K
  class space    used 1798K, capacity 1922K, committed 2048K, reserved 1048576K
}
Event: 1.815 GC heap after
{Heap after GC invocations=2 (full 0):
 garbage-first heap   total 131072K, used 14892K [0x0000000080000000, 0x0000000100000000)
  region size 1024K, 7 young (7168K), 7 survivors (7168K)
 Metaspace       used 15759K, capacity 16107K, committed 16384K, reserved 1062912K
  class space    used 1798K, capacity 1922K, committed 2048K, reserved 1048576K
}
Event: 2.123 GC heap before
{Heap before GC invocations=2 (full 0):
 garbage-first heap   total 131072K, used 46636K [0x0000000080000000, 0x0000000100000000)
  region size 1024K, 39 young (39936K), 7 survivors (7168K)
 Metaspace       used 20638K, capacity 21114K, committed 21248K, reserved 1067008K
  class space    used 2531K, capacity 2723K, committed 2816K, reserved 1048576K
}
Event: 2.130 GC heap after
{Heap after GC invocations=3 (full 0):
 garbage-first heap   total 131072K, used 16497K [0x0000000080000000, 0x0000000100000000)
  region size 1024K, 2 young (2048K), 2 survivors (2048K)
 Metaspace       used 20638K, capacity 21114K, committed 21248K, reserved 1067008K
  class space    used 2531K, capacity 2723K, committed 2816K, reserved 1048576K
}
Event: 2.670 GC heap before
{Heap before GC invocations=4 (full 0):
 garbage-first heap   total 131072K, used 78961K [0x0000000080000000, 0x0000000100000000)
  region size 1024K, 54 young (55296K), 2 survivors (2048K)
 Metaspace       used 26226K, capacity 26982K, committed 27264K, reserved 1073152K
  class space    used 3426K, capacity 3685K, committed 3712K, reserved 1048576K
}
Event: 2.674 GC heap after
{Heap after GC invocations=5 (full 0):
 garbage-first heap   total 131072K, used 29957K [0x0000000080000000, 0x0000000100000000)
  region size 1024K, 6 young (6144K), 6 survivors (6144K)
 Metaspace       used 26226K, capacity 26982K, committed 27264K, reserved 1073152K
  class space    used 3426K, capacity 3685K, committed 3712K, reserved 1048576K
}
Event: 3.248 GC heap before
{Heap before GC invocations=5 (full 0):
 garbage-first heap   total 131072K, used 80133K [0x0000000080000000, 0x0000000100000000)
  region size 1024K, 56 young (57344K), 6 survivors (6144K)
 Metaspace       used 35088K, capacity 35797K, committed 35840K, reserved 1081344K
  class space    used 4557K, capacity 4829K, committed 4864K, reserved 1048576K
}
Event: 3.255 GC heap after
{Heap after GC invocations=6 (full 0):
 garbage-first heap   total 131072K, used 33099K [0x0000000080000000, 0x0000000100000000)
  region size 1024K, 4 young (4096K), 4 survivors (4096K)
 Metaspace       used 35088K, capacity 35797K, committed 35840K, reserved 1081344K
  class space    used 4557K, capacity 4829K, committed 4864K, reserved 1048576K
}
Event: 3.865 GC heap before
{Heap before GC invocations=7 (full 0):
 garbage-first heap   total 131072K, used 95563K [0x0000000080000000, 0x0000000100000000)
  region size 1024K, 56 young (57344K), 4 survivors (4096K)
 Metaspace       used 40172K, capacity 41103K, committed 41472K, reserved 1085440K
  class space    used 5156K, capacity 5512K, committed 5632K, reserved 1048576K
}
Event: 3.871 GC heap after
{Heap after GC invocations=8 (full 0):
 garbage-first heap   total 131072K, used 46034K [0x0000000080000000, 0x0000000100000000)
  region size 1024K, 7 young (7168K), 7 survivors (7168K)
 Metaspace       used 40172K, capacity 41103K, committed 41472K, reserved 1085440K
  class space    used 5156K, capacity 5512K, committed 5632K, reserved 1048576K
}

