# JRE version: OpenJDK Runtime Environment (11.0.8+10) (build 11.0.8+10-b944.6842174)
# Java VM: OpenJDK 64-Bit Server VM (11.0.8+10-b944.6842174, mixed mode, tiered, compressed oops, g1 gc, windows-amd64)
Heap:
 garbage-first heap   total 131072K, used 103355K [0x00000000c0000000, 0x0000000100000000)
  region size 1024K, 5 young (5120K), 2 survivors (2048K)
 Metaspace       used 99056K, capacity 101721K, committed 101884K, reserved 1138688K
  class space    used 12686K, capacity 13627K, committed 13696K, reserved 1048576K
GC Heap History (20 events):
Event: 15.977 GC heap before
{Heap before GC invocations=36 (full 0):
 garbage-first heap   total 131072K, used 112022K [0x00000000c0000000, 0x0000000100000000)
  region size 1024K, 24 young (24576K), 3 survivors (3072K)
 Metaspace       used 88447K, capacity 90607K, committed 91004K, reserved 1128448K
  class space    used 11456K, capacity 12196K, committed 12288K, reserved 1048576K
}
Event: 15.983 GC heap after
{Heap after GC invocations=37 (full 0):
 garbage-first heap   total 131072K, used 92587K [0x00000000c0000000, 0x0000000100000000)
  region size 1024K, 3 young (3072K), 3 survivors (3072K)
 Metaspace       used 88447K, capacity 90607K, committed 91004K, reserved 1128448K
  class space    used 11456K, capacity 12196K, committed 12288K, reserved 1048576K
}
Event: 16.321 GC heap before
{Heap before GC invocations=37 (full 0):
 garbage-first heap   total 131072K, used 112043K [0x00000000c0000000, 0x0000000100000000)
  region size 1024K, 23 young (23552K), 3 survivors (3072K)
 Metaspace       used 89301K, capacity 91531K, committed 91900K, reserved 1128448K
  class space    used 11519K, capacity 12276K, committed 12416K, reserved 1048576K
}
Event: 16.328 GC heap after
{Heap after GC invocations=38 (full 0):
 garbage-first heap   total 131072K, used 94599K [0x00000000c0000000, 0x0000000100000000)
  region size 1024K, 2 young (2048K), 2 survivors (2048K)
 Metaspace       used 89301K, capacity 91531K, committed 91900K, reserved 1128448K
  class space    used 11519K, capacity 12276K, committed 12416K, reserved 1048576K
}
Event: 16.617 GC heap before
{Heap before GC invocations=39 (full 0):
 garbage-first heap   total 131072K, used 113031K [0x00000000c0000000, 0x0000000100000000)
  region size 1024K, 20 young (20480K), 2 survivors (2048K)
 Metaspace       used 90106K, capacity 92530K, committed 92796K, reserved 1130496K
  class space    used 11632K, capacity 12479K, committed 12544K, reserved 1048576K
}
Event: 16.622 GC heap after
{Heap after GC invocations=40 (full 0):
 garbage-first heap   total 131072K, used 96392K [0x00000000c0000000, 0x0000000100000000)
  region size 1024K, 2 young (2048K), 2 survivors (2048K)
 Metaspace       used 90106K, capacity 92530K, committed 92796K, reserved 1130496K
  class space    used 11632K, capacity 12479K, committed 12544K, reserved 1048576K
}
Event: 16.907 GC heap before
{Heap before GC invocations=40 (full 0):
 garbage-first heap   total 131072K, used 112776K [0x00000000c0000000, 0x0000000100000000)
  region size 1024K, 18 young (18432K), 2 survivors (2048K)
 Metaspace       used 92816K, capacity 95212K, committed 95484K, reserved 1132544K
  class space    used 11975K, capacity 12839K, committed 12928K, reserved 1048576K
}
Event: 16.911 GC heap after
{Heap after GC invocations=41 (full 0):
 garbage-first heap   total 131072K, used 96981K [0x00000000c0000000, 0x0000000100000000)
  region size 1024K, 1 young (1024K), 1 survivors (1024K)
 Metaspace       used 92816K, capacity 95212K, committed 95484K, reserved 1132544K
  class space    used 11975K, capacity 12839K, committed 12928K, reserved 1048576K
}
Event: 17.161 GC heap before
{Heap before GC invocations=42 (full 0):
 garbage-first heap   total 131072K, used 111317K [0x00000000c0000000, 0x0000000100000000)
  region size 1024K, 16 young (16384K), 1 survivors (1024K)
 Metaspace       used 94308K, capacity 96802K, committed 96892K, reserved 1132544K
  class space    used 12124K, capacity 13006K, committed 13056K, reserved 1048576K
}
Event: 17.165 GC heap after
{Heap after GC invocations=43 (full 0):
 garbage-first heap   total 131072K, used 97656K [0x00000000c0000000, 0x0000000100000000)
  region size 1024K, 2 young (2048K), 2 survivors (2048K)
 Metaspace       used 94308K, capacity 96802K, committed 96892K, reserved 1132544K
  class space    used 12124K, capacity 13006K, committed 13056K, reserved 1048576K
}
Event: 17.247 GC heap before
{Heap before GC invocations=43 (full 0):
 garbage-first heap   total 131072K, used 110968K [0x00000000c0000000, 0x0000000100000000)
  region size 1024K, 16 young (16384K), 2 survivors (2048K)
 Metaspace       used 94362K, capacity 96802K, committed 96892K, reserved 1132544K
  class space    used 12124K, capacity 13006K, committed 13056K, reserved 1048576K
}
Event: 17.251 GC heap after
{Heap after GC invocations=44 (full 0):
 garbage-first heap   total 131072K, used 98558K [0x00000000c0000000, 0x0000000100000000)
  region size 1024K, 2 young (2048K), 2 survivors (2048K)
 Metaspace       used 94362K, capacity 96802K, committed 96892K, reserved 1132544K
  class space    used 12124K, capacity 13006K, committed 13056K, reserved 1048576K
}
Event: 17.451 GC heap before
{Heap before GC invocations=44 (full 0):
 garbage-first heap   total 131072K, used 111870K [0x00000000c0000000, 0x0000000100000000)
  region size 1024K, 16 young (16384K), 2 survivors (2048K)
 Metaspace       used 94508K, capacity 96942K, committed 97148K, reserved 1134592K
  class space    used 12130K, capacity 13007K, committed 13056K, reserved 1048576K
}
Event: 17.454 GC heap after
{Heap after GC invocations=45 (full 0):
 garbage-first heap   total 131072K, used 99324K [0x00000000c0000000, 0x0000000100000000)
  region size 1024K, 2 young (2048K), 2 survivors (2048K)
 Metaspace       used 94508K, capacity 96942K, committed 97148K, reserved 1134592K
  class space    used 12130K, capacity 13007K, committed 13056K, reserved 1048576K
}
Event: 17.599 GC heap before
{Heap before GC invocations=46 (full 0):
 garbage-first heap   total 131072K, used 112636K [0x00000000c0000000, 0x0000000100000000)
  region size 1024K, 16 young (16384K), 2 survivors (2048K)
 Metaspace       used 94828K, capacity 97351K, committed 97404K, reserved 1134592K
  class space    used 12165K, capacity 13051K, committed 13056K, reserved 1048576K
}
Event: 17.604 GC heap after
{Heap after GC invocations=47 (full 0):
 garbage-first heap   total 131072K, used 99944K [0x00000000c0000000, 0x0000000100000000)
  region size 1024K, 2 young (2048K), 2 survivors (2048K)
 Metaspace       used 94828K, capacity 97351K, committed 97404K, reserved 1134592K
  class space    used 12165K, capacity 13051K, committed 13056K, reserved 1048576K
}
Event: 17.851 GC heap before
{Heap before GC invocations=47 (full 0):
 garbage-first heap   total 131072K, used 113256K [0x00000000c0000000, 0x0000000100000000)
  region size 1024K, 15 young (15360K), 2 survivors (2048K)
 Metaspace       used 97516K, capacity 100084K, committed 100220K, reserved 1136640K
  class space    used 12564K, capacity 13506K, committed 13568K, reserved 1048576K
}
Event: 17.855 GC heap after
{Heap after GC invocations=48 (full 0):
 garbage-first heap   total 131072K, used 100492K [0x00000000c0000000, 0x0000000100000000)
  region size 1024K, 2 young (2048K), 2 survivors (2048K)
 Metaspace       used 97516K, capacity 100084K, committed 100220K, reserved 1136640K
  class space    used 12564K, capacity 13506K, committed 13568K, reserved 1048576K
}
Event: 18.030 GC heap before
{Heap before GC invocations=48 (full 0):
 garbage-first heap   total 131072K, used 112780K [0x00000000c0000000, 0x0000000100000000)
  region size 1024K, 15 young (15360K), 2 survivors (2048K)
 Metaspace       used 98244K, capacity 100912K, committed 101116K, reserved 1136640K
  class space    used 12666K, capacity 13593K, committed 13696K, reserved 1048576K
}
Event: 18.033 GC heap after
{Heap after GC invocations=49 (full 0):
 garbage-first heap   total 131072K, used 101307K [0x00000000c0000000, 0x0000000100000000)
  region size 1024K, 2 young (2048K), 2 survivors (2048K)
 Metaspace       used 98244K, capacity 100912K, committed 101116K, reserved 1136640K
  class space    used 12666K, capacity 13593K, committed 13696K, reserved 1048576K
}

