# JRE version: OpenJDK Runtime Environment (11.0.8+10) (build 11.0.8+10-b944.6842174)
# Java VM: OpenJDK 64-Bit Server VM (11.0.8+10-b944.6842174, mixed mode, tiered, compressed oops, g1 gc, windows-amd64)
Heap:
 garbage-first heap   total 328704K, used 98590K [0x0000000080000000, 0x0000000100000000)
  region size 1024K, 18 young (18432K), 18 survivors (18432K)
 Metaspace       used 43914K, capacity 44890K, committed 45056K, reserved 1089536K
  class space    used 5490K, capacity 5856K, committed 5888K, reserved 1048576K
GC Heap History (20 events):
Event: 5.367 GC heap after
{Heap after GC invocations=23 (full 0):
 garbage-first heap   total 189440K, used 56903K [0x0000000080000000, 0x0000000100000000)
  region size 1024K, 3 young (3072K), 3 survivors (3072K)
 Metaspace       used 43845K, capacity 44822K, committed 45056K, reserved 1089536K
  class space    used 5488K, capacity 5855K, committed 5888K, reserved 1048576K
}
Event: 5.480 GC heap before
{Heap before GC invocations=23 (full 0):
 garbage-first heap   total 189440K, used 132679K [0x0000000080000000, 0x0000000100000000)
  region size 1024K, 78 young (79872K), 3 survivors (3072K)
 Metaspace       used 43854K, capacity 44822K, committed 45056K, reserved 1089536K
  class space    used 5488K, capacity 5855K, committed 5888K, reserved 1048576K
}
Event: 5.483 GC heap after
{Heap after GC invocations=24 (full 0):
 garbage-first heap   total 227328K, used 57809K [0x0000000080000000, 0x0000000100000000)
  region size 1024K, 4 young (4096K), 4 survivors (4096K)
 Metaspace       used 43854K, capacity 44822K, committed 45056K, reserved 1089536K
  class space    used 5488K, capacity 5855K, committed 5888K, reserved 1048576K
}
Event: 5.802 GC heap before
{Heap before GC invocations=24 (full 0):
 garbage-first heap   total 227328K, used 168401K [0x0000000080000000, 0x0000000100000000)
  region size 1024K, 112 young (114688K), 4 survivors (4096K)
 Metaspace       used 43861K, capacity 44822K, committed 45056K, reserved 1089536K
  class space    used 5488K, capacity 5855K, committed 5888K, reserved 1048576K
}
Event: 5.806 GC heap after
{Heap after GC invocations=25 (full 0):
 garbage-first heap   total 227328K, used 64414K [0x0000000080000000, 0x0000000100000000)
  region size 1024K, 11 young (11264K), 11 survivors (11264K)
 Metaspace       used 43861K, capacity 44822K, committed 45056K, reserved 1089536K
  class space    used 5488K, capacity 5855K, committed 5888K, reserved 1048576K
}
Event: 6.067 GC heap before
{Heap before GC invocations=25 (full 0):
 garbage-first heap   total 227328K, used 165790K [0x0000000080000000, 0x0000000100000000)
  region size 1024K, 110 young (112640K), 11 survivors (11264K)
 Metaspace       used 43862K, capacity 44822K, committed 45056K, reserved 1089536K
  class space    used 5488K, capacity 5855K, committed 5888K, reserved 1048576K
}
Event: 6.072 GC heap after
{Heap after GC invocations=26 (full 0):
 garbage-first heap   total 227328K, used 64828K [0x0000000080000000, 0x0000000100000000)
  region size 1024K, 10 young (10240K), 10 survivors (10240K)
 Metaspace       used 43862K, capacity 44822K, committed 45056K, reserved 1089536K
  class space    used 5488K, capacity 5855K, committed 5888K, reserved 1048576K
}
Event: 6.381 GC heap before
{Heap before GC invocations=26 (full 0):
 garbage-first heap   total 227328K, used 169276K [0x0000000080000000, 0x0000000100000000)
  region size 1024K, 112 young (114688K), 10 survivors (10240K)
 Metaspace       used 43868K, capacity 44822K, committed 45056K, reserved 1089536K
  class space    used 5489K, capacity 5855K, committed 5888K, reserved 1048576K
}
Event: 6.386 GC heap after
{Heap after GC invocations=27 (full 0):
 garbage-first heap   total 227328K, used 66479K [0x0000000080000000, 0x0000000100000000)
  region size 1024K, 10 young (10240K), 10 survivors (10240K)
 Metaspace       used 43868K, capacity 44822K, committed 45056K, reserved 1089536K
  class space    used 5489K, capacity 5855K, committed 5888K, reserved 1048576K
}
Event: 6.675 GC heap before
{Heap before GC invocations=27 (full 0):
 garbage-first heap   total 227328K, used 171951K [0x0000000080000000, 0x0000000100000000)
  region size 1024K, 113 young (115712K), 10 survivors (10240K)
 Metaspace       used 43869K, capacity 44822K, committed 45056K, reserved 1089536K
  class space    used 5489K, capacity 5855K, committed 5888K, reserved 1048576K
}
Event: 6.681 GC heap after
{Heap after GC invocations=28 (full 0):
 garbage-first heap   total 273408K, used 66732K [0x0000000080000000, 0x0000000100000000)
  region size 1024K, 10 young (10240K), 10 survivors (10240K)
 Metaspace       used 43869K, capacity 44822K, committed 45056K, reserved 1089536K
  class space    used 5489K, capacity 5855K, committed 5888K, reserved 1048576K
}
Event: 7.054 GC heap before
{Heap before GC invocations=28 (full 0):
 garbage-first heap   total 273408K, used 202924K [0x0000000080000000, 0x0000000100000000)
  region size 1024K, 143 young (146432K), 10 survivors (10240K)
 Metaspace       used 43873K, capacity 44822K, committed 45056K, reserved 1089536K
  class space    used 5489K, capacity 5855K, committed 5888K, reserved 1048576K
}
Event: 7.059 GC heap after
{Heap after GC invocations=29 (full 0):
 garbage-first heap   total 273408K, used 71452K [0x0000000080000000, 0x0000000100000000)
  region size 1024K, 14 young (14336K), 14 survivors (14336K)
 Metaspace       used 43873K, capacity 44822K, committed 45056K, reserved 1089536K
  class space    used 5489K, capacity 5855K, committed 5888K, reserved 1048576K
}
Event: 7.410 GC heap before
{Heap before GC invocations=29 (full 0):
 garbage-first heap   total 273408K, used 208668K [0x0000000080000000, 0x0000000100000000)
  region size 1024K, 148 young (151552K), 14 survivors (14336K)
 Metaspace       used 43878K, capacity 44822K, committed 45056K, reserved 1089536K
  class space    used 5489K, capacity 5855K, committed 5888K, reserved 1048576K
}
Event: 7.416 GC heap after
{Heap after GC invocations=30 (full 0):
 garbage-first heap   total 273408K, used 72202K [0x0000000080000000, 0x0000000100000000)
  region size 1024K, 12 young (12288K), 12 survivors (12288K)
 Metaspace       used 43878K, capacity 44822K, committed 45056K, reserved 1089536K
  class space    used 5489K, capacity 5855K, committed 5888K, reserved 1048576K
}
Event: 7.718 GC heap before
{Heap before GC invocations=30 (full 0):
 garbage-first heap   total 273408K, used 211466K [0x0000000080000000, 0x0000000100000000)
  region size 1024K, 148 young (151552K), 12 survivors (12288K)
 Metaspace       used 43879K, capacity 44822K, committed 45056K, reserved 1089536K
  class space    used 5489K, capacity 5855K, committed 5888K, reserved 1048576K
}
Event: 7.723 GC heap after
{Heap after GC invocations=31 (full 0):
 garbage-first heap   total 273408K, used 74218K [0x0000000080000000, 0x0000000100000000)
  region size 1024K, 13 young (13312K), 13 survivors (13312K)
 Metaspace       used 43879K, capacity 44822K, committed 45056K, reserved 1089536K
  class space    used 5489K, capacity 5855K, committed 5888K, reserved 1048576K
}
Event: 8.358 GC heap before
{Heap before GC invocations=31 (full 0):
 garbage-first heap   total 273408K, used 214506K [0x0000000080000000, 0x0000000100000000)
  region size 1024K, 148 young (151552K), 13 survivors (13312K)
 Metaspace       used 43914K, capacity 44890K, committed 45056K, reserved 1089536K
  class space    used 5490K, capacity 5856K, committed 5888K, reserved 1048576K
}
Event: 8.364 GC heap after
{Heap after GC invocations=32 (full 0):
 garbage-first heap   total 273408K, used 81448K [0x0000000080000000, 0x0000000100000000)
  region size 1024K, 19 young (19456K), 19 survivors (19456K)
 Metaspace       used 43914K, capacity 44890K, committed 45056K, reserved 1089536K
  class space    used 5490K, capacity 5856K, committed 5888K, reserved 1048576K
}
Event: 8.608 GC heap before
{Heap before GC invocations=32 (full 0):
 garbage-first heap   total 273408K, used 207400K [0x0000000080000000, 0x0000000100000000)
  region size 1024K, 142 young (145408K), 19 survivors (19456K)
 Metaspace       used 43914K, capacity 44890K, committed 45056K, reserved 1089536K
  class space    used 5490K, capacity 5856K, committed 5888K, reserved 1048576K
}

