# JRE version: OpenJDK Runtime Environment (11.0.8+10) (build 11.0.8+10-b944.6842174)
# Java VM: OpenJDK 64-Bit Server VM (11.0.8+10-b944.6842174, mixed mode, tiered, compressed oops, g1 gc, windows-amd64)
Heap:
 garbage-first heap   total 189440K, used 74547K [0x0000000080000000, 0x0000000100000000)
  region size 1024K, 6 young (6144K), 6 survivors (6144K)
 Metaspace       used 84517K, capacity 86617K, committed 86784K, reserved 1124352K
  class space    used 10932K, capacity 11700K, committed 11776K, reserved 1048576K
GC Heap History (20 events):
Event: 6.861 GC heap after
{Heap after GC invocations=9 (full 0):
 garbage-first heap   total 131072K, used 28078K [0x0000000080000000, 0x0000000100000000)
  region size 1024K, 7 young (7168K), 7 survivors (7168K)
 Metaspace       used 44383K, capacity 45461K, committed 45568K, reserved 1089536K
  class space    used 5702K, capacity 6080K, committed 6144K, reserved 1048576K
}
Event: 7.829 GC heap before
{Heap before GC invocations=9 (full 0):
 garbage-first heap   total 131072K, used 92590K [0x0000000080000000, 0x0000000100000000)
  region size 1024K, 64 young (65536K), 7 survivors (7168K)
 Metaspace       used 49469K, capacity 50630K, committed 50816K, reserved 1093632K
  class space    used 6306K, capacity 6698K, committed 6784K, reserved 1048576K
}
Event: 7.838 GC heap after
{Heap after GC invocations=10 (full 0):
 garbage-first heap   total 131072K, used 43637K [0x0000000080000000, 0x0000000100000000)
  region size 1024K, 8 young (8192K), 8 survivors (8192K)
 Metaspace       used 49469K, capacity 50630K, committed 50816K, reserved 1093632K
  class space    used 6306K, capacity 6698K, committed 6784K, reserved 1048576K
}
Event: 8.605 GC heap before
{Heap before GC invocations=10 (full 0):
 garbage-first heap   total 131072K, used 93813K [0x0000000080000000, 0x0000000100000000)
  region size 1024K, 57 young (58368K), 8 survivors (8192K)
 Metaspace       used 56209K, capacity 57651K, committed 57856K, reserved 1099776K
  class space    used 7162K, capacity 7669K, committed 7680K, reserved 1048576K
}
Event: 8.614 GC heap after
{Heap after GC invocations=11 (full 0):
 garbage-first heap   total 157696K, used 47375K [0x0000000080000000, 0x0000000100000000)
  region size 1024K, 4 young (4096K), 4 survivors (4096K)
 Metaspace       used 56209K, capacity 57651K, committed 57856K, reserved 1099776K
  class space    used 7162K, capacity 7669K, committed 7680K, reserved 1048576K
}
Event: 8.975 GC heap before
{Heap before GC invocations=11 (full 0):
 garbage-first heap   total 157696K, used 70927K [0x0000000080000000, 0x0000000100000000)
  region size 1024K, 27 young (27648K), 4 survivors (4096K)
 Metaspace       used 58530K, capacity 60014K, committed 60160K, reserved 1101824K
  class space    used 7444K, capacity 7976K, committed 8064K, reserved 1048576K
}
Event: 8.982 GC heap after
{Heap after GC invocations=12 (full 0):
 garbage-first heap   total 157696K, used 49242K [0x0000000080000000, 0x0000000100000000)
  region size 1024K, 6 young (6144K), 6 survivors (6144K)
 Metaspace       used 58530K, capacity 60014K, committed 60160K, reserved 1101824K
  class space    used 7444K, capacity 7976K, committed 8064K, reserved 1048576K
}
Event: 9.724 GC heap before
{Heap before GC invocations=13 (full 0):
 garbage-first heap   total 157696K, used 108634K [0x0000000080000000, 0x0000000100000000)
  region size 1024K, 64 young (65536K), 6 survivors (6144K)
 Metaspace       used 62600K, capacity 63996K, committed 64128K, reserved 1105920K
  class space    used 7921K, capacity 8467K, committed 8576K, reserved 1048576K
}
Event: 9.734 GC heap after
{Heap after GC invocations=14 (full 0):
 garbage-first heap   total 157696K, used 53581K [0x0000000080000000, 0x0000000100000000)
  region size 1024K, 7 young (7168K), 7 survivors (7168K)
 Metaspace       used 62600K, capacity 63996K, committed 64128K, reserved 1105920K
  class space    used 7921K, capacity 8467K, committed 8576K, reserved 1048576K
}
Event: 11.029 GC heap before
{Heap before GC invocations=14 (full 0):
 garbage-first heap   total 157696K, used 112973K [0x0000000080000000, 0x0000000100000000)
  region size 1024K, 65 young (66560K), 7 survivors (7168K)
 Metaspace       used 70195K, capacity 71759K, committed 71936K, reserved 1112064K
  class space    used 9091K, capacity 9676K, committed 9728K, reserved 1048576K
}
Event: 11.038 GC heap after
{Heap after GC invocations=15 (full 0):
 garbage-first heap   total 157696K, used 57435K [0x0000000080000000, 0x0000000100000000)
  region size 1024K, 9 young (9216K), 9 survivors (9216K)
 Metaspace       used 70195K, capacity 71759K, committed 71936K, reserved 1112064K
  class space    used 9091K, capacity 9676K, committed 9728K, reserved 1048576K
}
Event: 11.760 GC heap before
{Heap before GC invocations=15 (full 0):
 garbage-first heap   total 157696K, used 115803K [0x0000000080000000, 0x0000000100000000)
  region size 1024K, 67 young (68608K), 9 survivors (9216K)
 Metaspace       used 72319K, capacity 74122K, committed 74368K, reserved 1114112K
  class space    used 9386K, capacity 10045K, committed 10112K, reserved 1048576K
}
Event: 11.770 GC heap after
{Heap after GC invocations=16 (full 0):
 garbage-first heap   total 157696K, used 61467K [0x0000000080000000, 0x0000000100000000)
  region size 1024K, 8 young (8192K), 8 survivors (8192K)
 Metaspace       used 72319K, capacity 74122K, committed 74368K, reserved 1114112K
  class space    used 9386K, capacity 10045K, committed 10112K, reserved 1048576K
}
Event: 12.622 GC heap before
{Heap before GC invocations=16 (full 0):
 garbage-first heap   total 157696K, used 119835K [0x0000000080000000, 0x0000000100000000)
  region size 1024K, 65 young (66560K), 8 survivors (8192K)
 Metaspace       used 76171K, capacity 77970K, committed 78208K, reserved 1116160K
  class space    used 9899K, capacity 10557K, committed 10624K, reserved 1048576K
}
Event: 12.632 GC heap after
{Heap after GC invocations=17 (full 0):
 garbage-first heap   total 157696K, used 64435K [0x0000000080000000, 0x0000000100000000)
  region size 1024K, 7 young (7168K), 7 survivors (7168K)
 Metaspace       used 76171K, capacity 77970K, committed 78208K, reserved 1116160K
  class space    used 9899K, capacity 10557K, committed 10624K, reserved 1048576K
}
Event: 13.434 GC heap before
{Heap before GC invocations=17 (full 0):
 garbage-first heap   total 157696K, used 122803K [0x0000000080000000, 0x0000000100000000)
  region size 1024K, 64 young (65536K), 7 survivors (7168K)
 Metaspace       used 80551K, capacity 82455K, committed 82688K, reserved 1120256K
  class space    used 10416K, capacity 11150K, committed 11264K, reserved 1048576K
}
Event: 13.450 GC heap after
{Heap after GC invocations=18 (full 0):
 garbage-first heap   total 157696K, used 69626K [0x0000000080000000, 0x0000000100000000)
  region size 1024K, 8 young (8192K), 8 survivors (8192K)
 Metaspace       used 80551K, capacity 82455K, committed 82688K, reserved 1120256K
  class space    used 10416K, capacity 11150K, committed 11264K, reserved 1048576K
}
Event: 14.188 GC heap before
{Heap before GC invocations=18 (full 0):
 garbage-first heap   total 157696K, used 124922K [0x0000000080000000, 0x0000000100000000)
  region size 1024K, 63 young (64512K), 8 survivors (8192K)
 Metaspace       used 82109K, capacity 84150K, committed 84352K, reserved 1122304K
  class space    used 10624K, capacity 11374K, committed 11392K, reserved 1048576K
}
Event: 14.201 GC heap after
{Heap after GC invocations=19 (full 0):
 garbage-first heap   total 157696K, used 73421K [0x0000000080000000, 0x0000000100000000)
  region size 1024K, 5 young (5120K), 5 survivors (5120K)
 Metaspace       used 82109K, capacity 84150K, committed 84352K, reserved 1122304K
  class space    used 10624K, capacity 11374K, committed 11392K, reserved 1048576K
}
Event: 14.658 GC heap before
{Heap before GC invocations=19 (full 0):
 garbage-first heap   total 157696K, used 125645K [0x0000000080000000, 0x0000000100000000)
  region size 1024K, 57 young (58368K), 5 survivors (5120K)
 Metaspace       used 84517K, capacity 86617K, committed 86784K, reserved 1124352K
  class space    used 10932K, capacity 11700K, committed 11776K, reserved 1048576K
}

