# JRE version: OpenJDK Runtime Environment (11.0.8+10) (build 11.0.8+10-b944.6842174)
# Java VM: OpenJDK 64-Bit Server VM (11.0.8+10-b944.6842174, mixed mode, tiered, compressed oops, g1 gc, windows-amd64)
Heap:
 garbage-first heap   total 502784K, used 216206K [0x0000000080000000, 0x0000000100000000)
  region size 1024K, 4 young (4096K), 4 survivors (4096K)
 Metaspace       used 132402K, capacity 135955K, committed 136356K, reserved 1169408K
  class space    used 16198K, capacity 17426K, committed 17536K, reserved 1048576K
GC Heap History (20 events):
Event: 1634.353 GC heap after
{Heap after GC invocations=94 (full 0):
 garbage-first heap   total 388096K, used 127349K [0x0000000080000000, 0x0000000100000000)
  region size 1024K, 2 young (2048K), 2 survivors (2048K)
 Metaspace       used 123665K, capacity 126968K, committed 127140K, reserved 1161216K
  class space    used 15081K, capacity 16201K, committed 16256K, reserved 1048576K
}
Event: 1634.449 GC heap before
{Heap before GC invocations=94 (full 0):
 garbage-first heap   total 388096K, used 144757K [0x0000000080000000, 0x0000000100000000)
  region size 1024K, 20 young (20480K), 2 survivors (2048K)
 Metaspace       used 123727K, capacity 127044K, committed 127140K, reserved 1161216K
  class space    used 15091K, capacity 16205K, committed 16256K, reserved 1048576K
}
Event: 1634.457 GC heap after
{Heap after GC invocations=95 (full 0):
 garbage-first heap   total 388096K, used 126432K [0x0000000080000000, 0x0000000100000000)
  region size 1024K, 1 young (1024K), 1 survivors (1024K)
 Metaspace       used 123727K, capacity 127044K, committed 127140K, reserved 1161216K
  class space    used 15091K, capacity 16205K, committed 16256K, reserved 1048576K
}
Event: 1635.071 GC heap before
{Heap before GC invocations=96 (full 0):
 garbage-first heap   total 388096K, used 294368K [0x0000000080000000, 0x0000000100000000)
  region size 1024K, 160 young (163840K), 1 survivors (1024K)
 Metaspace       used 125211K, capacity 128566K, committed 128676K, reserved 1161216K
  class space    used 15292K, capacity 16455K, committed 16512K, reserved 1048576K
}
Event: 1635.097 GC heap after
{Heap after GC invocations=97 (full 0):
 garbage-first heap   total 388096K, used 153713K [0x0000000080000000, 0x0000000100000000)
  region size 1024K, 20 young (20480K), 20 survivors (20480K)
 Metaspace       used 125211K, capacity 128566K, committed 128676K, reserved 1161216K
  class space    used 15292K, capacity 16455K, committed 16512K, reserved 1048576K
}
Event: 1635.509 GC heap before
{Heap before GC invocations=97 (full 0):
 garbage-first heap   total 388096K, used 296049K [0x0000000080000000, 0x0000000100000000)
  region size 1024K, 160 young (163840K), 20 survivors (20480K)
 Metaspace       used 129354K, capacity 132922K, committed 133284K, reserved 1165312K
  class space    used 15939K, capacity 17167K, committed 17280K, reserved 1048576K
}
Event: 1635.569 GC heap after
{Heap after GC invocations=98 (full 0):
 garbage-first heap   total 388096K, used 183065K [0x0000000080000000, 0x0000000100000000)
  region size 1024K, 20 young (20480K), 20 survivors (20480K)
 Metaspace       used 129354K, capacity 132922K, committed 133284K, reserved 1165312K
  class space    used 15939K, capacity 17167K, committed 17280K, reserved 1048576K
}
Event: 1636.133 GC heap before
{Heap before GC invocations=99 (full 0):
 garbage-first heap   total 388096K, used 294681K [0x0000000080000000, 0x0000000100000000)
  region size 1024K, 130 young (133120K), 20 survivors (20480K)
 Metaspace       used 131293K, capacity 134884K, committed 135076K, reserved 1167360K
  class space    used 16181K, capacity 17426K, committed 17536K, reserved 1048576K
}
Event: 1636.169 GC heap after
{Heap after GC invocations=100 (full 0):
 garbage-first heap   total 388096K, used 197632K [0x0000000080000000, 0x0000000100000000)
  region size 1024K, 17 young (17408K), 17 survivors (17408K)
 Metaspace       used 131293K, capacity 134884K, committed 135076K, reserved 1167360K
  class space    used 16181K, capacity 17426K, committed 17536K, reserved 1048576K
}
Event: 1636.171 GC heap before
{Heap before GC invocations=100 (full 0):
 garbage-first heap   total 388096K, used 198656K [0x0000000080000000, 0x0000000100000000)
  region size 1024K, 18 young (18432K), 17 survivors (17408K)
 Metaspace       used 131293K, capacity 134884K, committed 135076K, reserved 1167360K
  class space    used 16181K, capacity 17426K, committed 17536K, reserved 1048576K
}
Event: 1636.194 GC heap after
{Heap after GC invocations=101 (full 0):
 garbage-first heap   total 388096K, used 199253K [0x0000000080000000, 0x0000000100000000)
  region size 1024K, 3 young (3072K), 3 survivors (3072K)
 Metaspace       used 131293K, capacity 134884K, committed 135076K, reserved 1167360K
  class space    used 16181K, capacity 17426K, committed 17536K, reserved 1048576K
}
Event: 1636.453 GC heap before
{Heap before GC invocations=101 (full 0):
 garbage-first heap   total 388096K, used 301653K [0x0000000080000000, 0x0000000100000000)
  region size 1024K, 104 young (106496K), 3 survivors (3072K)
 Metaspace       used 131582K, capacity 135191K, committed 135332K, reserved 1167360K
  class space    used 16194K, capacity 17463K, committed 17536K, reserved 1048576K
}
Event: 1636.479 GC heap after
{Heap after GC invocations=102 (full 0):
 garbage-first heap   total 388096K, used 206632K [0x0000000080000000, 0x0000000100000000)
  region size 1024K, 10 young (10240K), 10 survivors (10240K)
 Metaspace       used 131582K, capacity 135191K, committed 135332K, reserved 1167360K
  class space    used 16194K, capacity 17463K, committed 17536K, reserved 1048576K
}
Event: 1636.965 GC heap before
{Heap before GC invocations=103 (full 0):
 garbage-first heap   total 388096K, used 308008K [0x0000000080000000, 0x0000000100000000)
  region size 1024K, 109 young (111616K), 10 survivors (10240K)
 Metaspace       used 132283K, capacity 135843K, committed 136100K, reserved 1167360K
  class space    used 16186K, capacity 17410K, committed 17536K, reserved 1048576K
}
Event: 1636.985 GC heap after
{Heap after GC invocations=104 (full 0):
 garbage-first heap   total 388096K, used 212275K [0x0000000080000000, 0x0000000100000000)
  region size 1024K, 6 young (6144K), 6 survivors (6144K)
 Metaspace       used 132283K, capacity 135843K, committed 136100K, reserved 1167360K
  class space    used 16186K, capacity 17410K, committed 17536K, reserved 1048576K
}
Event: 1637.013 GC heap before
{Heap before GC invocations=104 (full 0):
 garbage-first heap   total 388096K, used 224563K [0x0000000080000000, 0x0000000100000000)
  region size 1024K, 18 young (18432K), 6 survivors (6144K)
 Metaspace       used 132292K, capacity 135843K, committed 136100K, reserved 1167360K
  class space    used 16186K, capacity 17410K, committed 17536K, reserved 1048576K
}
Event: 1637.029 GC heap after
{Heap after GC invocations=105 (full 0):
 garbage-first heap   total 388096K, used 207841K [0x0000000080000000, 0x0000000100000000)
  region size 1024K, 2 young (2048K), 2 survivors (2048K)
 Metaspace       used 132292K, capacity 135843K, committed 136100K, reserved 1167360K
  class space    used 16186K, capacity 17410K, committed 17536K, reserved 1048576K
}
Event: 1637.327 GC heap before
{Heap before GC invocations=105 (full 0):
 garbage-first heap   total 388096K, used 311265K [0x0000000080000000, 0x0000000100000000)
  region size 1024K, 103 young (105472K), 2 survivors (2048K)
 Metaspace       used 132350K, capacity 135890K, committed 136100K, reserved 1167360K
  class space    used 16196K, capacity 17426K, committed 17536K, reserved 1048576K
}
Event: 1637.357 GC heap after
{Heap after GC invocations=106 (full 0):
 garbage-first heap   total 388096K, used 214564K [0x0000000080000000, 0x0000000100000000)
  region size 1024K, 9 young (9216K), 9 survivors (9216K)
 Metaspace       used 132350K, capacity 135890K, committed 136100K, reserved 1167360K
  class space    used 16196K, capacity 17426K, committed 17536K, reserved 1048576K
}
Event: 1637.888 GC heap before
{Heap before GC invocations=106 (full 0):
 garbage-first heap   total 388096K, used 315940K [0x0000000080000000, 0x0000000100000000)
  region size 1024K, 108 young (110592K), 9 survivors (9216K)
 Metaspace       used 132402K, capacity 135955K, committed 136356K, reserved 1169408K
  class space    used 16198K, capacity 17426K, committed 17536K, reserved 1048576K
}

