# JRE version: OpenJDK Runtime Environment (11.0.8+10) (build 11.0.8+10-b944.6842174)
# Java VM: OpenJDK 64-Bit Server VM (11.0.8+10-b944.6842174, mixed mode, tiered, compressed oops, g1 gc, windows-amd64)
Heap:
 garbage-first heap   total 227328K, used 147734K [0x0000000080000000, 0x0000000100000000)
  region size 1024K, 22 young (22528K), 3 survivors (3072K)
 Metaspace       used 124596K, capacity 128158K, committed 128420K, reserved 1161216K
  class space    used 15608K, capacity 16865K, committed 17024K, reserved 1048576K
GC Heap History (20 events):
Event: 18.164 GC heap before
{Heap before GC invocations=28 (full 0):
 garbage-first heap   total 189440K, used 151998K [0x0000000080000000, 0x0000000100000000)
  region size 1024K, 54 young (55296K), 3 survivors (3072K)
 Metaspace       used 100180K, capacity 102891K, committed 102948K, reserved 1138688K
  class space    used 12839K, capacity 13785K, committed 13824K, reserved 1048576K
}
Event: 18.172 GC heap after
{Heap after GC invocations=29 (full 0):
 garbage-first heap   total 227328K, used 102846K [0x0000000080000000, 0x0000000100000000)
  region size 1024K, 5 young (5120K), 5 survivors (5120K)
 Metaspace       used 100180K, capacity 102891K, committed 102948K, reserved 1138688K
  class space    used 12839K, capacity 13785K, committed 13824K, reserved 1048576K
}
Event: 39.046 GC heap before
{Heap before GC invocations=30 (full 0):
 garbage-first heap   total 227328K, used 172478K [0x0000000080000000, 0x0000000100000000)
  region size 1024K, 73 young (74752K), 5 survivors (5120K)
 Metaspace       used 110372K, capacity 113219K, committed 113444K, reserved 1148928K
  class space    used 13843K, capacity 14818K, committed 14848K, reserved 1048576K
}
Event: 39.057 GC heap after
{Heap after GC invocations=31 (full 0):
 garbage-first heap   total 227328K, used 107692K [0x0000000080000000, 0x0000000100000000)
  region size 1024K, 10 young (10240K), 10 survivors (10240K)
 Metaspace       used 110372K, capacity 113219K, committed 113444K, reserved 1148928K
  class space    used 13843K, capacity 14818K, committed 14848K, reserved 1048576K
}
Event: 40.579 GC heap before
{Heap before GC invocations=31 (full 0):
 garbage-first heap   total 227328K, used 175276K [0x0000000080000000, 0x0000000100000000)
  region size 1024K, 77 young (78848K), 10 survivors (10240K)
 Metaspace       used 113084K, capacity 116253K, committed 116516K, reserved 1150976K
  class space    used 14173K, capacity 15248K, committed 15360K, reserved 1048576K
}
Event: 40.594 GC heap after
{Heap after GC invocations=32 (full 0):
 garbage-first heap   total 227328K, used 114044K [0x0000000080000000, 0x0000000100000000)
  region size 1024K, 7 young (7168K), 7 survivors (7168K)
 Metaspace       used 113084K, capacity 116253K, committed 116516K, reserved 1150976K
  class space    used 14173K, capacity 15248K, committed 15360K, reserved 1048576K
}
Event: 41.198 GC heap before
{Heap before GC invocations=32 (full 0):
 garbage-first heap   total 227328K, used 179580K [0x0000000080000000, 0x0000000100000000)
  region size 1024K, 72 young (73728K), 7 survivors (7168K)
 Metaspace       used 113934K, capacity 117252K, committed 117412K, reserved 1150976K
  class space    used 14274K, capacity 15363K, committed 15488K, reserved 1048576K
}
Event: 41.215 GC heap after
{Heap after GC invocations=33 (full 0):
 garbage-first heap   total 227328K, used 117868K [0x0000000080000000, 0x0000000100000000)
  region size 1024K, 5 young (5120K), 5 survivors (5120K)
 Metaspace       used 113934K, capacity 117252K, committed 117412K, reserved 1150976K
  class space    used 14274K, capacity 15363K, committed 15488K, reserved 1048576K
}
Event: 41.832 GC heap before
{Heap before GC invocations=34 (full 0):
 garbage-first heap   total 227328K, used 182380K [0x0000000080000000, 0x0000000100000000)
  region size 1024K, 69 young (70656K), 5 survivors (5120K)
 Metaspace       used 115649K, capacity 119017K, committed 119204K, reserved 1153024K
  class space    used 14501K, capacity 15627K, committed 15744K, reserved 1048576K
}
Event: 41.845 GC heap after
{Heap after GC invocations=35 (full 0):
 garbage-first heap   total 227328K, used 122042K [0x0000000080000000, 0x0000000100000000)
  region size 1024K, 9 young (9216K), 9 survivors (9216K)
 Metaspace       used 115649K, capacity 119017K, committed 119204K, reserved 1153024K
  class space    used 14501K, capacity 15627K, committed 15744K, reserved 1048576K
}
Event: 42.479 GC heap before
{Heap before GC invocations=35 (full 0):
 garbage-first heap   total 227328K, used 184506K [0x0000000080000000, 0x0000000100000000)
  region size 1024K, 71 young (72704K), 9 survivors (9216K)
 Metaspace       used 120978K, capacity 124525K, committed 124708K, reserved 1157120K
  class space    used 15294K, capacity 16516K, committed 16640K, reserved 1048576K
}
Event: 42.507 GC heap after
{Heap after GC invocations=36 (full 0):
 garbage-first heap   total 227328K, used 130732K [0x0000000080000000, 0x0000000100000000)
  region size 1024K, 9 young (9216K), 9 survivors (9216K)
 Metaspace       used 120978K, capacity 124525K, committed 124708K, reserved 1157120K
  class space    used 15294K, capacity 16516K, committed 16640K, reserved 1048576K
}
Event: 43.084 GC heap before
{Heap before GC invocations=37 (full 0):
 garbage-first heap   total 227328K, used 186028K [0x0000000080000000, 0x0000000100000000)
  region size 1024K, 64 young (65536K), 9 survivors (9216K)
 Metaspace       used 122557K, capacity 126078K, committed 126244K, reserved 1159168K
  class space    used 15427K, capacity 16635K, committed 16640K, reserved 1048576K
}
Event: 43.092 GC heap after
{Heap after GC invocations=38 (full 0):
 garbage-first heap   total 227328K, used 128025K [0x0000000080000000, 0x0000000100000000)
  region size 1024K, 2 young (2048K), 2 survivors (2048K)
 Metaspace       used 122557K, capacity 126078K, committed 126244K, reserved 1159168K
  class space    used 15427K, capacity 16635K, committed 16640K, reserved 1048576K
}
Event: 43.618 GC heap before
{Heap before GC invocations=38 (full 0):
 garbage-first heap   total 227328K, used 187417K [0x0000000080000000, 0x0000000100000000)
  region size 1024K, 60 young (61440K), 2 survivors (2048K)
 Metaspace       used 124054K, capacity 127744K, committed 127908K, reserved 1161216K
  class space    used 15628K, capacity 16910K, committed 17024K, reserved 1048576K
}
Event: 43.626 GC heap after
{Heap after GC invocations=39 (full 0):
 garbage-first heap   total 227328K, used 128429K [0x0000000080000000, 0x0000000100000000)
  region size 1024K, 2 young (2048K), 2 survivors (2048K)
 Metaspace       used 124054K, capacity 127744K, committed 127908K, reserved 1161216K
  class space    used 15628K, capacity 16910K, committed 17024K, reserved 1048576K
}
Event: 44.246 GC heap before
{Heap before GC invocations=40 (full 0):
 garbage-first heap   total 227328K, used 188845K [0x0000000080000000, 0x0000000100000000)
  region size 1024K, 61 young (62464K), 2 survivors (2048K)
 Metaspace       used 124405K, capacity 128021K, committed 128420K, reserved 1161216K
  class space    used 15607K, capacity 16865K, committed 17024K, reserved 1048576K
}
Event: 44.252 GC heap after
{Heap after GC invocations=41 (full 0):
 garbage-first heap   total 227328K, used 128432K [0x0000000080000000, 0x0000000100000000)
  region size 1024K, 2 young (2048K), 2 survivors (2048K)
 Metaspace       used 124405K, capacity 128021K, committed 128420K, reserved 1161216K
  class space    used 15607K, capacity 16865K, committed 17024K, reserved 1048576K
}
Event: 44.591 GC heap before
{Heap before GC invocations=41 (full 0):
 garbage-first heap   total 227328K, used 190896K [0x0000000080000000, 0x0000000100000000)
  region size 1024K, 63 young (64512K), 2 survivors (2048K)
 Metaspace       used 124568K, capacity 128154K, committed 128420K, reserved 1161216K
  class space    used 15608K, capacity 16865K, committed 17024K, reserved 1048576K
}
Event: 44.600 GC heap after
{Heap after GC invocations=42 (full 0):
 garbage-first heap   total 227328K, used 129302K [0x0000000080000000, 0x0000000100000000)
  region size 1024K, 3 young (3072K), 3 survivors (3072K)
 Metaspace       used 124568K, capacity 128154K, committed 128420K, reserved 1161216K
  class space    used 15608K, capacity 16865K, committed 17024K, reserved 1048576K
}

