# JRE version: OpenJDK Runtime Environment (11.0.8+10) (build 11.0.8+10-b944.6842174)
# Java VM: OpenJDK 64-Bit Server VM (11.0.8+10-b944.6842174, mixed mode, tiered, compressed oops, g1 gc, windows-amd64)
Heap:
 garbage-first heap   total 131072K, used 77859K [0x00000000c0000000, 0x0000000100000000)
  region size 1024K, 13 young (13312K), 5 survivors (5120K)
 Metaspace       used 60031K, capacity 61637K, committed 61948K, reserved 1103872K
  class space    used 7655K, capacity 8199K, committed 8320K, reserved 1048576K
GC Heap History (20 events):
Event: 5.623 GC heap before
{Heap before GC invocations=4 (full 0):
 garbage-first heap   total 131072K, used 61429K [0x00000000c0000000, 0x0000000100000000)
  region size 1024K, 46 young (47104K), 1 survivors (1024K)
 Metaspace       used 25862K, capacity 26513K, committed 26672K, reserved 1073152K
  class space    used 3367K, capacity 3594K, committed 3712K, reserved 1048576K
}
Event: 5.628 GC heap after
{Heap after GC invocations=5 (full 0):
 garbage-first heap   total 131072K, used 18151K [0x00000000c0000000, 0x0000000100000000)
  region size 1024K, 3 young (3072K), 3 survivors (3072K)
 Metaspace       used 25862K, capacity 26513K, committed 26672K, reserved 1073152K
  class space    used 3367K, capacity 3594K, committed 3712K, reserved 1048576K
}
Event: 6.534 GC heap before
{Heap before GC invocations=5 (full 0):
 garbage-first heap   total 131072K, used 78567K [0x00000000c0000000, 0x0000000100000000)
  region size 1024K, 53 young (54272K), 3 survivors (3072K)
 Metaspace       used 31601K, capacity 32345K, committed 32560K, reserved 1077248K
  class space    used 4202K, capacity 4472K, committed 4480K, reserved 1048576K
}
Event: 6.539 GC heap after
{Heap after GC invocations=6 (full 0):
 garbage-first heap   total 131072K, used 32426K [0x00000000c0000000, 0x0000000100000000)
  region size 1024K, 7 young (7168K), 7 survivors (7168K)
 Metaspace       used 31601K, capacity 32345K, committed 32560K, reserved 1077248K
  class space    used 4202K, capacity 4472K, committed 4480K, reserved 1048576K
}
Event: 6.796 GC heap before
{Heap before GC invocations=6 (full 0):
 garbage-first heap   total 131072K, used 39594K [0x00000000c0000000, 0x0000000100000000)
  region size 1024K, 16 young (16384K), 7 survivors (7168K)
 Metaspace       used 34868K, capacity 35620K, committed 35708K, reserved 1081344K
  class space    used 4527K, capacity 4797K, committed 4864K, reserved 1048576K
}
Event: 6.807 GC heap after
{Heap after GC invocations=7 (full 0):
 garbage-first heap   total 131072K, used 34179K [0x00000000c0000000, 0x0000000100000000)
  region size 1024K, 2 young (2048K), 2 survivors (2048K)
 Metaspace       used 34868K, capacity 35620K, committed 35708K, reserved 1081344K
  class space    used 4527K, capacity 4797K, committed 4864K, reserved 1048576K
}
Event: 7.823 GC heap before
{Heap before GC invocations=8 (full 0):
 garbage-first heap   total 131072K, used 74115K [0x00000000c0000000, 0x0000000100000000)
  region size 1024K, 39 young (39936K), 2 survivors (2048K)
 Metaspace       used 39643K, capacity 40496K, committed 40700K, reserved 1085440K
  class space    used 5082K, capacity 5424K, committed 5504K, reserved 1048576K
}
Event: 7.829 GC heap after
{Heap after GC invocations=9 (full 0):
 garbage-first heap   total 131072K, used 35842K [0x00000000c0000000, 0x0000000100000000)
  region size 1024K, 4 young (4096K), 4 survivors (4096K)
 Metaspace       used 39643K, capacity 40496K, committed 40700K, reserved 1085440K
  class space    used 5082K, capacity 5424K, committed 5504K, reserved 1048576K
}
Event: 8.945 GC heap before
{Heap before GC invocations=9 (full 0):
 garbage-first heap   total 131072K, used 83970K [0x00000000c0000000, 0x0000000100000000)
  region size 1024K, 44 young (45056K), 4 survivors (4096K)
 Metaspace       used 42814K, capacity 43906K, committed 44156K, reserved 1087488K
  class space    used 5438K, capacity 5804K, committed 5888K, reserved 1048576K
}
Event: 8.954 GC heap after
{Heap after GC invocations=10 (full 0):
 garbage-first heap   total 131072K, used 47448K [0x00000000c0000000, 0x0000000100000000)
  region size 1024K, 6 young (6144K), 6 survivors (6144K)
 Metaspace       used 42814K, capacity 43906K, committed 44156K, reserved 1087488K
  class space    used 5438K, capacity 5804K, committed 5888K, reserved 1048576K
}
Event: 9.713 GC heap before
{Heap before GC invocations=10 (full 0):
 garbage-first heap   total 131072K, used 86360K [0x00000000c0000000, 0x0000000100000000)
  region size 1024K, 44 young (45056K), 6 survivors (6144K)
 Metaspace       used 45067K, capacity 46376K, committed 46588K, reserved 1089536K
  class space    used 5805K, capacity 6201K, committed 6272K, reserved 1048576K
}
Event: 9.725 GC heap after
{Heap after GC invocations=11 (full 0):
 garbage-first heap   total 131072K, used 50529K [0x00000000c0000000, 0x0000000100000000)
  region size 1024K, 3 young (3072K), 3 survivors (3072K)
 Metaspace       used 45067K, capacity 46376K, committed 46588K, reserved 1089536K
  class space    used 5805K, capacity 6201K, committed 6272K, reserved 1048576K
}
Event: 10.848 GC heap before
{Heap before GC invocations=11 (full 0):
 garbage-first heap   total 131072K, used 89441K [0x00000000c0000000, 0x0000000100000000)
  region size 1024K, 41 young (41984K), 3 survivors (3072K)
 Metaspace       used 47029K, capacity 48335K, committed 48636K, reserved 1091584K
  class space    used 6027K, capacity 6463K, committed 6528K, reserved 1048576K
}
Event: 10.854 GC heap after
{Heap after GC invocations=12 (full 0):
 garbage-first heap   total 131072K, used 52249K [0x00000000c0000000, 0x0000000100000000)
  region size 1024K, 5 young (5120K), 5 survivors (5120K)
 Metaspace       used 47029K, capacity 48335K, committed 48636K, reserved 1091584K
  class space    used 6027K, capacity 6463K, committed 6528K, reserved 1048576K
}
Event: 11.811 GC heap before
{Heap before GC invocations=12 (full 0):
 garbage-first heap   total 131072K, used 98329K [0x00000000c0000000, 0x0000000100000000)
  region size 1024K, 44 young (45056K), 5 survivors (5120K)
 Metaspace       used 51029K, capacity 52512K, committed 52732K, reserved 1095680K
  class space    used 6497K, capacity 6958K, committed 7040K, reserved 1048576K
}
Event: 11.819 GC heap after
{Heap after GC invocations=13 (full 0):
 garbage-first heap   total 131072K, used 66732K [0x00000000c0000000, 0x0000000100000000)
  region size 1024K, 6 young (6144K), 6 survivors (6144K)
 Metaspace       used 51029K, capacity 52512K, committed 52732K, reserved 1095680K
  class space    used 6497K, capacity 6958K, committed 7040K, reserved 1048576K
}
Event: 12.598 GC heap before
{Heap before GC invocations=13 (full 0):
 garbage-first heap   total 131072K, used 99500K [0x00000000c0000000, 0x0000000100000000)
  region size 1024K, 38 young (38912K), 6 survivors (6144K)
 Metaspace       used 55274K, capacity 56777K, committed 56828K, reserved 1099776K
  class space    used 7042K, capacity 7546K, committed 7552K, reserved 1048576K
}
Event: 12.606 GC heap after
{Heap after GC invocations=14 (full 0):
 garbage-first heap   total 131072K, used 67943K [0x00000000c0000000, 0x0000000100000000)
  region size 1024K, 2 young (2048K), 2 survivors (2048K)
 Metaspace       used 55274K, capacity 56777K, committed 56828K, reserved 1099776K
  class space    used 7042K, capacity 7546K, committed 7552K, reserved 1048576K
}
Event: 13.213 GC heap before
{Heap before GC invocations=15 (full 0):
 garbage-first heap   total 131072K, used 101735K [0x00000000c0000000, 0x0000000100000000)
  region size 1024K, 35 young (35840K), 2 survivors (2048K)
 Metaspace       used 59243K, capacity 60864K, committed 61052K, reserved 1101824K
  class space    used 7573K, capacity 8092K, committed 8192K, reserved 1048576K
}
Event: 13.220 GC heap after
{Heap after GC invocations=16 (full 0):
 garbage-first heap   total 131072K, used 70691K [0x00000000c0000000, 0x0000000100000000)
  region size 1024K, 5 young (5120K), 5 survivors (5120K)
 Metaspace       used 59243K, capacity 60864K, committed 61052K, reserved 1101824K
  class space    used 7573K, capacity 8092K, committed 8192K, reserved 1048576K
}

