# JRE version: OpenJDK Runtime Environment (11.0.8+10) (build 11.0.8+10-b944.6842174)
# Java VM: OpenJDK 64-Bit Server VM (11.0.8+10-b944.6842174, mixed mode, tiered, compressed oops, g1 gc, windows-amd64)
Heap:
 garbage-first heap   total 227328K, used 89763K [0x0000000080000000, 0x0000000100000000)
  region size 1024K, 4 young (4096K), 4 survivors (4096K)
 Metaspace       used 86439K, capacity 88393K, committed 88832K, reserved 1126400K
  class space    used 10890K, capacity 11581K, committed 11776K, reserved 1048576K
GC Heap History (20 events):
Event: 12.454 GC heap after
{Heap after GC invocations=15 (full 0):
 garbage-first heap   total 157696K, used 55936K [0x0000000080000000, 0x0000000100000000)
  region size 1024K, 4 young (4096K), 4 survivors (4096K)
 Metaspace       used 66855K, capacity 68298K, committed 68352K, reserved 1107968K
  class space    used 8655K, capacity 9194K, committed 9216K, reserved 1048576K
}
Event: 13.285 GC heap before
{Heap before GC invocations=15 (full 0):
 garbage-first heap   total 157696K, used 113280K [0x0000000080000000, 0x0000000100000000)
  region size 1024K, 60 young (61440K), 4 survivors (4096K)
 Metaspace       used 72044K, capacity 73686K, committed 73856K, reserved 1114112K
  class space    used 9452K, capacity 10031K, committed 10112K, reserved 1048576K
}
Event: 13.293 GC heap after
{Heap after GC invocations=16 (full 0):
 garbage-first heap   total 157696K, used 59125K [0x0000000080000000, 0x0000000100000000)
  region size 1024K, 7 young (7168K), 7 survivors (7168K)
 Metaspace       used 72044K, capacity 73686K, committed 73856K, reserved 1114112K
  class space    used 9452K, capacity 10031K, committed 10112K, reserved 1048576K
}
Event: 14.542 GC heap before
{Heap before GC invocations=16 (full 0):
 garbage-first heap   total 157696K, used 116469K [0x0000000080000000, 0x0000000100000000)
  region size 1024K, 63 young (64512K), 7 survivors (7168K)
 Metaspace       used 78294K, capacity 80229K, committed 80384K, reserved 1118208K
  class space    used 10266K, capacity 10946K, committed 11008K, reserved 1048576K
}
Event: 14.553 GC heap after
{Heap after GC invocations=17 (full 0):
 garbage-first heap   total 157696K, used 63717K [0x0000000080000000, 0x0000000100000000)
  region size 1024K, 8 young (8192K), 8 survivors (8192K)
 Metaspace       used 78294K, capacity 80229K, committed 80384K, reserved 1118208K
  class space    used 10266K, capacity 10946K, committed 11008K, reserved 1048576K
}
Event: 15.549 GC heap before
{Heap before GC invocations=17 (full 0):
 garbage-first heap   total 157696K, used 120037K [0x0000000080000000, 0x0000000100000000)
  region size 1024K, 64 young (65536K), 8 survivors (8192K)
 Metaspace       used 79999K, capacity 82045K, committed 82176K, reserved 1120256K
  class space    used 10428K, capacity 11149K, committed 11264K, reserved 1048576K
}
Event: 15.559 GC heap after
{Heap after GC invocations=18 (full 0):
 garbage-first heap   total 157696K, used 66541K [0x0000000080000000, 0x0000000100000000)
  region size 1024K, 4 young (4096K), 4 survivors (4096K)
 Metaspace       used 79999K, capacity 82045K, committed 82176K, reserved 1120256K
  class space    used 10428K, capacity 11149K, committed 11264K, reserved 1048576K
}
Event: 16.375 GC heap before
{Heap before GC invocations=18 (full 0):
 garbage-first heap   total 157696K, used 121837K [0x0000000080000000, 0x0000000100000000)
  region size 1024K, 59 young (60416K), 4 survivors (4096K)
 Metaspace       used 80355K, capacity 82377K, committed 82688K, reserved 1120256K
  class space    used 10429K, capacity 11149K, committed 11264K, reserved 1048576K
}
Event: 16.384 GC heap after
{Heap after GC invocations=19 (full 0):
 garbage-first heap   total 157696K, used 72704K [0x0000000080000000, 0x0000000100000000)
  region size 1024K, 8 young (8192K), 8 survivors (8192K)
 Metaspace       used 80355K, capacity 82377K, committed 82688K, reserved 1120256K
  class space    used 10429K, capacity 11149K, committed 11264K, reserved 1048576K
}
Event: 16.878 GC heap before
{Heap before GC invocations=19 (full 0):
 garbage-first heap   total 157696K, used 126976K [0x0000000080000000, 0x0000000100000000)
  region size 1024K, 59 young (60416K), 8 survivors (8192K)
 Metaspace       used 80658K, capacity 82680K, committed 82944K, reserved 1120256K
  class space    used 10448K, capacity 11186K, committed 11264K, reserved 1048576K
}
Event: 16.894 GC heap after
{Heap after GC invocations=20 (full 0):
 garbage-first heap   total 157696K, used 84018K [0x0000000080000000, 0x0000000100000000)
  region size 1024K, 8 young (8192K), 8 survivors (8192K)
 Metaspace       used 80658K, capacity 82680K, committed 82944K, reserved 1120256K
  class space    used 10448K, capacity 11186K, committed 11264K, reserved 1048576K
}
Event: 17.052 GC heap before
{Heap before GC invocations=20 (full 0):
 garbage-first heap   total 157696K, used 95282K [0x0000000080000000, 0x0000000100000000)
  region size 1024K, 21 young (21504K), 8 survivors (8192K)
 Metaspace       used 81134K, capacity 83216K, committed 83456K, reserved 1122304K
  class space    used 10496K, capacity 11238K, committed 11264K, reserved 1048576K
}
Event: 17.064 GC heap after
{Heap after GC invocations=21 (full 0):
 garbage-first heap   total 189440K, used 87215K [0x0000000080000000, 0x0000000100000000)
  region size 1024K, 3 young (3072K), 3 survivors (3072K)
 Metaspace       used 81134K, capacity 83216K, committed 83456K, reserved 1122304K
  class space    used 10496K, capacity 11238K, committed 11264K, reserved 1048576K
}
Event: 17.795 GC heap before
{Heap before GC invocations=22 (full 0):
 garbage-first heap   total 189440K, used 125103K [0x0000000080000000, 0x0000000100000000)
  region size 1024K, 33 young (33792K), 3 survivors (3072K)
 Metaspace       used 81051K, capacity 83002K, committed 83456K, reserved 1122304K
  class space    used 10449K, capacity 11145K, committed 11264K, reserved 1048576K
}
Event: 17.808 GC heap after
{Heap after GC invocations=23 (full 0):
 garbage-first heap   total 189440K, used 92753K [0x0000000080000000, 0x0000000100000000)
  region size 1024K, 6 young (6144K), 6 survivors (6144K)
 Metaspace       used 81051K, capacity 83002K, committed 83456K, reserved 1122304K
  class space    used 10449K, capacity 11145K, committed 11264K, reserved 1048576K
}
Event: 18.325 GC heap before
{Heap before GC invocations=24 (full 0):
 garbage-first heap   total 189440K, used 148049K [0x0000000080000000, 0x0000000100000000)
  region size 1024K, 46 young (47104K), 6 survivors (6144K)
 Metaspace       used 84388K, capacity 86397K, committed 86784K, reserved 1124352K
  class space    used 10721K, capacity 11412K, committed 11520K, reserved 1048576K
}
Event: 18.339 GC heap after
{Heap after GC invocations=25 (full 0):
 garbage-first heap   total 189440K, used 97478K [0x0000000080000000, 0x0000000100000000)
  region size 1024K, 5 young (5120K), 5 survivors (5120K)
 Metaspace       used 84388K, capacity 86397K, committed 86784K, reserved 1124352K
  class space    used 10721K, capacity 11412K, committed 11520K, reserved 1048576K
}
Event: 18.581 GC heap before
{Heap before GC invocations=25 (full 0):
 garbage-first heap   total 189440K, used 137414K [0x0000000080000000, 0x0000000100000000)
  region size 1024K, 45 young (46080K), 5 survivors (5120K)
 Metaspace       used 85236K, capacity 87242K, committed 87680K, reserved 1126400K
  class space    used 10775K, capacity 11478K, committed 11648K, reserved 1048576K
}
Event: 18.596 GC heap after
{Heap after GC invocations=26 (full 0):
 garbage-first heap   total 189440K, used 97862K [0x0000000080000000, 0x0000000100000000)
  region size 1024K, 2 young (2048K), 2 survivors (2048K)
 Metaspace       used 85236K, capacity 87242K, committed 87680K, reserved 1126400K
  class space    used 10775K, capacity 11478K, committed 11648K, reserved 1048576K
}
Event: 18.966 GC heap before
{Heap before GC invocations=27 (full 0):
 garbage-first heap   total 189440K, used 130630K [0x0000000080000000, 0x0000000100000000)
  region size 1024K, 44 young (45056K), 2 survivors (2048K)
 Metaspace       used 86439K, capacity 88393K, committed 88832K, reserved 1126400K
  class space    used 10890K, capacity 11581K, committed 11776K, reserved 1048576K
}

