# JRE version: OpenJDK Runtime Environment (11.0.8+10) (build 11.0.8+10-b944.6842174)
# Java VM: OpenJDK 64-Bit Server VM (11.0.8+10-b944.6842174, mixed mode, tiered, compressed oops, g1 gc, windows-amd64)
Heap:
 garbage-first heap   total 157696K, used 48513K [0x0000000080000000, 0x0000000100000000)
  region size 1024K, 6 young (6144K), 6 survivors (6144K)
 Metaspace       used 58623K, capacity 60025K, committed 60160K, reserved 1101824K
  class space    used 7451K, capacity 7978K, committed 8064K, reserved 1048576K
GC Heap History (19 events):
Event: 1.202 GC heap before
{Heap before GC invocations=0 (full 0):
 garbage-first heap   total 131072K, used 29696K [0x0000000080000000, 0x0000000100000000)
  region size 1024K, 24 young (24576K), 0 survivors (0K)
 Metaspace       used 10461K, capacity 10677K, committed 11008K, reserved 1058816K
  class space    used 1097K, capacity 1195K, committed 1280K, reserved 1048576K
}
Event: 1.210 GC heap after
{Heap after GC invocations=1 (full 0):
 garbage-first heap   total 131072K, used 8761K [0x0000000080000000, 0x0000000100000000)
  region size 1024K, 3 young (3072K), 3 survivors (3072K)
 Metaspace       used 10461K, capacity 10677K, committed 11008K, reserved 1058816K
  class space    used 1097K, capacity 1195K, committed 1280K, reserved 1048576K
}
Event: 4.398 GC heap before
{Heap before GC invocations=1 (full 0):
 garbage-first heap   total 131072K, used 82489K [0x0000000080000000, 0x0000000100000000)
  region size 1024K, 76 young (77824K), 3 survivors (3072K)
 Metaspace       used 18921K, capacity 19378K, committed 19584K, reserved 1067008K
  class space    used 2285K, capacity 2426K, committed 2432K, reserved 1048576K
}
Event: 4.409 GC heap after
{Heap after GC invocations=2 (full 0):
 garbage-first heap   total 131072K, used 15362K [0x0000000080000000, 0x0000000100000000)
  region size 1024K, 10 young (10240K), 10 survivors (10240K)
 Metaspace       used 18921K, capacity 19378K, committed 19584K, reserved 1067008K
  class space    used 2285K, capacity 2426K, committed 2432K, reserved 1048576K
}
Event: 4.778 GC heap before
{Heap before GC invocations=2 (full 0):
 garbage-first heap   total 131072K, used 27650K [0x0000000080000000, 0x0000000100000000)
  region size 1024K, 23 young (23552K), 10 survivors (10240K)
 Metaspace       used 20606K, capacity 21115K, committed 21248K, reserved 1067008K
  class space    used 2528K, capacity 2712K, committed 2816K, reserved 1048576K
}
Event: 4.802 GC heap after
{Heap after GC invocations=3 (full 0):
 garbage-first heap   total 131072K, used 16199K [0x0000000080000000, 0x0000000100000000)
  region size 1024K, 1 young (1024K), 1 survivors (1024K)
 Metaspace       used 20606K, capacity 21115K, committed 21248K, reserved 1067008K
  class space    used 2528K, capacity 2712K, committed 2816K, reserved 1048576K
}
Event: 5.674 GC heap before
{Heap before GC invocations=4 (full 0):
 garbage-first heap   total 131072K, used 72519K [0x0000000080000000, 0x0000000100000000)
  region size 1024K, 56 young (57344K), 1 survivors (1024K)
 Metaspace       used 26754K, capacity 27411K, committed 27648K, reserved 1073152K
  class space    used 3516K, capacity 3752K, committed 3840K, reserved 1048576K
}
Event: 5.679 GC heap after
{Heap after GC invocations=5 (full 0):
 garbage-first heap   total 131072K, used 18001K [0x0000000080000000, 0x0000000100000000)
  region size 1024K, 3 young (3072K), 3 survivors (3072K)
 Metaspace       used 26754K, capacity 27411K, committed 27648K, reserved 1073152K
  class space    used 3516K, capacity 3752K, committed 3840K, reserved 1048576K
}
Event: 6.448 GC heap before
{Heap before GC invocations=5 (full 0):
 garbage-first heap   total 131072K, used 58961K [0x0000000080000000, 0x0000000100000000)
  region size 1024K, 45 young (46080K), 3 survivors (3072K)
 Metaspace       used 35057K, capacity 35737K, committed 35840K, reserved 1081344K
  class space    used 4559K, capacity 4824K, committed 4864K, reserved 1048576K
}
Event: 6.469 GC heap after
{Heap after GC invocations=6 (full 0):
 garbage-first heap   total 131072K, used 21156K [0x0000000080000000, 0x0000000100000000)
  region size 1024K, 6 young (6144K), 6 survivors (6144K)
 Metaspace       used 35057K, capacity 35737K, committed 35840K, reserved 1081344K
  class space    used 4559K, capacity 4824K, committed 4864K, reserved 1048576K
}
Event: 7.420 GC heap before
{Heap before GC invocations=7 (full 0):
 garbage-first heap   total 131072K, used 86692K [0x0000000080000000, 0x0000000100000000)
  region size 1024K, 67 young (68608K), 6 survivors (6144K)
 Metaspace       used 40925K, capacity 41798K, committed 41984K, reserved 1085440K
  class space    used 5229K, capacity 5536K, committed 5632K, reserved 1048576K
}
Event: 7.430 GC heap after
{Heap after GC invocations=8 (full 0):
 garbage-first heap   total 131072K, used 24844K [0x0000000080000000, 0x0000000100000000)
  region size 1024K, 7 young (7168K), 7 survivors (7168K)
 Metaspace       used 40925K, capacity 41798K, committed 41984K, reserved 1085440K
  class space    used 5229K, capacity 5536K, committed 5632K, reserved 1048576K
}
Event: 8.292 GC heap before
{Heap before GC invocations=8 (full 0):
 garbage-first heap   total 131072K, used 88332K [0x0000000080000000, 0x0000000100000000)
  region size 1024K, 69 young (70656K), 7 survivors (7168K)
 Metaspace       used 44433K, capacity 45468K, committed 45568K, reserved 1089536K
  class space    used 5702K, capacity 6081K, committed 6144K, reserved 1048576K
}
Event: 8.300 GC heap after
{Heap after GC invocations=9 (full 0):
 garbage-first heap   total 131072K, used 27293K [0x0000000080000000, 0x0000000100000000)
  region size 1024K, 7 young (7168K), 7 survivors (7168K)
 Metaspace       used 44433K, capacity 45468K, committed 45568K, reserved 1089536K
  class space    used 5702K, capacity 6081K, committed 6144K, reserved 1048576K
}
Event: 9.239 GC heap before
{Heap before GC invocations=9 (full 0):
 garbage-first heap   total 131072K, used 96925K [0x0000000080000000, 0x0000000100000000)
  region size 1024K, 69 young (70656K), 7 survivors (7168K)
 Metaspace       used 50123K, capacity 51307K, committed 51456K, reserved 1093632K
  class space    used 6382K, capacity 6798K, committed 6912K, reserved 1048576K
}
Event: 9.248 GC heap after
{Heap after GC invocations=10 (full 0):
 garbage-first heap   total 131072K, used 42191K [0x0000000080000000, 0x0000000100000000)
  region size 1024K, 9 young (9216K), 9 survivors (9216K)
 Metaspace       used 50123K, capacity 51307K, committed 51456K, reserved 1093632K
  class space    used 6382K, capacity 6798K, committed 6912K, reserved 1048576K
}
Event: 10.138 GC heap before
{Heap before GC invocations=10 (full 0):
 garbage-first heap   total 131072K, used 96463K [0x0000000080000000, 0x0000000100000000)
  region size 1024K, 62 young (63488K), 9 survivors (9216K)
 Metaspace       used 57113K, capacity 58512K, committed 58752K, reserved 1099776K
  class space    used 7287K, capacity 7801K, committed 7808K, reserved 1048576K
}
Event: 10.149 GC heap after
{Heap after GC invocations=11 (full 0):
 garbage-first heap   total 131072K, used 46688K [0x0000000080000000, 0x0000000100000000)
  region size 1024K, 4 young (4096K), 4 survivors (4096K)
 Metaspace       used 57113K, capacity 58512K, committed 58752K, reserved 1099776K
  class space    used 7287K, capacity 7801K, committed 7808K, reserved 1048576K
}
Event: 10.422 GC heap before
{Heap before GC invocations=11 (full 0):
 garbage-first heap   total 131072K, used 62048K [0x0000000080000000, 0x0000000100000000)
  region size 1024K, 20 young (20480K), 4 survivors (4096K)
 Metaspace       used 58623K, capacity 60025K, committed 60160K, reserved 1101824K
  class space    used 7451K, capacity 7978K, committed 8064K, reserved 1048576K
}

